2025-12-01 17:31:24 | MainThread   | INFO     | ============================================================
2025-12-01 17:31:24 | MainThread   | INFO     | 开始多进程模拟处理
2025-12-01 17:31:24 | MainThread   | INFO     | 可用CPU核心数: 24
2025-12-01 17:31:24 | MainThread   | INFO     | 使用进程数: 24
2025-12-01 17:31:24 | MainThread   | INFO     | 提示: 使用 Ctrl+C 可以优雅退出程序
2025-12-01 17:31:24 | MainThread   | INFO     | ============================================================
2025-12-01 17:31:24 | MainThread   | INFO     | 输出目录已存在，正在删除 simulation_results 及其所有子目录...
2025-12-01 17:31:24 | MainThread   | INFO     | 删除完成
2025-12-01 17:31:24 | MainThread   | INFO     | 总共生成 390 个参数组合
2025-12-01 17:31:24 | MainThread   | INFO     | 开始处理 390 个任务
2025-12-01 17:31:34 | MainThread   | INFO     | 进度: 1/390 - 完成: Case completed: target=0.027999999999999997, indenter_x=0.0
2025-12-01 17:31:34 | MainThread   | INFO     | 进度: 2/390 - 完成: Case completed: target=0.027999999999999997, indenter_x=0.002
2025-12-01 17:31:34 | MainThread   | INFO     | 进度: 3/390 - 完成: Case completed: target=0.027999999999999997, indenter_x=0.004
2025-12-01 17:31:34 | MainThread   | INFO     | 进度: 4/390 - 完成: Case completed: target=0.027999999999999997, indenter_x=0.006
2025-12-01 17:31:34 | MainThread   | INFO     | 进度: 5/390 - 完成: Case completed: target=0.027999999999999997, indenter_x=0.008
2025-12-01 17:31:34 | MainThread   | INFO     | 进度: 6/390 - 完成: Case completed: target=0.027999999999999997, indenter_x=0.01
2025-12-01 17:31:34 | MainThread   | INFO     | 进度: 7/390 - 完成: Case completed: target=0.027999999999999997, indenter_x=0.012
2025-12-01 17:31:34 | MainThread   | INFO     | 进度: 8/390 - 完成: Case completed: target=0.027999999999999997, indenter_x=0.014
2025-12-01 17:31:34 | MainThread   | INFO     | 进度: 9/390 - 完成: Case completed: target=0.027999999999999997, indenter_x=0.016
2025-12-01 17:31:34 | MainThread   | INFO     | 进度: 10/390 - 完成: Case completed: target=0.027999999999999997, indenter_x=0.018
2025-12-01 17:31:34 | MainThread   | INFO     | 进度报告: 已完成 10/390 (2.6%) - 预计剩余时间: 6.1分钟
2025-12-01 17:31:35 | MainThread   | INFO     | 系统状态: CPU使用率 100.0%, 内存使用率 9.3%
2025-12-01 17:31:35 | MainThread   | INFO     | 进度: 11/390 - 完成: Case completed: target=0.027999999999999997, indenter_x=0.02
2025-12-01 17:31:35 | MainThread   | INFO     | 进度: 12/390 - 完成: Case completed: target=0.027999999999999997, indenter_x=0.022
2025-12-01 17:31:35 | MainThread   | INFO     | 进度: 13/390 - 完成: Case completed: target=0.027999999999999997, indenter_x=0.024
2025-12-01 17:31:35 | MainThread   | INFO     | 进度: 14/390 - 完成: Case completed: target=0.027999999999999997, indenter_x=0.026
2025-12-01 17:31:35 | MainThread   | INFO     | 进度: 15/390 - 完成: Case completed: target=0.027999999999999997, indenter_x=0.028
2025-12-01 17:31:35 | MainThread   | INFO     | 进度: 16/390 - 完成: Case completed: target=0.027999999999999997, indenter_x=0.03
2025-12-01 17:31:35 | MainThread   | INFO     | 进度: 17/390 - 完成: Case completed: target=0.027999999999999997, indenter_x=0.032
2025-12-01 17:31:35 | MainThread   | INFO     | 进度: 18/390 - 完成: Case completed: target=0.027999999999999997, indenter_x=0.034
2025-12-01 17:31:35 | MainThread   | INFO     | 进度: 19/390 - 完成: Case completed: target=0.027999999999999997, indenter_x=0.036
2025-12-01 17:31:35 | MainThread   | INFO     | 进度: 20/390 - 完成: Case completed: target=0.027999999999999997, indenter_x=0.038
2025-12-01 17:31:35 | MainThread   | INFO     | 进度报告: 已完成 20/390 (5.1%) - 预计剩余时间: 3.3分钟
2025-12-01 17:31:36 | MainThread   | INFO     | 系统状态: CPU使用率 100.0%, 内存使用率 9.6%
2025-12-01 17:31:36 | MainThread   | INFO     | 进度: 21/390 - 完成: Case completed: target=0.027999999999999997, indenter_x=0.04
2025-12-01 17:31:36 | MainThread   | INFO     | 进度: 22/390 - 完成: Case completed: target=0.027999999999999997, indenter_x=0.042
2025-12-01 17:31:36 | MainThread   | INFO     | 进度: 23/390 - 完成: Case completed: target=0.027999999999999997, indenter_x=0.044
2025-12-01 17:31:36 | MainThread   | INFO     | 进度: 24/390 - 完成: Case completed: target=0.027999999999999997, indenter_x=0.046
2025-12-01 17:31:43 | MainThread   | INFO     | 进度: 25/390 - 完成: Case completed: target=0.027999999999999997, indenter_x=0.048
2025-12-01 17:31:43 | MainThread   | INFO     | 进度: 26/390 - 完成: Case completed: target=0.027999999999999997, indenter_x=0.05
2025-12-01 17:31:44 | MainThread   | INFO     | 进度: 27/390 - 完成: Case completed: target=0.027, indenter_x=0.0
2025-12-01 17:31:44 | MainThread   | INFO     | 进度: 28/390 - 完成: Case completed: target=0.027, indenter_x=0.002
2025-12-01 17:31:44 | MainThread   | INFO     | 进度: 29/390 - 完成: Case completed: target=0.027, indenter_x=0.004
2025-12-01 17:31:44 | MainThread   | INFO     | 进度: 30/390 - 完成: Case completed: target=0.027, indenter_x=0.006
2025-12-01 17:31:44 | MainThread   | INFO     | 进度报告: 已完成 30/390 (7.7%) - 预计剩余时间: 3.9分钟
2025-12-01 17:31:45 | MainThread   | INFO     | 系统状态: CPU使用率 100.0%, 内存使用率 9.3%
2025-12-01 17:31:45 | MainThread   | INFO     | 进度: 31/390 - 完成: Case completed: target=0.027, indenter_x=0.008
2025-12-01 17:31:45 | MainThread   | INFO     | 进度: 32/390 - 完成: Case completed: target=0.027, indenter_x=0.01
2025-12-01 17:31:45 | MainThread   | INFO     | 进度: 33/390 - 完成: Case completed: target=0.027, indenter_x=0.012
2025-12-01 17:31:45 | MainThread   | INFO     | 进度: 34/390 - 完成: Case completed: target=0.027, indenter_x=0.014
2025-12-01 17:31:45 | MainThread   | INFO     | 进度: 35/390 - 完成: Case completed: target=0.027, indenter_x=0.016
2025-12-01 17:31:45 | MainThread   | INFO     | 进度: 36/390 - 完成: Case completed: target=0.027, indenter_x=0.018
2025-12-01 17:31:45 | MainThread   | INFO     | 进度: 37/390 - 完成: Case completed: target=0.027, indenter_x=0.02
2025-12-01 17:31:45 | MainThread   | INFO     | 进度: 38/390 - 完成: Case completed: target=0.027, indenter_x=0.022
2025-12-01 17:31:45 | MainThread   | INFO     | 进度: 39/390 - 完成: Case completed: target=0.027, indenter_x=0.024
2025-12-01 17:31:45 | MainThread   | INFO     | 进度: 40/390 - 完成: Case completed: target=0.027, indenter_x=0.026
2025-12-01 17:31:45 | MainThread   | INFO     | 进度报告: 已完成 40/390 (10.3%) - 预计剩余时间: 3.0分钟
2025-12-01 17:31:46 | MainThread   | INFO     | 系统状态: CPU使用率 100.0%, 内存使用率 9.6%
2025-12-01 17:31:46 | MainThread   | INFO     | 进度: 41/390 - 完成: Case completed: target=0.027, indenter_x=0.028
2025-12-01 17:31:46 | MainThread   | INFO     | 进度: 42/390 - 完成: Case completed: target=0.027, indenter_x=0.03
2025-12-01 17:31:46 | MainThread   | INFO     | 进度: 43/390 - 完成: Case completed: target=0.027, indenter_x=0.032
2025-12-01 17:31:46 | MainThread   | INFO     | 进度: 44/390 - 完成: Case completed: target=0.027, indenter_x=0.034
2025-12-01 17:31:46 | MainThread   | INFO     | 进度: 45/390 - 完成: Case completed: target=0.027, indenter_x=0.036
2025-12-01 17:31:46 | MainThread   | INFO     | 进度: 46/390 - 完成: Case completed: target=0.027, indenter_x=0.038
2025-12-01 17:31:46 | MainThread   | INFO     | 进度: 47/390 - 完成: Case completed: target=0.027, indenter_x=0.04
2025-12-01 17:31:46 | MainThread   | INFO     | 进度: 48/390 - 完成: Case completed: target=0.027, indenter_x=0.042
2025-12-01 17:31:53 | MainThread   | INFO     | 进度: 49/390 - 完成: Case completed: target=0.027, indenter_x=0.044
2025-12-01 17:31:53 | MainThread   | INFO     | 进度: 50/390 - 完成: Case completed: target=0.027, indenter_x=0.046
2025-12-01 17:31:53 | MainThread   | INFO     | 进度报告: 已完成 50/390 (12.8%) - 预计剩余时间: 3.2分钟
2025-12-01 17:31:54 | MainThread   | INFO     | 系统状态: CPU使用率 100.0%, 内存使用率 9.6%
2025-12-01 17:31:54 | MainThread   | INFO     | 进度: 51/390 - 完成: Case completed: target=0.027, indenter_x=0.048
2025-12-01 17:31:54 | MainThread   | INFO     | 进度: 52/390 - 完成: Case completed: target=0.027, indenter_x=0.05
2025-12-01 17:31:55 | MainThread   | INFO     | 进度: 53/390 - 完成: Case completed: target=0.026, indenter_x=0.0
2025-12-01 17:31:55 | MainThread   | INFO     | 进度: 54/390 - 完成: Case completed: target=0.026, indenter_x=0.002
2025-12-01 17:31:55 | MainThread   | INFO     | 进度: 55/390 - 完成: Case completed: target=0.026, indenter_x=0.004
2025-12-01 17:31:55 | MainThread   | INFO     | 进度: 56/390 - 完成: Case completed: target=0.026, indenter_x=0.006
2025-12-01 17:31:55 | MainThread   | INFO     | 进度: 57/390 - 完成: Case completed: target=0.026, indenter_x=0.008
2025-12-01 17:31:55 | MainThread   | INFO     | 进度: 58/390 - 完成: Case completed: target=0.026, indenter_x=0.01
2025-12-01 17:31:55 | MainThread   | INFO     | 进度: 59/390 - 完成: Case completed: target=0.026, indenter_x=0.012
2025-12-01 17:31:55 | MainThread   | INFO     | 进度: 60/390 - 完成: Case completed: target=0.026, indenter_x=0.014
2025-12-01 17:31:55 | MainThread   | INFO     | 进度报告: 已完成 60/390 (15.4%) - 预计剩余时间: 2.8分钟
2025-12-01 17:31:56 | MainThread   | INFO     | 系统状态: CPU使用率 100.0%, 内存使用率 9.4%
2025-12-01 17:31:56 | MainThread   | INFO     | 进度: 61/390 - 完成: Case completed: target=0.026, indenter_x=0.016
2025-12-01 17:31:56 | MainThread   | INFO     | 进度: 62/390 - 完成: Case completed: target=0.026, indenter_x=0.018
2025-12-01 17:31:56 | MainThread   | INFO     | 进度: 63/390 - 完成: Case completed: target=0.026, indenter_x=0.02
2025-12-01 17:31:56 | MainThread   | INFO     | 进度: 64/390 - 完成: Case completed: target=0.026, indenter_x=0.022
2025-12-01 17:31:56 | MainThread   | INFO     | 进度: 65/390 - 完成: Case completed: target=0.026, indenter_x=0.024
2025-12-01 17:31:56 | MainThread   | INFO     | 进度: 66/390 - 完成: Case completed: target=0.026, indenter_x=0.026
2025-12-01 17:31:56 | MainThread   | INFO     | 进度: 67/390 - 完成: Case completed: target=0.026, indenter_x=0.028
2025-12-01 17:31:56 | MainThread   | INFO     | 进度: 68/390 - 完成: Case completed: target=0.026, indenter_x=0.03
2025-12-01 17:31:56 | MainThread   | INFO     | 进度: 69/390 - 完成: Case completed: target=0.026, indenter_x=0.032
2025-12-01 17:31:56 | MainThread   | INFO     | 进度: 70/390 - 完成: Case completed: target=0.026, indenter_x=0.034
2025-12-01 17:31:56 | MainThread   | INFO     | 进度报告: 已完成 70/390 (17.9%) - 预计剩余时间: 2.4分钟
2025-12-01 17:31:58 | MainThread   | INFO     | 系统状态: CPU使用率 100.0%, 内存使用率 9.6%
2025-12-01 17:31:58 | MainThread   | INFO     | 进度: 71/390 - 完成: Case completed: target=0.026, indenter_x=0.036
2025-12-01 17:31:58 | MainThread   | INFO     | 进度: 72/390 - 完成: Case completed: target=0.026, indenter_x=0.038
2025-12-01 17:32:04 | MainThread   | INFO     | 进度: 73/390 - 完成: Case completed: target=0.026, indenter_x=0.04
2025-12-01 17:32:04 | MainThread   | INFO     | 进度: 74/390 - 完成: Case completed: target=0.026, indenter_x=0.042
2025-12-01 17:32:04 | MainThread   | INFO     | 进度: 75/390 - 完成: Case completed: target=0.026, indenter_x=0.044
2025-12-01 17:32:05 | MainThread   | INFO     | 进度: 76/390 - 完成: Case completed: target=0.026, indenter_x=0.046
2025-12-01 17:32:06 | MainThread   | INFO     | 进度: 77/390 - 完成: Case completed: target=0.026, indenter_x=0.048
2025-12-01 17:32:06 | MainThread   | INFO     | 进度: 78/390 - 完成: Case completed: target=0.026, indenter_x=0.05
2025-12-01 17:32:07 | MainThread   | INFO     | 进度: 79/390 - 完成: Case completed: target=0.024999999999999998, indenter_x=0.0
2025-12-01 17:32:07 | MainThread   | INFO     | 进度: 80/390 - 完成: Case completed: target=0.024999999999999998, indenter_x=0.002
2025-12-01 17:32:07 | MainThread   | INFO     | 进度报告: 已完成 80/390 (20.5%) - 预计剩余时间: 2.7分钟
2025-12-01 17:32:08 | MainThread   | INFO     | 系统状态: CPU使用率 100.0%, 内存使用率 9.3%
2025-12-01 17:32:08 | MainThread   | INFO     | 进度: 81/390 - 完成: Case completed: target=0.024999999999999998, indenter_x=0.004
2025-12-01 17:32:08 | MainThread   | INFO     | 进度: 82/390 - 完成: Case completed: target=0.024999999999999998, indenter_x=0.006
2025-12-01 17:32:08 | MainThread   | INFO     | 进度: 83/390 - 完成: Case completed: target=0.024999999999999998, indenter_x=0.008
2025-12-01 17:32:08 | MainThread   | INFO     | 进度: 84/390 - 完成: Case completed: target=0.024999999999999998, indenter_x=0.01
2025-12-01 17:32:08 | MainThread   | INFO     | 进度: 85/390 - 完成: Case completed: target=0.024999999999999998, indenter_x=0.012
2025-12-01 17:32:08 | MainThread   | INFO     | 进度: 86/390 - 完成: Case completed: target=0.024999999999999998, indenter_x=0.014
2025-12-01 17:32:08 | MainThread   | INFO     | 进度: 87/390 - 完成: Case completed: target=0.024999999999999998, indenter_x=0.016
2025-12-01 17:32:08 | MainThread   | INFO     | 进度: 88/390 - 完成: Case completed: target=0.024999999999999998, indenter_x=0.018
2025-12-01 17:32:08 | MainThread   | INFO     | 进度: 89/390 - 完成: Case completed: target=0.024999999999999998, indenter_x=0.02
2025-12-01 17:32:08 | MainThread   | INFO     | 进度: 90/390 - 完成: Case completed: target=0.024999999999999998, indenter_x=0.022
2025-12-01 17:32:08 | MainThread   | INFO     | 进度报告: 已完成 90/390 (23.1%) - 预计剩余时间: 2.4分钟
2025-12-01 17:32:09 | MainThread   | INFO     | 系统状态: CPU使用率 100.0%, 内存使用率 9.6%
2025-12-01 17:32:09 | MainThread   | INFO     | 进度: 91/390 - 完成: Case completed: target=0.024999999999999998, indenter_x=0.024
2025-12-01 17:32:09 | MainThread   | INFO     | 进度: 92/390 - 完成: Case completed: target=0.024999999999999998, indenter_x=0.026
2025-12-01 17:32:09 | MainThread   | INFO     | 进度: 93/390 - 完成: Case completed: target=0.024999999999999998, indenter_x=0.028
2025-12-01 17:32:09 | MainThread   | INFO     | 进度: 94/390 - 完成: Case completed: target=0.024999999999999998, indenter_x=0.03
2025-12-01 17:32:09 | MainThread   | INFO     | 进度: 95/390 - 完成: Case completed: target=0.024999999999999998, indenter_x=0.032
2025-12-01 17:32:09 | MainThread   | INFO     | 进度: 96/390 - 完成: Case completed: target=0.024999999999999998, indenter_x=0.034
2025-12-01 17:32:16 | MainThread   | INFO     | 进度: 97/390 - 完成: Case completed: target=0.024999999999999998, indenter_x=0.036
2025-12-01 17:32:16 | MainThread   | INFO     | 进度: 98/390 - 完成: Case completed: target=0.024999999999999998, indenter_x=0.038
2025-12-01 17:32:16 | MainThread   | INFO     | 进度: 99/390 - 完成: Case completed: target=0.024999999999999998, indenter_x=0.04
2025-12-01 17:32:18 | MainThread   | INFO     | 进度: 100/390 - 完成: Case completed: target=0.024999999999999998, indenter_x=0.042
2025-12-01 17:32:18 | MainThread   | INFO     | 进度报告: 已完成 100/390 (25.6%) - 预计剩余时间: 2.6分钟
2025-12-01 17:32:19 | MainThread   | INFO     | 系统状态: CPU使用率 99.9%, 内存使用率 9.5%
2025-12-01 17:32:19 | MainThread   | INFO     | 进度: 101/390 - 完成: Case completed: target=0.024999999999999998, indenter_x=0.044
2025-12-01 17:32:19 | MainThread   | INFO     | 进度: 102/390 - 完成: Case completed: target=0.024999999999999998, indenter_x=0.046
2025-12-01 17:32:19 | MainThread   | INFO     | 进度: 103/390 - 完成: Case completed: target=0.024999999999999998, indenter_x=0.048
2025-12-01 17:32:19 | MainThread   | INFO     | 进度: 104/390 - 完成: Case completed: target=0.024999999999999998, indenter_x=0.05
2025-12-01 17:32:20 | MainThread   | INFO     | 进度: 105/390 - 完成: Case completed: target=0.024, indenter_x=0.0
2025-12-01 17:32:20 | MainThread   | INFO     | 进度: 106/390 - 完成: Case completed: target=0.024, indenter_x=0.002
2025-12-01 17:32:20 | MainThread   | INFO     | 进度: 107/390 - 完成: Case completed: target=0.024, indenter_x=0.004
2025-12-01 17:32:20 | MainThread   | INFO     | 进度: 108/390 - 完成: Case completed: target=0.024, indenter_x=0.006
2025-12-01 17:32:20 | MainThread   | INFO     | 进度: 109/390 - 完成: Case completed: target=0.024, indenter_x=0.008
2025-12-01 17:32:20 | MainThread   | INFO     | 进度: 110/390 - 完成: Case completed: target=0.024, indenter_x=0.01
2025-12-01 17:32:20 | MainThread   | INFO     | 进度报告: 已完成 110/390 (28.2%) - 预计剩余时间: 2.4分钟
2025-12-01 17:32:21 | MainThread   | INFO     | 系统状态: CPU使用率 100.0%, 内存使用率 9.3%
2025-12-01 17:32:21 | MainThread   | INFO     | 进度: 111/390 - 完成: Case completed: target=0.024, indenter_x=0.012
2025-12-01 17:32:21 | MainThread   | INFO     | 进度: 112/390 - 完成: Case completed: target=0.024, indenter_x=0.014
2025-12-01 17:32:21 | MainThread   | INFO     | 进度: 113/390 - 完成: Case completed: target=0.024, indenter_x=0.016
2025-12-01 17:32:21 | MainThread   | INFO     | 进度: 114/390 - 完成: Case completed: target=0.024, indenter_x=0.018
2025-12-01 17:32:21 | MainThread   | INFO     | 进度: 115/390 - 完成: Case completed: target=0.024, indenter_x=0.02
2025-12-01 17:32:21 | MainThread   | INFO     | 进度: 116/390 - 完成: Case completed: target=0.024, indenter_x=0.022
2025-12-01 17:32:21 | MainThread   | INFO     | 进度: 117/390 - 完成: Case completed: target=0.024, indenter_x=0.024
2025-12-01 17:32:21 | MainThread   | INFO     | 进度: 118/390 - 完成: Case completed: target=0.024, indenter_x=0.026
2025-12-01 17:32:21 | MainThread   | INFO     | 进度: 119/390 - 完成: Case completed: target=0.024, indenter_x=0.028
2025-12-01 17:32:21 | MainThread   | INFO     | 进度: 120/390 - 完成: Case completed: target=0.024, indenter_x=0.03
2025-12-01 17:32:21 | MainThread   | INFO     | 进度报告: 已完成 120/390 (30.8%) - 预计剩余时间: 2.1分钟
2025-12-01 17:32:23 | MainThread   | INFO     | 系统状态: CPU使用率 100.0%, 内存使用率 9.7%
2025-12-01 17:32:29 | MainThread   | INFO     | 进度: 121/390 - 完成: Case completed: target=0.024, indenter_x=0.032
2025-12-01 17:32:29 | MainThread   | INFO     | 进度: 122/390 - 完成: Case completed: target=0.024, indenter_x=0.034
2025-12-01 17:32:29 | MainThread   | INFO     | 进度: 123/390 - 完成: Case completed: target=0.024, indenter_x=0.036
2025-12-01 17:32:31 | MainThread   | INFO     | 进度: 124/390 - 完成: Case completed: target=0.024, indenter_x=0.038
2025-12-01 17:32:31 | MainThread   | INFO     | 进度: 125/390 - 完成: Case completed: target=0.024, indenter_x=0.04
2025-12-01 17:32:32 | MainThread   | INFO     | 进度: 126/390 - 完成: Case completed: target=0.024, indenter_x=0.042
2025-12-01 17:32:32 | MainThread   | INFO     | 进度: 127/390 - 完成: Case completed: target=0.024, indenter_x=0.044
2025-12-01 17:32:32 | MainThread   | INFO     | 进度: 128/390 - 完成: Case completed: target=0.024, indenter_x=0.046
2025-12-01 17:32:33 | MainThread   | INFO     | 进度: 129/390 - 完成: Case completed: target=0.024, indenter_x=0.048
2025-12-01 17:32:33 | MainThread   | INFO     | 进度: 130/390 - 完成: Case completed: target=0.024, indenter_x=0.05
2025-12-01 17:32:33 | MainThread   | INFO     | 进度报告: 已完成 130/390 (33.3%) - 预计剩余时间: 2.3分钟
2025-12-01 17:32:34 | MainThread   | INFO     | 系统状态: CPU使用率 99.9%, 内存使用率 8.9%
2025-12-01 17:32:34 | MainThread   | INFO     | 进度: 131/390 - 完成: Case completed: target=0.023, indenter_x=0.0
2025-12-01 17:32:34 | MainThread   | INFO     | 进度: 132/390 - 完成: Case completed: target=0.023, indenter_x=0.002
2025-12-01 17:32:34 | MainThread   | INFO     | 进度: 133/390 - 完成: Case completed: target=0.023, indenter_x=0.004
2025-12-01 17:32:34 | MainThread   | INFO     | 进度: 134/390 - 完成: Case completed: target=0.023, indenter_x=0.006
2025-12-01 17:32:34 | MainThread   | INFO     | 进度: 135/390 - 完成: Case completed: target=0.023, indenter_x=0.008
2025-12-01 17:32:34 | MainThread   | INFO     | 进度: 136/390 - 完成: Case completed: target=0.023, indenter_x=0.01
2025-12-01 17:32:34 | MainThread   | INFO     | 进度: 137/390 - 完成: Case completed: target=0.023, indenter_x=0.012
2025-12-01 17:32:35 | MainThread   | INFO     | 进度: 138/390 - 完成: Case completed: target=0.023, indenter_x=0.014
2025-12-01 17:32:35 | MainThread   | INFO     | 进度: 139/390 - 完成: Case completed: target=0.023, indenter_x=0.016
2025-12-01 17:32:35 | MainThread   | INFO     | 进度: 140/390 - 完成: Case completed: target=0.023, indenter_x=0.018
2025-12-01 17:32:35 | MainThread   | INFO     | 进度报告: 已完成 140/390 (35.9%) - 预计剩余时间: 2.1分钟
2025-12-01 17:32:36 | MainThread   | INFO     | 系统状态: CPU使用率 100.0%, 内存使用率 9.7%
2025-12-01 17:32:36 | MainThread   | INFO     | 进度: 141/390 - 完成: Case completed: target=0.023, indenter_x=0.02
2025-12-01 17:32:36 | MainThread   | INFO     | 进度: 142/390 - 完成: Case completed: target=0.023, indenter_x=0.022
2025-12-01 17:32:36 | MainThread   | INFO     | 进度: 143/390 - 完成: Case completed: target=0.023, indenter_x=0.024
2025-12-01 17:32:36 | MainThread   | INFO     | 进度: 144/390 - 完成: Case completed: target=0.023, indenter_x=0.026
2025-12-01 17:32:43 | MainThread   | INFO     | 进度: 145/390 - 完成: Case completed: target=0.023, indenter_x=0.028
2025-12-01 17:32:43 | MainThread   | INFO     | 进度: 146/390 - 完成: Case completed: target=0.023, indenter_x=0.03
2025-12-01 17:32:43 | MainThread   | INFO     | 进度: 147/390 - 完成: Case completed: target=0.023, indenter_x=0.032
2025-12-01 17:32:45 | MainThread   | INFO     | 进度: 148/390 - 完成: Case completed: target=0.023, indenter_x=0.034
2025-12-01 17:32:45 | MainThread   | INFO     | 进度: 149/390 - 完成: Case completed: target=0.023, indenter_x=0.036
2025-12-01 17:32:46 | MainThread   | INFO     | 进度: 150/390 - 完成: Case completed: target=0.023, indenter_x=0.038
2025-12-01 17:32:46 | MainThread   | INFO     | 进度报告: 已完成 150/390 (38.5%) - 预计剩余时间: 2.2分钟
2025-12-01 17:32:47 | MainThread   | INFO     | 系统状态: CPU使用率 99.9%, 内存使用率 9.6%
2025-12-01 17:32:47 | MainThread   | INFO     | 进度: 151/390 - 完成: Case completed: target=0.023, indenter_x=0.04
2025-12-01 17:32:47 | MainThread   | INFO     | 进度: 152/390 - 完成: Case completed: target=0.023, indenter_x=0.042
2025-12-01 17:32:47 | MainThread   | INFO     | 进度: 153/390 - 完成: Case completed: target=0.023, indenter_x=0.044
2025-12-01 17:32:48 | MainThread   | INFO     | 进度: 154/390 - 完成: Case completed: target=0.023, indenter_x=0.046
2025-12-01 17:32:48 | MainThread   | INFO     | 进度: 155/390 - 完成: Case completed: target=0.023, indenter_x=0.048
2025-12-01 17:32:48 | MainThread   | INFO     | 进度: 156/390 - 完成: Case completed: target=0.023, indenter_x=0.05
2025-12-01 17:32:49 | MainThread   | INFO     | 进度: 157/390 - 完成: Case completed: target=0.022, indenter_x=0.0
2025-12-01 17:32:49 | MainThread   | INFO     | 进度: 158/390 - 完成: Case completed: target=0.022, indenter_x=0.002
2025-12-01 17:32:49 | MainThread   | INFO     | 进度: 159/390 - 完成: Case completed: target=0.022, indenter_x=0.004
2025-12-01 17:32:49 | MainThread   | INFO     | 进度: 160/390 - 完成: Case completed: target=0.022, indenter_x=0.006
2025-12-01 17:32:49 | MainThread   | INFO     | 进度报告: 已完成 160/390 (41.0%) - 预计剩余时间: 2.0分钟
2025-12-01 17:32:51 | MainThread   | INFO     | 系统状态: CPU使用率 100.0%, 内存使用率 9.6%
2025-12-01 17:32:51 | MainThread   | INFO     | 进度: 161/390 - 完成: Case completed: target=0.022, indenter_x=0.008
2025-12-01 17:32:51 | MainThread   | INFO     | 进度: 162/390 - 完成: Case completed: target=0.022, indenter_x=0.01
2025-12-01 17:32:51 | MainThread   | INFO     | 进度: 163/390 - 完成: Case completed: target=0.022, indenter_x=0.012
2025-12-01 17:32:51 | MainThread   | INFO     | 进度: 164/390 - 完成: Case completed: target=0.022, indenter_x=0.014
2025-12-01 17:32:51 | MainThread   | INFO     | 进度: 165/390 - 完成: Case completed: target=0.022, indenter_x=0.016
2025-12-01 17:32:51 | MainThread   | INFO     | 进度: 166/390 - 完成: Case completed: target=0.022, indenter_x=0.018
2025-12-01 17:32:51 | MainThread   | INFO     | 进度: 167/390 - 完成: Case completed: target=0.022, indenter_x=0.02
2025-12-01 17:32:51 | MainThread   | INFO     | 进度: 168/390 - 完成: Case completed: target=0.022, indenter_x=0.022
2025-12-01 17:32:58 | MainThread   | INFO     | 进度: 169/390 - 完成: Case completed: target=0.022, indenter_x=0.024
2025-12-01 17:32:59 | MainThread   | INFO     | 进度: 170/390 - 完成: Case completed: target=0.022, indenter_x=0.026
2025-12-01 17:32:59 | MainThread   | INFO     | 进度报告: 已完成 170/390 (43.6%) - 预计剩余时间: 2.0分钟
2025-12-01 17:33:00 | MainThread   | INFO     | 系统状态: CPU使用率 100.0%, 内存使用率 9.7%
2025-12-01 17:33:00 | MainThread   | INFO     | 进度: 171/390 - 完成: Case completed: target=0.022, indenter_x=0.028
2025-12-01 17:33:01 | MainThread   | INFO     | 进度: 172/390 - 完成: Case completed: target=0.022, indenter_x=0.03
2025-12-01 17:33:01 | MainThread   | INFO     | 进度: 173/390 - 完成: Case completed: target=0.022, indenter_x=0.032
2025-12-01 17:33:01 | MainThread   | INFO     | 进度: 174/390 - 完成: Case completed: target=0.022, indenter_x=0.034
2025-12-01 17:33:01 | MainThread   | INFO     | 进度: 175/390 - 完成: Case completed: target=0.022, indenter_x=0.036
2025-12-01 17:33:02 | MainThread   | INFO     | 进度: 176/390 - 完成: Case completed: target=0.022, indenter_x=0.038
2025-12-01 17:33:03 | MainThread   | INFO     | 进度: 177/390 - 完成: Case completed: target=0.022, indenter_x=0.04
2025-12-01 17:33:03 | MainThread   | INFO     | 进度: 178/390 - 完成: Case completed: target=0.022, indenter_x=0.042
2025-12-01 17:33:04 | MainThread   | INFO     | 进度: 179/390 - 完成: Case completed: target=0.022, indenter_x=0.044
2025-12-01 17:33:04 | MainThread   | INFO     | 进度: 180/390 - 完成: Case completed: target=0.022, indenter_x=0.046
2025-12-01 17:33:04 | MainThread   | INFO     | 进度报告: 已完成 180/390 (46.2%) - 预计剩余时间: 1.9分钟
2025-12-01 17:33:05 | MainThread   | INFO     | 系统状态: CPU使用率 99.4%, 内存使用率 9.6%
2025-12-01 17:33:05 | MainThread   | INFO     | 进度: 181/390 - 完成: Case completed: target=0.022, indenter_x=0.048
2025-12-01 17:33:05 | MainThread   | INFO     | 进度: 182/390 - 完成: Case completed: target=0.022, indenter_x=0.05
2025-12-01 17:33:06 | MainThread   | INFO     | 进度: 183/390 - 完成: Case completed: target=0.020999999999999998, indenter_x=0.0
2025-12-01 17:33:06 | MainThread   | INFO     | 进度: 184/390 - 完成: Case completed: target=0.020999999999999998, indenter_x=0.002
2025-12-01 17:33:06 | MainThread   | INFO     | 进度: 185/390 - 完成: Case completed: target=0.020999999999999998, indenter_x=0.004
2025-12-01 17:33:06 | MainThread   | INFO     | 进度: 186/390 - 完成: Case completed: target=0.020999999999999998, indenter_x=0.006
2025-12-01 17:33:06 | MainThread   | INFO     | 进度: 187/390 - 完成: Case completed: target=0.020999999999999998, indenter_x=0.008
2025-12-01 17:33:06 | MainThread   | INFO     | 进度: 188/390 - 完成: Case completed: target=0.020999999999999998, indenter_x=0.01
2025-12-01 17:33:06 | MainThread   | INFO     | 进度: 189/390 - 完成: Case completed: target=0.020999999999999998, indenter_x=0.012
2025-12-01 17:33:06 | MainThread   | INFO     | 进度: 190/390 - 完成: Case completed: target=0.020999999999999998, indenter_x=0.014
2025-12-01 17:33:06 | MainThread   | INFO     | 进度报告: 已完成 190/390 (48.7%) - 预计剩余时间: 1.8分钟
2025-12-01 17:33:07 | MainThread   | INFO     | 系统状态: CPU使用率 100.0%, 内存使用率 9.7%
2025-12-01 17:33:07 | MainThread   | INFO     | 进度: 191/390 - 完成: Case completed: target=0.020999999999999998, indenter_x=0.016
2025-12-01 17:33:07 | MainThread   | INFO     | 进度: 192/390 - 完成: Case completed: target=0.020999999999999998, indenter_x=0.018
2025-12-01 17:33:15 | MainThread   | INFO     | 进度: 193/390 - 完成: Case completed: target=0.020999999999999998, indenter_x=0.02
2025-12-01 17:33:15 | MainThread   | INFO     | 进度: 194/390 - 完成: Case completed: target=0.020999999999999998, indenter_x=0.022
2025-12-01 17:33:15 | MainThread   | INFO     | 进度: 195/390 - 完成: Case completed: target=0.020999999999999998, indenter_x=0.024
2025-12-01 17:33:17 | MainThread   | INFO     | 进度: 196/390 - 完成: Case completed: target=0.020999999999999998, indenter_x=0.026
2025-12-01 17:33:17 | MainThread   | INFO     | 进度: 197/390 - 完成: Case completed: target=0.020999999999999998, indenter_x=0.028
2025-12-01 17:33:17 | MainThread   | INFO     | 进度: 198/390 - 完成: Case completed: target=0.020999999999999998, indenter_x=0.03
2025-12-01 17:33:18 | MainThread   | INFO     | 进度: 199/390 - 完成: Case completed: target=0.020999999999999998, indenter_x=0.032
2025-12-01 17:33:19 | MainThread   | INFO     | 进度: 200/390 - 完成: Case completed: target=0.020999999999999998, indenter_x=0.034
2025-12-01 17:33:19 | MainThread   | INFO     | 进度报告: 已完成 200/390 (51.3%) - 预计剩余时间: 1.8分钟
2025-12-01 17:33:20 | MainThread   | INFO     | 系统状态: CPU使用率 100.0%, 内存使用率 9.6%
2025-12-01 17:33:20 | MainThread   | INFO     | 进度: 201/390 - 完成: Case completed: target=0.020999999999999998, indenter_x=0.036
2025-12-01 17:33:20 | MainThread   | INFO     | 进度: 202/390 - 完成: Case completed: target=0.020999999999999998, indenter_x=0.038
2025-12-01 17:33:20 | MainThread   | INFO     | 进度: 203/390 - 完成: Case completed: target=0.020999999999999998, indenter_x=0.04
2025-12-01 17:33:21 | MainThread   | INFO     | 进度: 204/390 - 完成: Case completed: target=0.020999999999999998, indenter_x=0.042
2025-12-01 17:33:21 | MainThread   | INFO     | 进度: 205/390 - 完成: Case completed: target=0.020999999999999998, indenter_x=0.044
2025-12-01 17:33:21 | MainThread   | INFO     | 进度: 206/390 - 完成: Case completed: target=0.020999999999999998, indenter_x=0.046
2025-12-01 17:33:22 | MainThread   | INFO     | 进度: 207/390 - 完成: Case completed: target=0.020999999999999998, indenter_x=0.048
2025-12-01 17:33:22 | MainThread   | INFO     | 进度: 208/390 - 完成: Case completed: target=0.020999999999999998, indenter_x=0.05
2025-12-01 17:33:23 | MainThread   | INFO     | 进度: 209/390 - 完成: Case completed: target=0.019999999999999997, indenter_x=0.0
2025-12-01 17:33:23 | MainThread   | INFO     | 进度: 210/390 - 完成: Case completed: target=0.019999999999999997, indenter_x=0.002
2025-12-01 17:33:23 | MainThread   | INFO     | 进度报告: 已完成 210/390 (53.8%) - 预计剩余时间: 1.7分钟
2025-12-01 17:33:24 | MainThread   | INFO     | 系统状态: CPU使用率 100.0%, 内存使用率 9.7%
2025-12-01 17:33:24 | MainThread   | INFO     | 进度: 211/390 - 完成: Case completed: target=0.019999999999999997, indenter_x=0.004
2025-12-01 17:33:24 | MainThread   | INFO     | 进度: 212/390 - 完成: Case completed: target=0.019999999999999997, indenter_x=0.006
2025-12-01 17:33:24 | MainThread   | INFO     | 进度: 213/390 - 完成: Case completed: target=0.019999999999999997, indenter_x=0.008
2025-12-01 17:33:24 | MainThread   | INFO     | 进度: 214/390 - 完成: Case completed: target=0.019999999999999997, indenter_x=0.01
2025-12-01 17:33:24 | MainThread   | INFO     | 进度: 215/390 - 完成: Case completed: target=0.019999999999999997, indenter_x=0.012
2025-12-01 17:33:24 | MainThread   | INFO     | 进度: 216/390 - 完成: Case completed: target=0.019999999999999997, indenter_x=0.014
2025-12-01 17:33:32 | MainThread   | INFO     | 进度: 217/390 - 完成: Case completed: target=0.019999999999999997, indenter_x=0.016
2025-12-01 17:33:32 | MainThread   | INFO     | 进度: 218/390 - 完成: Case completed: target=0.019999999999999997, indenter_x=0.018
2025-12-01 17:33:33 | MainThread   | INFO     | 进度: 219/390 - 完成: Case completed: target=0.019999999999999997, indenter_x=0.02
2025-12-01 17:33:34 | MainThread   | INFO     | 进度: 220/390 - 完成: Case completed: target=0.019999999999999997, indenter_x=0.022
2025-12-01 17:33:34 | MainThread   | INFO     | 进度报告: 已完成 220/390 (56.4%) - 预计剩余时间: 1.7分钟
2025-12-01 17:33:36 | MainThread   | INFO     | 系统状态: CPU使用率 99.9%, 内存使用率 9.5%
2025-12-01 17:33:36 | MainThread   | INFO     | 进度: 221/390 - 完成: Case completed: target=0.019999999999999997, indenter_x=0.024
2025-12-01 17:33:36 | MainThread   | INFO     | 进度: 222/390 - 完成: Case completed: target=0.019999999999999997, indenter_x=0.026
2025-12-01 17:33:36 | MainThread   | INFO     | 进度: 223/390 - 完成: Case completed: target=0.019999999999999997, indenter_x=0.028
2025-12-01 17:33:36 | MainThread   | INFO     | 进度: 224/390 - 完成: Case completed: target=0.019999999999999997, indenter_x=0.03
2025-12-01 17:33:37 | MainThread   | INFO     | 进度: 225/390 - 完成: Case completed: target=0.019999999999999997, indenter_x=0.032
2025-12-01 17:33:38 | MainThread   | INFO     | 进度: 226/390 - 完成: Case completed: target=0.019999999999999997, indenter_x=0.034
2025-12-01 17:33:38 | MainThread   | INFO     | 进度: 227/390 - 完成: Case completed: target=0.019999999999999997, indenter_x=0.036
2025-12-01 17:33:39 | MainThread   | INFO     | 进度: 228/390 - 完成: Case completed: target=0.019999999999999997, indenter_x=0.038
2025-12-01 17:33:39 | MainThread   | INFO     | 进度: 229/390 - 完成: Case completed: target=0.019999999999999997, indenter_x=0.04
2025-12-01 17:33:39 | MainThread   | INFO     | 进度: 230/390 - 完成: Case completed: target=0.019999999999999997, indenter_x=0.042
2025-12-01 17:33:39 | MainThread   | INFO     | 进度报告: 已完成 230/390 (59.0%) - 预计剩余时间: 1.6分钟
2025-12-01 17:33:40 | MainThread   | INFO     | 系统状态: CPU使用率 100.0%, 内存使用率 9.5%
2025-12-01 17:33:40 | MainThread   | INFO     | 进度: 231/390 - 完成: Case completed: target=0.019999999999999997, indenter_x=0.044
2025-12-01 17:33:40 | MainThread   | INFO     | 进度: 232/390 - 完成: Case completed: target=0.019999999999999997, indenter_x=0.046
2025-12-01 17:33:41 | MainThread   | INFO     | 进度: 233/390 - 完成: Case completed: target=0.019999999999999997, indenter_x=0.048
2025-12-01 17:33:41 | MainThread   | INFO     | 进度: 234/390 - 完成: Case completed: target=0.019999999999999997, indenter_x=0.05
2025-12-01 17:33:42 | MainThread   | INFO     | 进度: 235/390 - 完成: Case completed: target=0.019, indenter_x=0.0
2025-12-01 17:33:42 | MainThread   | INFO     | 进度: 236/390 - 完成: Case completed: target=0.019, indenter_x=0.002
2025-12-01 17:33:42 | MainThread   | INFO     | 进度: 237/390 - 完成: Case completed: target=0.019, indenter_x=0.004
2025-12-01 17:33:42 | MainThread   | INFO     | 进度: 238/390 - 完成: Case completed: target=0.019, indenter_x=0.006
2025-12-01 17:33:42 | MainThread   | INFO     | 进度: 239/390 - 完成: Case completed: target=0.019, indenter_x=0.008
2025-12-01 17:33:42 | MainThread   | INFO     | 进度: 240/390 - 完成: Case completed: target=0.019, indenter_x=0.01
2025-12-01 17:33:42 | MainThread   | INFO     | 进度报告: 已完成 240/390 (61.5%) - 预计剩余时间: 1.4分钟
2025-12-01 17:33:43 | MainThread   | INFO     | 系统状态: CPU使用率 99.9%, 内存使用率 9.4%
2025-12-01 17:33:52 | MainThread   | INFO     | 进度: 241/390 - 完成: Case completed: target=0.019, indenter_x=0.012
2025-12-01 17:33:52 | MainThread   | INFO     | 进度: 242/390 - 完成: Case completed: target=0.019, indenter_x=0.014
2025-12-01 17:33:53 | MainThread   | INFO     | 进度: 243/390 - 完成: Case completed: target=0.019, indenter_x=0.016
2025-12-01 17:33:54 | MainThread   | INFO     | 进度: 244/390 - 完成: Case completed: target=0.019, indenter_x=0.018
2025-12-01 17:33:54 | MainThread   | INFO     | 进度: 245/390 - 完成: Case completed: target=0.019, indenter_x=0.02
2025-12-01 17:33:54 | MainThread   | INFO     | 进度: 246/390 - 完成: Case completed: target=0.019, indenter_x=0.022
2025-12-01 17:33:55 | MainThread   | INFO     | 进度: 247/390 - 完成: Case completed: target=0.019, indenter_x=0.024
2025-12-01 17:33:56 | MainThread   | INFO     | 进度: 248/390 - 完成: Case completed: target=0.019, indenter_x=0.026
2025-12-01 17:33:57 | MainThread   | INFO     | 进度: 249/390 - 完成: Case completed: target=0.019, indenter_x=0.028
2025-12-01 17:33:57 | MainThread   | INFO     | 进度: 250/390 - 完成: Case completed: target=0.019, indenter_x=0.03
2025-12-01 17:33:57 | MainThread   | INFO     | 进度报告: 已完成 250/390 (64.1%) - 预计剩余时间: 1.4分钟
2025-12-01 17:33:58 | MainThread   | INFO     | 系统状态: CPU使用率 100.0%, 内存使用率 9.5%
2025-12-01 17:33:58 | MainThread   | INFO     | 进度: 251/390 - 完成: Case completed: target=0.019, indenter_x=0.032
2025-12-01 17:33:58 | MainThread   | INFO     | 进度: 252/390 - 完成: Case completed: target=0.019, indenter_x=0.034
2025-12-01 17:33:59 | MainThread   | INFO     | 进度: 253/390 - 完成: Case completed: target=0.019, indenter_x=0.036
2025-12-01 17:33:59 | MainThread   | INFO     | 进度: 254/390 - 完成: Case completed: target=0.019, indenter_x=0.038
2025-12-01 17:33:59 | MainThread   | INFO     | 进度: 255/390 - 完成: Case completed: target=0.019, indenter_x=0.04
2025-12-01 17:34:00 | MainThread   | INFO     | 进度: 256/390 - 完成: Case completed: target=0.019, indenter_x=0.042
2025-12-01 17:34:00 | MainThread   | INFO     | 进度: 257/390 - 完成: Case completed: target=0.019, indenter_x=0.044
2025-12-01 17:34:01 | MainThread   | INFO     | 进度: 258/390 - 完成: Case completed: target=0.019, indenter_x=0.046
2025-12-01 17:34:02 | MainThread   | INFO     | 进度: 259/390 - 完成: Case completed: target=0.019, indenter_x=0.048
2025-12-01 17:34:02 | MainThread   | INFO     | 进度: 260/390 - 完成: Case completed: target=0.019, indenter_x=0.05
2025-12-01 17:34:02 | MainThread   | INFO     | 进度报告: 已完成 260/390 (66.7%) - 预计剩余时间: 1.3分钟
2025-12-01 17:34:03 | MainThread   | INFO     | 系统状态: CPU使用率 100.0%, 内存使用率 9.4%
2025-12-01 17:34:03 | MainThread   | INFO     | 进度: 261/390 - 完成: Case completed: target=0.018, indenter_x=0.0
2025-12-01 17:34:03 | MainThread   | INFO     | 进度: 262/390 - 完成: Case completed: target=0.018, indenter_x=0.002
2025-12-01 17:34:03 | MainThread   | INFO     | 进度: 263/390 - 完成: Case completed: target=0.018, indenter_x=0.004
2025-12-01 17:34:03 | MainThread   | INFO     | 进度: 264/390 - 完成: Case completed: target=0.018, indenter_x=0.006
2025-12-01 17:34:12 | MainThread   | INFO     | 进度: 265/390 - 完成: Case completed: target=0.018, indenter_x=0.008
2025-12-01 17:34:12 | MainThread   | INFO     | 进度: 266/390 - 完成: Case completed: target=0.018, indenter_x=0.01
2025-12-01 17:34:13 | MainThread   | INFO     | 进度: 267/390 - 完成: Case completed: target=0.018, indenter_x=0.012
2025-12-01 17:34:14 | MainThread   | INFO     | 进度: 268/390 - 完成: Case completed: target=0.018, indenter_x=0.014
2025-12-01 17:34:14 | MainThread   | INFO     | 进度: 269/390 - 完成: Case completed: target=0.018, indenter_x=0.016
2025-12-01 17:34:15 | MainThread   | INFO     | 进度: 270/390 - 完成: Case completed: target=0.018, indenter_x=0.018
2025-12-01 17:34:15 | MainThread   | INFO     | 进度报告: 已完成 270/390 (69.2%) - 预计剩余时间: 1.3分钟
2025-12-01 17:34:17 | MainThread   | INFO     | 系统状态: CPU使用率 100.0%, 内存使用率 9.6%
2025-12-01 17:34:17 | MainThread   | INFO     | 进度: 271/390 - 完成: Case completed: target=0.018, indenter_x=0.02
2025-12-01 17:34:17 | MainThread   | INFO     | 进度: 272/390 - 完成: Case completed: target=0.018, indenter_x=0.022
2025-12-01 17:34:17 | MainThread   | INFO     | 进度: 273/390 - 完成: Case completed: target=0.018, indenter_x=0.024
2025-12-01 17:34:17 | MainThread   | INFO     | 进度: 274/390 - 完成: Case completed: target=0.018, indenter_x=0.026
2025-12-01 17:34:17 | MainThread   | INFO     | 进度: 275/390 - 完成: Case completed: target=0.018, indenter_x=0.028
2025-12-01 17:34:18 | MainThread   | INFO     | 进度: 276/390 - 完成: Case completed: target=0.018, indenter_x=0.03
2025-12-01 17:34:19 | MainThread   | INFO     | 进度: 277/390 - 完成: Case completed: target=0.018, indenter_x=0.032
2025-12-01 17:34:19 | MainThread   | INFO     | 进度: 278/390 - 完成: Case completed: target=0.018, indenter_x=0.034
2025-12-01 17:34:19 | MainThread   | INFO     | 进度: 279/390 - 完成: Case completed: target=0.018, indenter_x=0.036
2025-12-01 17:34:20 | MainThread   | INFO     | 进度: 280/390 - 完成: Case completed: target=0.018, indenter_x=0.038
2025-12-01 17:34:20 | MainThread   | INFO     | 进度报告: 已完成 280/390 (71.8%) - 预计剩余时间: 1.2分钟
2025-12-01 17:34:21 | MainThread   | INFO     | 系统状态: CPU使用率 100.0%, 内存使用率 9.6%
2025-12-01 17:34:21 | MainThread   | INFO     | 进度: 281/390 - 完成: Case completed: target=0.018, indenter_x=0.04
2025-12-01 17:34:21 | MainThread   | INFO     | 进度: 282/390 - 完成: Case completed: target=0.018, indenter_x=0.042
2025-12-01 17:34:22 | MainThread   | INFO     | 进度: 283/390 - 完成: Case completed: target=0.018, indenter_x=0.044
2025-12-01 17:34:22 | MainThread   | INFO     | 进度: 284/390 - 完成: Case completed: target=0.018, indenter_x=0.046
2025-12-01 17:34:23 | MainThread   | INFO     | 进度: 285/390 - 完成: Case completed: target=0.018, indenter_x=0.048
2025-12-01 17:34:23 | MainThread   | INFO     | 进度: 286/390 - 完成: Case completed: target=0.018, indenter_x=0.05
2025-12-01 17:34:24 | MainThread   | INFO     | 进度: 287/390 - 完成: Case completed: target=0.017, indenter_x=0.0
2025-12-01 17:34:25 | MainThread   | INFO     | 进度: 288/390 - 完成: Case completed: target=0.017, indenter_x=0.002
2025-12-01 17:34:33 | MainThread   | INFO     | 进度: 289/390 - 完成: Case completed: target=0.017, indenter_x=0.004
2025-12-01 17:34:33 | MainThread   | INFO     | 进度: 290/390 - 完成: Case completed: target=0.017, indenter_x=0.006
2025-12-01 17:34:33 | MainThread   | INFO     | 进度报告: 已完成 290/390 (74.4%) - 预计剩余时间: 1.1分钟
2025-12-01 17:34:35 | MainThread   | INFO     | 系统状态: CPU使用率 100.0%, 内存使用率 9.7%
2025-12-01 17:34:35 | MainThread   | INFO     | 进度: 291/390 - 完成: Case completed: target=0.017, indenter_x=0.008
2025-12-01 17:34:36 | MainThread   | INFO     | 进度: 292/390 - 完成: Case completed: target=0.017, indenter_x=0.01
2025-12-01 17:34:36 | MainThread   | INFO     | 进度: 293/390 - 完成: Case completed: target=0.017, indenter_x=0.012
2025-12-01 17:34:36 | MainThread   | INFO     | 进度: 294/390 - 完成: Case completed: target=0.017, indenter_x=0.014
2025-12-01 17:34:37 | MainThread   | INFO     | 进度: 295/390 - 完成: Case completed: target=0.017, indenter_x=0.016
2025-12-01 17:34:38 | MainThread   | INFO     | 进度: 296/390 - 完成: Case completed: target=0.017, indenter_x=0.018
2025-12-01 17:34:38 | MainThread   | INFO     | 进度: 297/390 - 完成: Case completed: target=0.017, indenter_x=0.02
2025-12-01 17:34:38 | MainThread   | INFO     | 进度: 298/390 - 完成: Case completed: target=0.017, indenter_x=0.022
2025-12-01 17:34:39 | MainThread   | INFO     | 进度: 299/390 - 完成: Case completed: target=0.017, indenter_x=0.024
2025-12-01 17:34:39 | MainThread   | INFO     | 进度: 300/390 - 完成: Case completed: target=0.017, indenter_x=0.026
2025-12-01 17:34:39 | MainThread   | INFO     | 进度报告: 已完成 300/390 (76.9%) - 预计剩余时间: 1.0分钟
2025-12-01 17:34:40 | MainThread   | INFO     | 系统状态: CPU使用率 99.9%, 内存使用率 9.6%
2025-12-01 17:34:40 | MainThread   | INFO     | 进度: 301/390 - 完成: Case completed: target=0.017, indenter_x=0.028
2025-12-01 17:34:40 | MainThread   | INFO     | 进度: 302/390 - 完成: Case completed: target=0.017, indenter_x=0.03
2025-12-01 17:34:41 | MainThread   | INFO     | 进度: 303/390 - 完成: Case completed: target=0.017, indenter_x=0.032
2025-12-01 17:34:41 | MainThread   | INFO     | 进度: 304/390 - 完成: Case completed: target=0.017, indenter_x=0.034
2025-12-01 17:34:42 | MainThread   | INFO     | 进度: 305/390 - 完成: Case completed: target=0.017, indenter_x=0.036
2025-12-01 17:34:42 | MainThread   | INFO     | 进度: 306/390 - 完成: Case completed: target=0.017, indenter_x=0.038
2025-12-01 17:34:43 | MainThread   | INFO     | 进度: 307/390 - 完成: Case completed: target=0.017, indenter_x=0.04
2025-12-01 17:34:43 | MainThread   | INFO     | 进度: 308/390 - 完成: Case completed: target=0.017, indenter_x=0.042
2025-12-01 17:34:44 | MainThread   | INFO     | 进度: 309/390 - 完成: Case completed: target=0.017, indenter_x=0.044
2025-12-01 17:34:45 | MainThread   | INFO     | 进度: 310/390 - 完成: Case completed: target=0.017, indenter_x=0.046
2025-12-01 17:34:45 | MainThread   | INFO     | 进度报告: 已完成 310/390 (79.5%) - 预计剩余时间: 0.9分钟
2025-12-01 17:34:46 | MainThread   | INFO     | 系统状态: CPU使用率 100.0%, 内存使用率 9.6%
2025-12-01 17:34:46 | MainThread   | INFO     | 进度: 311/390 - 完成: Case completed: target=0.017, indenter_x=0.048
2025-12-01 17:34:46 | MainThread   | INFO     | 进度: 312/390 - 完成: Case completed: target=0.017, indenter_x=0.05
2025-12-01 17:34:56 | MainThread   | INFO     | 进度: 313/390 - 完成: Case completed: target=0.016, indenter_x=0.0
2025-12-01 17:34:56 | MainThread   | INFO     | 进度: 314/390 - 完成: Case completed: target=0.016, indenter_x=0.002
2025-12-01 17:34:57 | MainThread   | INFO     | 进度: 315/390 - 完成: Case completed: target=0.016, indenter_x=0.004
2025-12-01 17:34:58 | MainThread   | INFO     | 进度: 316/390 - 完成: Case completed: target=0.016, indenter_x=0.006
2025-12-01 17:34:58 | MainThread   | INFO     | 进度: 317/390 - 完成: Case completed: target=0.016, indenter_x=0.008
2025-12-01 17:34:59 | MainThread   | INFO     | 进度: 318/390 - 完成: Case completed: target=0.016, indenter_x=0.01
2025-12-01 17:35:00 | MainThread   | INFO     | 进度: 319/390 - 完成: Case completed: target=0.016, indenter_x=0.012
2025-12-01 17:35:01 | MainThread   | INFO     | 进度: 320/390 - 完成: Case completed: target=0.016, indenter_x=0.014
2025-12-01 17:35:01 | MainThread   | INFO     | 进度报告: 已完成 320/390 (82.1%) - 预计剩余时间: 0.8分钟
2025-12-01 17:35:02 | MainThread   | INFO     | 系统状态: CPU使用率 100.0%, 内存使用率 9.5%
2025-12-01 17:35:02 | MainThread   | INFO     | 进度: 321/390 - 完成: Case completed: target=0.016, indenter_x=0.016
2025-12-01 17:35:02 | MainThread   | INFO     | 进度: 322/390 - 完成: Case completed: target=0.016, indenter_x=0.018
2025-12-01 17:35:02 | MainThread   | INFO     | 进度: 323/390 - 完成: Case completed: target=0.016, indenter_x=0.02
2025-12-01 17:35:02 | MainThread   | INFO     | 进度: 324/390 - 完成: Case completed: target=0.016, indenter_x=0.022
2025-12-01 17:35:03 | MainThread   | INFO     | 进度: 325/390 - 完成: Case completed: target=0.016, indenter_x=0.024
2025-12-01 17:35:03 | MainThread   | INFO     | 进度: 326/390 - 完成: Case completed: target=0.016, indenter_x=0.026
2025-12-01 17:35:03 | MainThread   | INFO     | 进度: 327/390 - 完成: Case completed: target=0.016, indenter_x=0.028
2025-12-01 17:35:04 | MainThread   | INFO     | 进度: 328/390 - 完成: Case completed: target=0.016, indenter_x=0.03
2025-12-01 17:35:04 | MainThread   | INFO     | 进度: 329/390 - 完成: Case completed: target=0.016, indenter_x=0.032
2025-12-01 17:35:05 | MainThread   | INFO     | 进度: 330/390 - 完成: Case completed: target=0.016, indenter_x=0.034
2025-12-01 17:35:05 | MainThread   | INFO     | 进度报告: 已完成 330/390 (84.6%) - 预计剩余时间: 0.7分钟
2025-12-01 17:35:06 | MainThread   | INFO     | 系统状态: CPU使用率 100.0%, 内存使用率 9.6%
2025-12-01 17:35:06 | MainThread   | INFO     | 进度: 331/390 - 完成: Case completed: target=0.016, indenter_x=0.036
2025-12-01 17:35:07 | MainThread   | INFO     | 进度: 332/390 - 完成: Case completed: target=0.016, indenter_x=0.038
2025-12-01 17:35:07 | MainThread   | INFO     | 进度: 333/390 - 完成: Case completed: target=0.016, indenter_x=0.04
2025-12-01 17:35:08 | MainThread   | INFO     | 进度: 334/390 - 完成: Case completed: target=0.016, indenter_x=0.042
2025-12-01 17:35:09 | MainThread   | INFO     | 进度: 335/390 - 完成: Case completed: target=0.016, indenter_x=0.044
2025-12-01 17:35:10 | MainThread   | INFO     | 进度: 336/390 - 完成: Case completed: target=0.016, indenter_x=0.046
2025-12-01 17:35:18 | MainThread   | INFO     | 进度: 337/390 - 完成: Case completed: target=0.016, indenter_x=0.048
2025-12-01 17:35:19 | MainThread   | INFO     | 进度: 338/390 - 完成: Case completed: target=0.016, indenter_x=0.05
2025-12-01 17:35:21 | MainThread   | INFO     | 进度: 339/390 - 完成: Case completed: target=0.015, indenter_x=0.0
2025-12-01 17:35:22 | MainThread   | INFO     | 进度: 340/390 - 完成: Case completed: target=0.015, indenter_x=0.002
2025-12-01 17:35:22 | MainThread   | INFO     | 进度报告: 已完成 340/390 (87.2%) - 预计剩余时间: 0.6分钟
2025-12-01 17:35:23 | MainThread   | INFO     | 系统状态: CPU使用率 100.0%, 内存使用率 9.5%
2025-12-01 17:35:23 | MainThread   | INFO     | 进度: 341/390 - 完成: Case completed: target=0.015, indenter_x=0.004
2025-12-01 17:35:23 | MainThread   | INFO     | 进度: 342/390 - 完成: Case completed: target=0.015, indenter_x=0.006
2025-12-01 17:35:23 | MainThread   | INFO     | 进度: 343/390 - 完成: Case completed: target=0.015, indenter_x=0.008
2025-12-01 17:35:24 | MainThread   | INFO     | 进度: 344/390 - 完成: Case completed: target=0.015, indenter_x=0.01
2025-12-01 17:35:25 | MainThread   | INFO     | 进度: 345/390 - 完成: Case completed: target=0.015, indenter_x=0.012
2025-12-01 17:35:25 | MainThread   | INFO     | 进度: 346/390 - 完成: Case completed: target=0.015, indenter_x=0.014
2025-12-01 17:35:25 | MainThread   | INFO     | 进度: 347/390 - 完成: Case completed: target=0.015, indenter_x=0.016
2025-12-01 17:35:26 | MainThread   | INFO     | 进度: 348/390 - 完成: Case completed: target=0.015, indenter_x=0.018
2025-12-01 17:35:26 | MainThread   | INFO     | 进度: 349/390 - 完成: Case completed: target=0.015, indenter_x=0.02
2025-12-01 17:35:27 | MainThread   | INFO     | 进度: 350/390 - 完成: Case completed: target=0.015, indenter_x=0.022
2025-12-01 17:35:27 | MainThread   | INFO     | 进度报告: 已完成 350/390 (89.7%) - 预计剩余时间: 0.5分钟
2025-12-01 17:35:28 | MainThread   | INFO     | 系统状态: CPU使用率 100.0%, 内存使用率 9.6%
2025-12-01 17:35:28 | MainThread   | INFO     | 进度: 351/390 - 完成: Case completed: target=0.015, indenter_x=0.024
2025-12-01 17:35:28 | MainThread   | INFO     | 进度: 352/390 - 完成: Case completed: target=0.015, indenter_x=0.026
2025-12-01 17:35:28 | MainThread   | INFO     | 进度: 353/390 - 完成: Case completed: target=0.015, indenter_x=0.028
2025-12-01 17:35:29 | MainThread   | INFO     | 进度: 354/390 - 完成: Case completed: target=0.015, indenter_x=0.03
2025-12-01 17:35:29 | MainThread   | INFO     | 进度: 355/390 - 完成: Case completed: target=0.015, indenter_x=0.032
2025-12-01 17:35:31 | MainThread   | INFO     | 进度: 356/390 - 完成: Case completed: target=0.015, indenter_x=0.034
2025-12-01 17:35:31 | MainThread   | INFO     | 进度: 357/390 - 完成: Case completed: target=0.015, indenter_x=0.036
2025-12-01 17:35:32 | MainThread   | INFO     | 进度: 358/390 - 完成: Case completed: target=0.015, indenter_x=0.038
2025-12-01 17:35:33 | MainThread   | INFO     | 进度: 359/390 - 完成: Case completed: target=0.015, indenter_x=0.04
2025-12-01 17:35:33 | MainThread   | INFO     | 进度: 360/390 - 完成: Case completed: target=0.015, indenter_x=0.042
2025-12-01 17:35:33 | MainThread   | INFO     | 进度报告: 已完成 360/390 (92.3%) - 预计剩余时间: 0.3分钟
2025-12-01 17:35:34 | MainThread   | INFO     | 系统状态: CPU使用率 100.0%, 内存使用率 9.7%
2025-12-01 17:35:42 | MainThread   | INFO     | 进度: 361/390 - 完成: Case completed: target=0.015, indenter_x=0.044
2025-12-01 17:35:43 | MainThread   | INFO     | 进度: 362/390 - 完成: Case completed: target=0.015, indenter_x=0.046
2025-12-01 17:35:45 | MainThread   | INFO     | 进度: 363/390 - 完成: Case completed: target=0.015, indenter_x=0.048
2025-12-01 17:35:47 | MainThread   | INFO     | 进度: 364/390 - 完成: Case completed: target=0.015, indenter_x=0.05
