2025-12-01 17:21:24 | MainThread   | INFO     | 柔性体质量: 0.153600 kg
2025-12-01 17:21:25 | MainThread   | INFO     | 模拟运行器初始化完成
2025-12-01 17:21:25 | MainThread   | INFO     | 开始慢速下压...
2025-12-01 17:21:35 | MainThread   | INFO     | 找到 139 个npy文件
2025-12-01 17:21:35 | MainThread   | INFO     | 第一个文件形状: (17, 17, 3, 3), 数据类型: float64
2025-12-01 17:21:37 | MainThread   | INFO     | 合并后的形状: (139, 17, 17, 3, 3)
2025-12-01 17:21:37 | MainThread   | INFO     | 总文件数: 139
2025-12-01 17:21:37 | MainThread   | INFO     | 已合并文件 1/139: grid_20251201_172124_568671_000010.npy
2025-12-01 17:21:37 | MainThread   | INFO     | 已合并文件 2/139: grid_20251201_172124_568671_000019.npy
2025-12-01 17:21:37 | MainThread   | INFO     | 已合并文件 3/139: grid_20251201_172124_568671_000029.npy
2025-12-01 17:21:37 | MainThread   | INFO     | 已合并文件 4/139: grid_20251201_172124_568671_000039.npy
2025-12-01 17:21:37 | MainThread   | INFO     | 已合并文件 5/139: grid_20251201_172124_568671_000049.npy
2025-12-01 17:21:37 | MainThread   | INFO     | 已合并文件 6/139: grid_20251201_172124_568671_000059.npy
2025-12-01 17:21:37 | MainThread   | INFO     | 已合并文件 7/139: grid_20251201_172124_568671_000069.npy
2025-12-01 17:21:37 | MainThread   | INFO     | 已合并文件 8/139: grid_20251201_172124_568671_000080.npy
2025-12-01 17:21:37 | MainThread   | INFO     | 已合并文件 9/139: grid_20251201_172124_568671_000090.npy
2025-12-01 17:21:37 | MainThread   | INFO     | 已合并文件 10/139: grid_20251201_172124_568671_000100.npy
2025-12-01 17:21:37 | MainThread   | INFO     | 已合并文件 11/139: grid_20251201_172124_568671_000110.npy
2025-12-01 17:21:37 | MainThread   | INFO     | 已合并文件 12/139: grid_20251201_172124_568671_000120.npy
2025-12-01 17:21:37 | MainThread   | INFO     | 已合并文件 13/139: grid_20251201_172124_568671_000130.npy
2025-12-01 17:21:37 | MainThread   | INFO     | 已合并文件 14/139: grid_20251201_172124_568671_000140.npy
2025-12-01 17:21:37 | MainThread   | INFO     | 已合并文件 15/139: grid_20251201_172124_568671_000150.npy
2025-12-01 17:21:37 | MainThread   | INFO     | 已合并文件 16/139: grid_20251201_172124_568671_000160.npy
2025-12-01 17:21:37 | MainThread   | INFO     | 已合并文件 17/139: grid_20251201_172124_568671_000170.npy
2025-12-01 17:21:37 | MainThread   | INFO     | 已合并文件 18/139: grid_20251201_172124_568671_000180.npy
2025-12-01 17:21:37 | MainThread   | INFO     | 已合并文件 19/139: grid_20251201_172124_568671_000190.npy
2025-12-01 17:21:37 | MainThread   | INFO     | 已合并文件 20/139: grid_20251201_172124_568671_000200.npy
2025-12-01 17:21:37 | MainThread   | INFO     | 已合并文件 21/139: grid_20251201_172124_568671_000210.npy
2025-12-01 17:21:37 | MainThread   | INFO     | 已合并文件 22/139: grid_20251201_172124_568671_000220.npy
2025-12-01 17:21:37 | MainThread   | INFO     | 已合并文件 23/139: grid_20251201_172124_568671_000230.npy
2025-12-01 17:21:37 | MainThread   | INFO     | 已合并文件 24/139: grid_20251201_172124_568671_000240.npy
2025-12-01 17:21:37 | MainThread   | INFO     | 已合并文件 25/139: grid_20251201_172124_568671_000250.npy
2025-12-01 17:21:37 | MainThread   | INFO     | 已合并文件 26/139: grid_20251201_172124_568671_000260.npy
2025-12-01 17:21:37 | MainThread   | INFO     | 已合并文件 27/139: grid_20251201_172124_568671_000270.npy
2025-12-01 17:21:37 | MainThread   | INFO     | 已合并文件 28/139: grid_20251201_172124_568671_000280.npy
2025-12-01 17:21:37 | MainThread   | INFO     | 已合并文件 29/139: grid_20251201_172124_568671_000290.npy
2025-12-01 17:21:37 | MainThread   | INFO     | 已合并文件 30/139: grid_20251201_172124_568671_000299.npy
2025-12-01 17:21:37 | MainThread   | INFO     | 已合并文件 31/139: grid_20251201_172124_568671_000309.npy
2025-12-01 17:21:37 | MainThread   | INFO     | 已合并文件 32/139: grid_20251201_172124_568671_000319.npy
2025-12-01 17:21:37 | MainThread   | INFO     | 已合并文件 33/139: grid_20251201_172124_568671_000329.npy
2025-12-01 17:21:37 | MainThread   | INFO     | 已合并文件 34/139: grid_20251201_172124_568671_000339.npy
2025-12-01 17:21:37 | MainThread   | INFO     | 已合并文件 35/139: grid_20251201_172124_568671_000349.npy
2025-12-01 17:21:37 | MainThread   | INFO     | 已合并文件 36/139: grid_20251201_172124_568671_000359.npy
2025-12-01 17:21:37 | MainThread   | INFO     | 已合并文件 37/139: grid_20251201_172124_568671_000369.npy
2025-12-01 17:21:37 | MainThread   | INFO     | 已合并文件 38/139: grid_20251201_172124_568671_000379.npy
2025-12-01 17:21:37 | MainThread   | INFO     | 已合并文件 39/139: grid_20251201_172124_568671_000389.npy
2025-12-01 17:21:37 | MainThread   | INFO     | 已合并文件 40/139: grid_20251201_172124_568671_000399.npy
2025-12-01 17:21:37 | MainThread   | INFO     | 已合并文件 41/139: grid_20251201_172124_568671_000409.npy
2025-12-01 17:21:37 | MainThread   | INFO     | 已合并文件 42/139: grid_20251201_172124_568671_000419.npy
2025-12-01 17:21:37 | MainThread   | INFO     | 已合并文件 43/139: grid_20251201_172124_568671_000429.npy
2025-12-01 17:21:37 | MainThread   | INFO     | 已合并文件 44/139: grid_20251201_172124_568671_000439.npy
2025-12-01 17:21:37 | MainThread   | INFO     | 已合并文件 45/139: grid_20251201_172124_568671_000449.npy
2025-12-01 17:21:37 | MainThread   | INFO     | 已合并文件 46/139: grid_20251201_172124_568671_000459.npy
2025-12-01 17:21:37 | MainThread   | INFO     | 已合并文件 47/139: grid_20251201_172124_568671_000469.npy
2025-12-01 17:21:37 | MainThread   | INFO     | 已合并文件 48/139: grid_20251201_172124_568671_000479.npy
2025-12-01 17:21:37 | MainThread   | INFO     | 已合并文件 49/139: grid_20251201_172124_568671_000489.npy
2025-12-01 17:21:37 | MainThread   | INFO     | 已合并文件 50/139: grid_20251201_172124_568671_000499.npy
2025-12-01 17:21:37 | MainThread   | INFO     | 已合并文件 51/139: grid_20251201_172124_568671_000509.npy
2025-12-01 17:21:37 | MainThread   | INFO     | 已合并文件 52/139: grid_20251201_172124_568671_000519.npy
2025-12-01 17:21:37 | MainThread   | INFO     | 已合并文件 53/139: grid_20251201_172124_568671_000529.npy
2025-12-01 17:21:37 | MainThread   | INFO     | 已合并文件 54/139: grid_20251201_172124_568671_000539.npy
2025-12-01 17:21:37 | MainThread   | INFO     | 已合并文件 55/139: grid_20251201_172124_568671_000549.npy
2025-12-01 17:21:37 | MainThread   | INFO     | 已合并文件 56/139: grid_20251201_172124_568671_000559.npy
2025-12-01 17:21:37 | MainThread   | INFO     | 已合并文件 57/139: grid_20251201_172124_568671_000569.npy
2025-12-01 17:21:37 | MainThread   | INFO     | 已合并文件 58/139: grid_20251201_172124_568671_000579.npy
2025-12-01 17:21:37 | MainThread   | INFO     | 已合并文件 59/139: grid_20251201_172124_568671_000589.npy
2025-12-01 17:21:37 | MainThread   | INFO     | 已合并文件 60/139: grid_20251201_172124_568671_000599.npy
2025-12-01 17:21:37 | MainThread   | INFO     | 已合并文件 61/139: grid_20251201_172124_568671_000609.npy
2025-12-01 17:21:37 | MainThread   | INFO     | 已合并文件 62/139: grid_20251201_172124_568671_000619.npy
2025-12-01 17:21:37 | MainThread   | INFO     | 已合并文件 63/139: grid_20251201_172124_568671_000629.npy
2025-12-01 17:21:37 | MainThread   | INFO     | 已合并文件 64/139: grid_20251201_172124_568671_000639.npy
2025-12-01 17:21:37 | MainThread   | INFO     | 已合并文件 65/139: grid_20251201_172124_568671_000649.npy
2025-12-01 17:21:37 | MainThread   | INFO     | 已合并文件 66/139: grid_20251201_172124_568671_000659.npy
2025-12-01 17:21:37 | MainThread   | INFO     | 已合并文件 67/139: grid_20251201_172124_568671_000669.npy
2025-12-01 17:21:37 | MainThread   | INFO     | 已合并文件 68/139: grid_20251201_172124_568671_000679.npy
2025-12-01 17:21:37 | MainThread   | INFO     | 已合并文件 69/139: grid_20251201_172124_568671_000689.npy
2025-12-01 17:21:37 | MainThread   | INFO     | 已合并文件 70/139: grid_20251201_172124_568671_000699.npy
2025-12-01 17:21:37 | MainThread   | INFO     | 已合并文件 71/139: grid_20251201_172124_568671_000709.npy
2025-12-01 17:21:37 | MainThread   | INFO     | 已合并文件 72/139: grid_20251201_172124_568671_000719.npy
2025-12-01 17:21:37 | MainThread   | INFO     | 已合并文件 73/139: grid_20251201_172124_568671_000729.npy
2025-12-01 17:21:37 | MainThread   | INFO     | 已合并文件 74/139: grid_20251201_172124_568671_000739.npy
2025-12-01 17:21:37 | MainThread   | INFO     | 已合并文件 75/139: grid_20251201_172124_568671_000749.npy
2025-12-01 17:21:37 | MainThread   | INFO     | 已合并文件 76/139: grid_20251201_172124_568671_000759.npy
2025-12-01 17:21:37 | MainThread   | INFO     | 已合并文件 77/139: grid_20251201_172124_568671_000769.npy
2025-12-01 17:21:37 | MainThread   | INFO     | 已合并文件 78/139: grid_20251201_172124_568671_000779.npy
2025-12-01 17:21:37 | MainThread   | INFO     | 已合并文件 79/139: grid_20251201_172124_568671_000789.npy
2025-12-01 17:21:37 | MainThread   | INFO     | 已合并文件 80/139: grid_20251201_172124_568671_000799.npy
2025-12-01 17:21:37 | MainThread   | INFO     | 已合并文件 81/139: grid_20251201_172124_568671_000809.npy
2025-12-01 17:21:37 | MainThread   | INFO     | 已合并文件 82/139: grid_20251201_172124_568671_000819.npy
2025-12-01 17:21:37 | MainThread   | INFO     | 已合并文件 83/139: grid_20251201_172124_568671_000829.npy
2025-12-01 17:21:37 | MainThread   | INFO     | 已合并文件 84/139: grid_20251201_172124_568671_000839.npy
2025-12-01 17:21:37 | MainThread   | INFO     | 已合并文件 85/139: grid_20251201_172124_568671_000849.npy
2025-12-01 17:21:37 | MainThread   | INFO     | 已合并文件 86/139: grid_20251201_172124_568671_000859.npy
2025-12-01 17:21:37 | MainThread   | INFO     | 已合并文件 87/139: grid_20251201_172124_568671_000869.npy
2025-12-01 17:21:37 | MainThread   | INFO     | 已合并文件 88/139: grid_20251201_172124_568671_000879.npy
2025-12-01 17:21:37 | MainThread   | INFO     | 已合并文件 89/139: grid_20251201_172124_568671_000889.npy
2025-12-01 17:21:37 | MainThread   | INFO     | 已合并文件 90/139: grid_20251201_172124_568671_000899.npy
2025-12-01 17:21:37 | MainThread   | INFO     | 已合并文件 91/139: grid_20251201_172124_568671_000909.npy
2025-12-01 17:21:37 | MainThread   | INFO     | 已合并文件 92/139: grid_20251201_172124_568671_000919.npy
2025-12-01 17:21:37 | MainThread   | INFO     | 已合并文件 93/139: grid_20251201_172124_568671_000929.npy
2025-12-01 17:21:37 | MainThread   | INFO     | 已合并文件 94/139: grid_20251201_172124_568671_000939.npy
2025-12-01 17:21:37 | MainThread   | INFO     | 已合并文件 95/139: grid_20251201_172124_568671_000949.npy
2025-12-01 17:21:37 | MainThread   | INFO     | 已合并文件 96/139: grid_20251201_172124_568671_000959.npy
2025-12-01 17:21:37 | MainThread   | INFO     | 已合并文件 97/139: grid_20251201_172124_568671_000969.npy
2025-12-01 17:21:37 | MainThread   | INFO     | 已合并文件 98/139: grid_20251201_172124_568671_000979.npy
2025-12-01 17:21:37 | MainThread   | INFO     | 已合并文件 99/139: grid_20251201_172124_568671_000989.npy
2025-12-01 17:21:37 | MainThread   | INFO     | 已合并文件 100/139: grid_20251201_172124_568671_000999.npy
2025-12-01 17:21:37 | MainThread   | INFO     | 已合并文件 101/139: grid_20251201_172124_568671_001009.npy
2025-12-01 17:21:37 | MainThread   | INFO     | 已合并文件 102/139: grid_20251201_172124_568671_001019.npy
2025-12-01 17:21:37 | MainThread   | INFO     | 已合并文件 103/139: grid_20251201_172124_568671_001029.npy
2025-12-01 17:21:37 | MainThread   | INFO     | 已合并文件 104/139: grid_20251201_172124_568671_001039.npy
2025-12-01 17:21:37 | MainThread   | INFO     | 已合并文件 105/139: grid_20251201_172124_568671_001049.npy
2025-12-01 17:21:37 | MainThread   | INFO     | 已合并文件 106/139: grid_20251201_172124_568671_001059.npy
2025-12-01 17:21:37 | MainThread   | INFO     | 已合并文件 107/139: grid_20251201_172124_568671_001069.npy
2025-12-01 17:21:37 | MainThread   | INFO     | 已合并文件 108/139: grid_20251201_172124_568671_001079.npy
2025-12-01 17:21:37 | MainThread   | INFO     | 已合并文件 109/139: grid_20251201_172124_568671_001089.npy
2025-12-01 17:21:37 | MainThread   | INFO     | 已合并文件 110/139: grid_20251201_172124_568671_001099.npy
2025-12-01 17:21:37 | MainThread   | INFO     | 已合并文件 111/139: grid_20251201_172124_568671_001109.npy
2025-12-01 17:21:37 | MainThread   | INFO     | 已合并文件 112/139: grid_20251201_172124_568671_001119.npy
2025-12-01 17:21:37 | MainThread   | INFO     | 已合并文件 113/139: grid_20251201_172124_568671_001129.npy
2025-12-01 17:21:37 | MainThread   | INFO     | 已合并文件 114/139: grid_20251201_172124_568671_001139.npy
2025-12-01 17:21:37 | MainThread   | INFO     | 已合并文件 115/139: grid_20251201_172124_568671_001149.npy
2025-12-01 17:21:37 | MainThread   | INFO     | 已合并文件 116/139: grid_20251201_172124_568671_001159.npy
2025-12-01 17:21:37 | MainThread   | INFO     | 已合并文件 117/139: grid_20251201_172124_568671_001169.npy
2025-12-01 17:21:37 | MainThread   | INFO     | 已合并文件 118/139: grid_20251201_172124_568671_001179.npy
2025-12-01 17:21:37 | MainThread   | INFO     | 已合并文件 119/139: grid_20251201_172124_568671_001189.npy
2025-12-01 17:21:37 | MainThread   | INFO     | 已合并文件 120/139: grid_20251201_172124_568671_001199.npy
2025-12-01 17:21:37 | MainThread   | INFO     | 已合并文件 121/139: grid_20251201_172124_568671_001209.npy
2025-12-01 17:21:37 | MainThread   | INFO     | 已合并文件 122/139: grid_20251201_172124_568671_001219.npy
2025-12-01 17:21:37 | MainThread   | INFO     | 已合并文件 123/139: grid_20251201_172124_568671_001229.npy
2025-12-01 17:21:37 | MainThread   | INFO     | 已合并文件 124/139: grid_20251201_172124_568671_001239.npy
2025-12-01 17:21:37 | MainThread   | INFO     | 已合并文件 125/139: grid_20251201_172124_568671_001249.npy
2025-12-01 17:21:37 | MainThread   | INFO     | 已合并文件 126/139: grid_20251201_172124_568671_001259.npy
2025-12-01 17:21:37 | MainThread   | INFO     | 已合并文件 127/139: grid_20251201_172124_568671_001269.npy
2025-12-01 17:21:37 | MainThread   | INFO     | 已合并文件 128/139: grid_20251201_172124_568671_001279.npy
2025-12-01 17:21:37 | MainThread   | INFO     | 已合并文件 129/139: grid_20251201_172124_568671_001289.npy
2025-12-01 17:21:37 | MainThread   | INFO     | 已合并文件 130/139: grid_20251201_172124_568671_001299.npy
2025-12-01 17:21:37 | MainThread   | INFO     | 已合并文件 131/139: grid_20251201_172124_568671_001309.npy
2025-12-01 17:21:37 | MainThread   | INFO     | 已合并文件 132/139: grid_20251201_172124_568671_001319.npy
2025-12-01 17:21:37 | MainThread   | INFO     | 已合并文件 133/139: grid_20251201_172124_568671_001329.npy
2025-12-01 17:21:37 | MainThread   | INFO     | 已合并文件 134/139: grid_20251201_172124_568671_001339.npy
2025-12-01 17:21:37 | MainThread   | INFO     | 已合并文件 135/139: grid_20251201_172124_568671_001349.npy
2025-12-01 17:21:37 | MainThread   | INFO     | 已合并文件 136/139: grid_20251201_172124_568671_001359.npy
2025-12-01 17:21:37 | MainThread   | INFO     | 已合并文件 137/139: grid_20251201_172124_568671_001369.npy
2025-12-01 17:21:37 | MainThread   | INFO     | 已合并文件 138/139: grid_20251201_172124_568671_001379.npy
2025-12-01 17:21:37 | MainThread   | INFO     | 已合并文件 139/139: grid_20251201_172124_568671_001389.npy
2025-12-01 17:21:37 | MainThread   | INFO     | ✓ 数据已成功合并: simulation_results\target_0.022_indenter_0.038\grid_20251201_172124_568671.npy
2025-12-01 17:21:37 | MainThread   | INFO     | 文件大小: 2.76 MB
2025-12-01 17:21:37 | MainThread   | INFO     | 柔性体质量: 0.153600 kg
2025-12-01 17:21:37 | MainThread   | INFO     | 模拟运行器初始化完成
2025-12-01 17:21:38 | MainThread   | INFO     | 开始慢速下压...
2025-12-01 17:21:49 | MainThread   | INFO     | 找到 149 个npy文件
2025-12-01 17:21:49 | MainThread   | INFO     | 第一个文件形状: (17, 17, 3, 3), 数据类型: float64
2025-12-01 17:21:50 | MainThread   | INFO     | 合并后的形状: (149, 17, 17, 3, 3)
2025-12-01 17:21:50 | MainThread   | INFO     | 总文件数: 149
2025-12-01 17:21:50 | MainThread   | INFO     | 已合并文件 1/149: grid_20251201_172137_138103_000010.npy
2025-12-01 17:21:50 | MainThread   | INFO     | 已合并文件 2/149: grid_20251201_172137_138103_000019.npy
2025-12-01 17:21:50 | MainThread   | INFO     | 已合并文件 3/149: grid_20251201_172137_138103_000029.npy
2025-12-01 17:21:50 | MainThread   | INFO     | 已合并文件 4/149: grid_20251201_172137_138103_000039.npy
2025-12-01 17:21:50 | MainThread   | INFO     | 已合并文件 5/149: grid_20251201_172137_138103_000049.npy
2025-12-01 17:21:50 | MainThread   | INFO     | 已合并文件 6/149: grid_20251201_172137_138103_000059.npy
2025-12-01 17:21:50 | MainThread   | INFO     | 已合并文件 7/149: grid_20251201_172137_138103_000069.npy
2025-12-01 17:21:50 | MainThread   | INFO     | 已合并文件 8/149: grid_20251201_172137_138103_000080.npy
2025-12-01 17:21:50 | MainThread   | INFO     | 已合并文件 9/149: grid_20251201_172137_138103_000090.npy
2025-12-01 17:21:50 | MainThread   | INFO     | 已合并文件 10/149: grid_20251201_172137_138103_000100.npy
2025-12-01 17:21:50 | MainThread   | INFO     | 已合并文件 11/149: grid_20251201_172137_138103_000110.npy
2025-12-01 17:21:50 | MainThread   | INFO     | 已合并文件 12/149: grid_20251201_172137_138103_000120.npy
2025-12-01 17:21:50 | MainThread   | INFO     | 已合并文件 13/149: grid_20251201_172137_138103_000130.npy
2025-12-01 17:21:50 | MainThread   | INFO     | 已合并文件 14/149: grid_20251201_172137_138103_000140.npy
2025-12-01 17:21:50 | MainThread   | INFO     | 已合并文件 15/149: grid_20251201_172137_138103_000150.npy
2025-12-01 17:21:50 | MainThread   | INFO     | 已合并文件 16/149: grid_20251201_172137_138103_000160.npy
2025-12-01 17:21:50 | MainThread   | INFO     | 已合并文件 17/149: grid_20251201_172137_138103_000170.npy
2025-12-01 17:21:50 | MainThread   | INFO     | 已合并文件 18/149: grid_20251201_172137_138103_000180.npy
2025-12-01 17:21:50 | MainThread   | INFO     | 已合并文件 19/149: grid_20251201_172137_138103_000190.npy
2025-12-01 17:21:50 | MainThread   | INFO     | 已合并文件 20/149: grid_20251201_172137_138103_000200.npy
2025-12-01 17:21:50 | MainThread   | INFO     | 已合并文件 21/149: grid_20251201_172137_138103_000210.npy
2025-12-01 17:21:50 | MainThread   | INFO     | 已合并文件 22/149: grid_20251201_172137_138103_000220.npy
2025-12-01 17:21:50 | MainThread   | INFO     | 已合并文件 23/149: grid_20251201_172137_138103_000230.npy
2025-12-01 17:21:50 | MainThread   | INFO     | 已合并文件 24/149: grid_20251201_172137_138103_000240.npy
2025-12-01 17:21:50 | MainThread   | INFO     | 已合并文件 25/149: grid_20251201_172137_138103_000250.npy
2025-12-01 17:21:50 | MainThread   | INFO     | 已合并文件 26/149: grid_20251201_172137_138103_000260.npy
2025-12-01 17:21:50 | MainThread   | INFO     | 已合并文件 27/149: grid_20251201_172137_138103_000270.npy
2025-12-01 17:21:50 | MainThread   | INFO     | 已合并文件 28/149: grid_20251201_172137_138103_000280.npy
2025-12-01 17:21:50 | MainThread   | INFO     | 已合并文件 29/149: grid_20251201_172137_138103_000290.npy
2025-12-01 17:21:50 | MainThread   | INFO     | 已合并文件 30/149: grid_20251201_172137_138103_000299.npy
2025-12-01 17:21:50 | MainThread   | INFO     | 已合并文件 31/149: grid_20251201_172137_138103_000309.npy
2025-12-01 17:21:50 | MainThread   | INFO     | 已合并文件 32/149: grid_20251201_172137_138103_000319.npy
2025-12-01 17:21:50 | MainThread   | INFO     | 已合并文件 33/149: grid_20251201_172137_138103_000329.npy
2025-12-01 17:21:50 | MainThread   | INFO     | 已合并文件 34/149: grid_20251201_172137_138103_000339.npy
2025-12-01 17:21:50 | MainThread   | INFO     | 已合并文件 35/149: grid_20251201_172137_138103_000349.npy
2025-12-01 17:21:50 | MainThread   | INFO     | 已合并文件 36/149: grid_20251201_172137_138103_000359.npy
2025-12-01 17:21:50 | MainThread   | INFO     | 已合并文件 37/149: grid_20251201_172137_138103_000369.npy
2025-12-01 17:21:50 | MainThread   | INFO     | 已合并文件 38/149: grid_20251201_172137_138103_000379.npy
2025-12-01 17:21:50 | MainThread   | INFO     | 已合并文件 39/149: grid_20251201_172137_138103_000389.npy
2025-12-01 17:21:50 | MainThread   | INFO     | 已合并文件 40/149: grid_20251201_172137_138103_000399.npy
2025-12-01 17:21:50 | MainThread   | INFO     | 已合并文件 41/149: grid_20251201_172137_138103_000409.npy
2025-12-01 17:21:50 | MainThread   | INFO     | 已合并文件 42/149: grid_20251201_172137_138103_000419.npy
2025-12-01 17:21:50 | MainThread   | INFO     | 已合并文件 43/149: grid_20251201_172137_138103_000429.npy
2025-12-01 17:21:50 | MainThread   | INFO     | 已合并文件 44/149: grid_20251201_172137_138103_000439.npy
2025-12-01 17:21:50 | MainThread   | INFO     | 已合并文件 45/149: grid_20251201_172137_138103_000449.npy
2025-12-01 17:21:50 | MainThread   | INFO     | 已合并文件 46/149: grid_20251201_172137_138103_000459.npy
2025-12-01 17:21:50 | MainThread   | INFO     | 已合并文件 47/149: grid_20251201_172137_138103_000469.npy
2025-12-01 17:21:50 | MainThread   | INFO     | 已合并文件 48/149: grid_20251201_172137_138103_000479.npy
2025-12-01 17:21:50 | MainThread   | INFO     | 已合并文件 49/149: grid_20251201_172137_138103_000489.npy
2025-12-01 17:21:50 | MainThread   | INFO     | 已合并文件 50/149: grid_20251201_172137_138103_000499.npy
2025-12-01 17:21:50 | MainThread   | INFO     | 已合并文件 51/149: grid_20251201_172137_138103_000509.npy
2025-12-01 17:21:50 | MainThread   | INFO     | 已合并文件 52/149: grid_20251201_172137_138103_000519.npy
2025-12-01 17:21:50 | MainThread   | INFO     | 已合并文件 53/149: grid_20251201_172137_138103_000529.npy
2025-12-01 17:21:50 | MainThread   | INFO     | 已合并文件 54/149: grid_20251201_172137_138103_000539.npy
2025-12-01 17:21:50 | MainThread   | INFO     | 已合并文件 55/149: grid_20251201_172137_138103_000549.npy
2025-12-01 17:21:50 | MainThread   | INFO     | 已合并文件 56/149: grid_20251201_172137_138103_000559.npy
2025-12-01 17:21:50 | MainThread   | INFO     | 已合并文件 57/149: grid_20251201_172137_138103_000569.npy
2025-12-01 17:21:50 | MainThread   | INFO     | 已合并文件 58/149: grid_20251201_172137_138103_000579.npy
2025-12-01 17:21:50 | MainThread   | INFO     | 已合并文件 59/149: grid_20251201_172137_138103_000589.npy
2025-12-01 17:21:50 | MainThread   | INFO     | 已合并文件 60/149: grid_20251201_172137_138103_000599.npy
2025-12-01 17:21:50 | MainThread   | INFO     | 已合并文件 61/149: grid_20251201_172137_138103_000609.npy
2025-12-01 17:21:50 | MainThread   | INFO     | 已合并文件 62/149: grid_20251201_172137_138103_000619.npy
2025-12-01 17:21:50 | MainThread   | INFO     | 已合并文件 63/149: grid_20251201_172137_138103_000629.npy
2025-12-01 17:21:50 | MainThread   | INFO     | 已合并文件 64/149: grid_20251201_172137_138103_000639.npy
2025-12-01 17:21:50 | MainThread   | INFO     | 已合并文件 65/149: grid_20251201_172137_138103_000649.npy
2025-12-01 17:21:50 | MainThread   | INFO     | 已合并文件 66/149: grid_20251201_172137_138103_000659.npy
2025-12-01 17:21:50 | MainThread   | INFO     | 已合并文件 67/149: grid_20251201_172137_138103_000669.npy
2025-12-01 17:21:50 | MainThread   | INFO     | 已合并文件 68/149: grid_20251201_172137_138103_000679.npy
2025-12-01 17:21:50 | MainThread   | INFO     | 已合并文件 69/149: grid_20251201_172137_138103_000689.npy
2025-12-01 17:21:50 | MainThread   | INFO     | 已合并文件 70/149: grid_20251201_172137_138103_000699.npy
2025-12-01 17:21:50 | MainThread   | INFO     | 已合并文件 71/149: grid_20251201_172137_138103_000709.npy
2025-12-01 17:21:50 | MainThread   | INFO     | 已合并文件 72/149: grid_20251201_172137_138103_000719.npy
2025-12-01 17:21:50 | MainThread   | INFO     | 已合并文件 73/149: grid_20251201_172137_138103_000729.npy
2025-12-01 17:21:50 | MainThread   | INFO     | 已合并文件 74/149: grid_20251201_172137_138103_000739.npy
2025-12-01 17:21:50 | MainThread   | INFO     | 已合并文件 75/149: grid_20251201_172137_138103_000749.npy
2025-12-01 17:21:50 | MainThread   | INFO     | 已合并文件 76/149: grid_20251201_172137_138103_000759.npy
2025-12-01 17:21:50 | MainThread   | INFO     | 已合并文件 77/149: grid_20251201_172137_138103_000769.npy
2025-12-01 17:21:50 | MainThread   | INFO     | 已合并文件 78/149: grid_20251201_172137_138103_000779.npy
2025-12-01 17:21:50 | MainThread   | INFO     | 已合并文件 79/149: grid_20251201_172137_138103_000789.npy
2025-12-01 17:21:50 | MainThread   | INFO     | 已合并文件 80/149: grid_20251201_172137_138103_000799.npy
2025-12-01 17:21:50 | MainThread   | INFO     | 已合并文件 81/149: grid_20251201_172137_138103_000809.npy
2025-12-01 17:21:50 | MainThread   | INFO     | 已合并文件 82/149: grid_20251201_172137_138103_000819.npy
2025-12-01 17:21:50 | MainThread   | INFO     | 已合并文件 83/149: grid_20251201_172137_138103_000829.npy
2025-12-01 17:21:50 | MainThread   | INFO     | 已合并文件 84/149: grid_20251201_172137_138103_000839.npy
2025-12-01 17:21:50 | MainThread   | INFO     | 已合并文件 85/149: grid_20251201_172137_138103_000849.npy
2025-12-01 17:21:50 | MainThread   | INFO     | 已合并文件 86/149: grid_20251201_172137_138103_000859.npy
2025-12-01 17:21:50 | MainThread   | INFO     | 已合并文件 87/149: grid_20251201_172137_138103_000869.npy
2025-12-01 17:21:50 | MainThread   | INFO     | 已合并文件 88/149: grid_20251201_172137_138103_000879.npy
2025-12-01 17:21:50 | MainThread   | INFO     | 已合并文件 89/149: grid_20251201_172137_138103_000889.npy
2025-12-01 17:21:50 | MainThread   | INFO     | 已合并文件 90/149: grid_20251201_172137_138103_000899.npy
2025-12-01 17:21:50 | MainThread   | INFO     | 已合并文件 91/149: grid_20251201_172137_138103_000909.npy
2025-12-01 17:21:50 | MainThread   | INFO     | 已合并文件 92/149: grid_20251201_172137_138103_000919.npy
2025-12-01 17:21:50 | MainThread   | INFO     | 已合并文件 93/149: grid_20251201_172137_138103_000929.npy
2025-12-01 17:21:50 | MainThread   | INFO     | 已合并文件 94/149: grid_20251201_172137_138103_000939.npy
2025-12-01 17:21:50 | MainThread   | INFO     | 已合并文件 95/149: grid_20251201_172137_138103_000949.npy
2025-12-01 17:21:50 | MainThread   | INFO     | 已合并文件 96/149: grid_20251201_172137_138103_000959.npy
2025-12-01 17:21:50 | MainThread   | INFO     | 已合并文件 97/149: grid_20251201_172137_138103_000969.npy
2025-12-01 17:21:50 | MainThread   | INFO     | 已合并文件 98/149: grid_20251201_172137_138103_000979.npy
2025-12-01 17:21:50 | MainThread   | INFO     | 已合并文件 99/149: grid_20251201_172137_138103_000989.npy
2025-12-01 17:21:50 | MainThread   | INFO     | 已合并文件 100/149: grid_20251201_172137_138103_000999.npy
2025-12-01 17:21:50 | MainThread   | INFO     | 已合并文件 101/149: grid_20251201_172137_138103_001009.npy
2025-12-01 17:21:50 | MainThread   | INFO     | 已合并文件 102/149: grid_20251201_172137_138103_001019.npy
2025-12-01 17:21:50 | MainThread   | INFO     | 已合并文件 103/149: grid_20251201_172137_138103_001029.npy
2025-12-01 17:21:50 | MainThread   | INFO     | 已合并文件 104/149: grid_20251201_172137_138103_001039.npy
2025-12-01 17:21:50 | MainThread   | INFO     | 已合并文件 105/149: grid_20251201_172137_138103_001049.npy
2025-12-01 17:21:50 | MainThread   | INFO     | 已合并文件 106/149: grid_20251201_172137_138103_001059.npy
2025-12-01 17:21:50 | MainThread   | INFO     | 已合并文件 107/149: grid_20251201_172137_138103_001069.npy
2025-12-01 17:21:50 | MainThread   | INFO     | 已合并文件 108/149: grid_20251201_172137_138103_001079.npy
2025-12-01 17:21:50 | MainThread   | INFO     | 已合并文件 109/149: grid_20251201_172137_138103_001089.npy
2025-12-01 17:21:50 | MainThread   | INFO     | 已合并文件 110/149: grid_20251201_172137_138103_001099.npy
2025-12-01 17:21:50 | MainThread   | INFO     | 已合并文件 111/149: grid_20251201_172137_138103_001109.npy
2025-12-01 17:21:50 | MainThread   | INFO     | 已合并文件 112/149: grid_20251201_172137_138103_001119.npy
2025-12-01 17:21:50 | MainThread   | INFO     | 已合并文件 113/149: grid_20251201_172137_138103_001129.npy
2025-12-01 17:21:50 | MainThread   | INFO     | 已合并文件 114/149: grid_20251201_172137_138103_001139.npy
2025-12-01 17:21:50 | MainThread   | INFO     | 已合并文件 115/149: grid_20251201_172137_138103_001149.npy
2025-12-01 17:21:50 | MainThread   | INFO     | 已合并文件 116/149: grid_20251201_172137_138103_001159.npy
2025-12-01 17:21:50 | MainThread   | INFO     | 已合并文件 117/149: grid_20251201_172137_138103_001169.npy
2025-12-01 17:21:50 | MainThread   | INFO     | 已合并文件 118/149: grid_20251201_172137_138103_001179.npy
2025-12-01 17:21:50 | MainThread   | INFO     | 已合并文件 119/149: grid_20251201_172137_138103_001189.npy
2025-12-01 17:21:50 | MainThread   | INFO     | 已合并文件 120/149: grid_20251201_172137_138103_001199.npy
2025-12-01 17:21:50 | MainThread   | INFO     | 已合并文件 121/149: grid_20251201_172137_138103_001209.npy
2025-12-01 17:21:50 | MainThread   | INFO     | 已合并文件 122/149: grid_20251201_172137_138103_001219.npy
2025-12-01 17:21:50 | MainThread   | INFO     | 已合并文件 123/149: grid_20251201_172137_138103_001229.npy
2025-12-01 17:21:50 | MainThread   | INFO     | 已合并文件 124/149: grid_20251201_172137_138103_001239.npy
2025-12-01 17:21:50 | MainThread   | INFO     | 已合并文件 125/149: grid_20251201_172137_138103_001249.npy
2025-12-01 17:21:50 | MainThread   | INFO     | 已合并文件 126/149: grid_20251201_172137_138103_001259.npy
2025-12-01 17:21:50 | MainThread   | INFO     | 已合并文件 127/149: grid_20251201_172137_138103_001269.npy
2025-12-01 17:21:50 | MainThread   | INFO     | 已合并文件 128/149: grid_20251201_172137_138103_001279.npy
2025-12-01 17:21:50 | MainThread   | INFO     | 已合并文件 129/149: grid_20251201_172137_138103_001289.npy
2025-12-01 17:21:50 | MainThread   | INFO     | 已合并文件 130/149: grid_20251201_172137_138103_001299.npy
2025-12-01 17:21:50 | MainThread   | INFO     | 已合并文件 131/149: grid_20251201_172137_138103_001309.npy
2025-12-01 17:21:50 | MainThread   | INFO     | 已合并文件 132/149: grid_20251201_172137_138103_001319.npy
2025-12-01 17:21:50 | MainThread   | INFO     | 已合并文件 133/149: grid_20251201_172137_138103_001329.npy
2025-12-01 17:21:50 | MainThread   | INFO     | 已合并文件 134/149: grid_20251201_172137_138103_001339.npy
2025-12-01 17:21:50 | MainThread   | INFO     | 已合并文件 135/149: grid_20251201_172137_138103_001349.npy
2025-12-01 17:21:50 | MainThread   | INFO     | 已合并文件 136/149: grid_20251201_172137_138103_001359.npy
2025-12-01 17:21:50 | MainThread   | INFO     | 已合并文件 137/149: grid_20251201_172137_138103_001369.npy
2025-12-01 17:21:50 | MainThread   | INFO     | 已合并文件 138/149: grid_20251201_172137_138103_001379.npy
2025-12-01 17:21:50 | MainThread   | INFO     | 已合并文件 139/149: grid_20251201_172137_138103_001389.npy
2025-12-01 17:21:50 | MainThread   | INFO     | 已合并文件 140/149: grid_20251201_172137_138103_001399.npy
2025-12-01 17:21:50 | MainThread   | INFO     | 已合并文件 141/149: grid_20251201_172137_138103_001409.npy
2025-12-01 17:21:50 | MainThread   | INFO     | 已合并文件 142/149: grid_20251201_172137_138103_001419.npy
2025-12-01 17:21:50 | MainThread   | INFO     | 已合并文件 143/149: grid_20251201_172137_138103_001429.npy
2025-12-01 17:21:50 | MainThread   | INFO     | 已合并文件 144/149: grid_20251201_172137_138103_001439.npy
2025-12-01 17:21:50 | MainThread   | INFO     | 已合并文件 145/149: grid_20251201_172137_138103_001449.npy
2025-12-01 17:21:50 | MainThread   | INFO     | 已合并文件 146/149: grid_20251201_172137_138103_001459.npy
2025-12-01 17:21:50 | MainThread   | INFO     | 已合并文件 147/149: grid_20251201_172137_138103_001469.npy
2025-12-01 17:21:50 | MainThread   | INFO     | 已合并文件 148/149: grid_20251201_172137_138103_001479.npy
2025-12-01 17:21:50 | MainThread   | INFO     | 已合并文件 149/149: grid_20251201_172137_138103_001489.npy
2025-12-01 17:21:50 | MainThread   | INFO     | ✓ 数据已成功合并: simulation_results\target_0.021_indenter_0.018\grid_20251201_172137_138103.npy
2025-12-01 17:21:50 | MainThread   | INFO     | 文件大小: 2.96 MB
2025-12-01 17:21:50 | MainThread   | INFO     | 柔性体质量: 0.153600 kg
2025-12-01 17:21:50 | MainThread   | INFO     | 模拟运行器初始化完成
2025-12-01 17:21:51 | MainThread   | INFO     | 开始慢速下压...
2025-12-01 17:22:02 | MainThread   | INFO     | 找到 149 个npy文件
2025-12-01 17:22:02 | MainThread   | INFO     | 第一个文件形状: (17, 17, 3, 3), 数据类型: float64
2025-12-01 17:22:03 | MainThread   | INFO     | 合并后的形状: (149, 17, 17, 3, 3)
2025-12-01 17:22:03 | MainThread   | INFO     | 总文件数: 149
2025-12-01 17:22:03 | MainThread   | INFO     | 已合并文件 1/149: grid_20251201_172150_284939_000010.npy
2025-12-01 17:22:03 | MainThread   | INFO     | 已合并文件 2/149: grid_20251201_172150_284939_000019.npy
2025-12-01 17:22:03 | MainThread   | INFO     | 已合并文件 3/149: grid_20251201_172150_284939_000029.npy
2025-12-01 17:22:03 | MainThread   | INFO     | 已合并文件 4/149: grid_20251201_172150_284939_000039.npy
2025-12-01 17:22:03 | MainThread   | INFO     | 已合并文件 5/149: grid_20251201_172150_284939_000049.npy
2025-12-01 17:22:03 | MainThread   | INFO     | 已合并文件 6/149: grid_20251201_172150_284939_000059.npy
2025-12-01 17:22:03 | MainThread   | INFO     | 已合并文件 7/149: grid_20251201_172150_284939_000069.npy
2025-12-01 17:22:03 | MainThread   | INFO     | 已合并文件 8/149: grid_20251201_172150_284939_000080.npy
2025-12-01 17:22:03 | MainThread   | INFO     | 已合并文件 9/149: grid_20251201_172150_284939_000090.npy
2025-12-01 17:22:03 | MainThread   | INFO     | 已合并文件 10/149: grid_20251201_172150_284939_000100.npy
2025-12-01 17:22:03 | MainThread   | INFO     | 已合并文件 11/149: grid_20251201_172150_284939_000110.npy
2025-12-01 17:22:03 | MainThread   | INFO     | 已合并文件 12/149: grid_20251201_172150_284939_000120.npy
2025-12-01 17:22:03 | MainThread   | INFO     | 已合并文件 13/149: grid_20251201_172150_284939_000130.npy
2025-12-01 17:22:03 | MainThread   | INFO     | 已合并文件 14/149: grid_20251201_172150_284939_000140.npy
2025-12-01 17:22:03 | MainThread   | INFO     | 已合并文件 15/149: grid_20251201_172150_284939_000150.npy
2025-12-01 17:22:03 | MainThread   | INFO     | 已合并文件 16/149: grid_20251201_172150_284939_000160.npy
2025-12-01 17:22:03 | MainThread   | INFO     | 已合并文件 17/149: grid_20251201_172150_284939_000170.npy
2025-12-01 17:22:03 | MainThread   | INFO     | 已合并文件 18/149: grid_20251201_172150_284939_000180.npy
2025-12-01 17:22:03 | MainThread   | INFO     | 已合并文件 19/149: grid_20251201_172150_284939_000190.npy
2025-12-01 17:22:03 | MainThread   | INFO     | 已合并文件 20/149: grid_20251201_172150_284939_000200.npy
2025-12-01 17:22:03 | MainThread   | INFO     | 已合并文件 21/149: grid_20251201_172150_284939_000210.npy
2025-12-01 17:22:03 | MainThread   | INFO     | 已合并文件 22/149: grid_20251201_172150_284939_000220.npy
2025-12-01 17:22:03 | MainThread   | INFO     | 已合并文件 23/149: grid_20251201_172150_284939_000230.npy
2025-12-01 17:22:03 | MainThread   | INFO     | 已合并文件 24/149: grid_20251201_172150_284939_000240.npy
2025-12-01 17:22:03 | MainThread   | INFO     | 已合并文件 25/149: grid_20251201_172150_284939_000250.npy
2025-12-01 17:22:03 | MainThread   | INFO     | 已合并文件 26/149: grid_20251201_172150_284939_000260.npy
2025-12-01 17:22:03 | MainThread   | INFO     | 已合并文件 27/149: grid_20251201_172150_284939_000270.npy
2025-12-01 17:22:03 | MainThread   | INFO     | 已合并文件 28/149: grid_20251201_172150_284939_000280.npy
2025-12-01 17:22:03 | MainThread   | INFO     | 已合并文件 29/149: grid_20251201_172150_284939_000290.npy
2025-12-01 17:22:03 | MainThread   | INFO     | 已合并文件 30/149: grid_20251201_172150_284939_000299.npy
2025-12-01 17:22:03 | MainThread   | INFO     | 已合并文件 31/149: grid_20251201_172150_284939_000309.npy
2025-12-01 17:22:03 | MainThread   | INFO     | 已合并文件 32/149: grid_20251201_172150_284939_000319.npy
2025-12-01 17:22:03 | MainThread   | INFO     | 已合并文件 33/149: grid_20251201_172150_284939_000329.npy
2025-12-01 17:22:03 | MainThread   | INFO     | 已合并文件 34/149: grid_20251201_172150_284939_000339.npy
2025-12-01 17:22:03 | MainThread   | INFO     | 已合并文件 35/149: grid_20251201_172150_284939_000349.npy
2025-12-01 17:22:03 | MainThread   | INFO     | 已合并文件 36/149: grid_20251201_172150_284939_000359.npy
2025-12-01 17:22:03 | MainThread   | INFO     | 已合并文件 37/149: grid_20251201_172150_284939_000369.npy
2025-12-01 17:22:03 | MainThread   | INFO     | 已合并文件 38/149: grid_20251201_172150_284939_000379.npy
2025-12-01 17:22:03 | MainThread   | INFO     | 已合并文件 39/149: grid_20251201_172150_284939_000389.npy
2025-12-01 17:22:03 | MainThread   | INFO     | 已合并文件 40/149: grid_20251201_172150_284939_000399.npy
2025-12-01 17:22:03 | MainThread   | INFO     | 已合并文件 41/149: grid_20251201_172150_284939_000409.npy
2025-12-01 17:22:03 | MainThread   | INFO     | 已合并文件 42/149: grid_20251201_172150_284939_000419.npy
2025-12-01 17:22:03 | MainThread   | INFO     | 已合并文件 43/149: grid_20251201_172150_284939_000429.npy
2025-12-01 17:22:03 | MainThread   | INFO     | 已合并文件 44/149: grid_20251201_172150_284939_000439.npy
2025-12-01 17:22:03 | MainThread   | INFO     | 已合并文件 45/149: grid_20251201_172150_284939_000449.npy
2025-12-01 17:22:03 | MainThread   | INFO     | 已合并文件 46/149: grid_20251201_172150_284939_000459.npy
2025-12-01 17:22:03 | MainThread   | INFO     | 已合并文件 47/149: grid_20251201_172150_284939_000469.npy
2025-12-01 17:22:03 | MainThread   | INFO     | 已合并文件 48/149: grid_20251201_172150_284939_000479.npy
2025-12-01 17:22:03 | MainThread   | INFO     | 已合并文件 49/149: grid_20251201_172150_284939_000489.npy
2025-12-01 17:22:03 | MainThread   | INFO     | 已合并文件 50/149: grid_20251201_172150_284939_000499.npy
2025-12-01 17:22:03 | MainThread   | INFO     | 已合并文件 51/149: grid_20251201_172150_284939_000509.npy
2025-12-01 17:22:03 | MainThread   | INFO     | 已合并文件 52/149: grid_20251201_172150_284939_000519.npy
2025-12-01 17:22:03 | MainThread   | INFO     | 已合并文件 53/149: grid_20251201_172150_284939_000529.npy
2025-12-01 17:22:03 | MainThread   | INFO     | 已合并文件 54/149: grid_20251201_172150_284939_000539.npy
2025-12-01 17:22:03 | MainThread   | INFO     | 已合并文件 55/149: grid_20251201_172150_284939_000549.npy
2025-12-01 17:22:03 | MainThread   | INFO     | 已合并文件 56/149: grid_20251201_172150_284939_000559.npy
2025-12-01 17:22:03 | MainThread   | INFO     | 已合并文件 57/149: grid_20251201_172150_284939_000569.npy
2025-12-01 17:22:03 | MainThread   | INFO     | 已合并文件 58/149: grid_20251201_172150_284939_000579.npy
2025-12-01 17:22:03 | MainThread   | INFO     | 已合并文件 59/149: grid_20251201_172150_284939_000589.npy
2025-12-01 17:22:03 | MainThread   | INFO     | 已合并文件 60/149: grid_20251201_172150_284939_000599.npy
2025-12-01 17:22:03 | MainThread   | INFO     | 已合并文件 61/149: grid_20251201_172150_284939_000609.npy
2025-12-01 17:22:03 | MainThread   | INFO     | 已合并文件 62/149: grid_20251201_172150_284939_000619.npy
2025-12-01 17:22:03 | MainThread   | INFO     | 已合并文件 63/149: grid_20251201_172150_284939_000629.npy
2025-12-01 17:22:03 | MainThread   | INFO     | 已合并文件 64/149: grid_20251201_172150_284939_000639.npy
2025-12-01 17:22:03 | MainThread   | INFO     | 已合并文件 65/149: grid_20251201_172150_284939_000649.npy
2025-12-01 17:22:03 | MainThread   | INFO     | 已合并文件 66/149: grid_20251201_172150_284939_000659.npy
2025-12-01 17:22:03 | MainThread   | INFO     | 已合并文件 67/149: grid_20251201_172150_284939_000669.npy
2025-12-01 17:22:03 | MainThread   | INFO     | 已合并文件 68/149: grid_20251201_172150_284939_000679.npy
2025-12-01 17:22:03 | MainThread   | INFO     | 已合并文件 69/149: grid_20251201_172150_284939_000689.npy
2025-12-01 17:22:03 | MainThread   | INFO     | 已合并文件 70/149: grid_20251201_172150_284939_000699.npy
2025-12-01 17:22:03 | MainThread   | INFO     | 已合并文件 71/149: grid_20251201_172150_284939_000709.npy
2025-12-01 17:22:03 | MainThread   | INFO     | 已合并文件 72/149: grid_20251201_172150_284939_000719.npy
2025-12-01 17:22:03 | MainThread   | INFO     | 已合并文件 73/149: grid_20251201_172150_284939_000729.npy
2025-12-01 17:22:03 | MainThread   | INFO     | 已合并文件 74/149: grid_20251201_172150_284939_000739.npy
2025-12-01 17:22:03 | MainThread   | INFO     | 已合并文件 75/149: grid_20251201_172150_284939_000749.npy
2025-12-01 17:22:03 | MainThread   | INFO     | 已合并文件 76/149: grid_20251201_172150_284939_000759.npy
2025-12-01 17:22:03 | MainThread   | INFO     | 已合并文件 77/149: grid_20251201_172150_284939_000769.npy
2025-12-01 17:22:03 | MainThread   | INFO     | 已合并文件 78/149: grid_20251201_172150_284939_000779.npy
2025-12-01 17:22:03 | MainThread   | INFO     | 已合并文件 79/149: grid_20251201_172150_284939_000789.npy
2025-12-01 17:22:03 | MainThread   | INFO     | 已合并文件 80/149: grid_20251201_172150_284939_000799.npy
2025-12-01 17:22:03 | MainThread   | INFO     | 已合并文件 81/149: grid_20251201_172150_284939_000809.npy
2025-12-01 17:22:03 | MainThread   | INFO     | 已合并文件 82/149: grid_20251201_172150_284939_000819.npy
2025-12-01 17:22:03 | MainThread   | INFO     | 已合并文件 83/149: grid_20251201_172150_284939_000829.npy
2025-12-01 17:22:03 | MainThread   | INFO     | 已合并文件 84/149: grid_20251201_172150_284939_000839.npy
2025-12-01 17:22:03 | MainThread   | INFO     | 已合并文件 85/149: grid_20251201_172150_284939_000849.npy
2025-12-01 17:22:03 | MainThread   | INFO     | 已合并文件 86/149: grid_20251201_172150_284939_000859.npy
2025-12-01 17:22:03 | MainThread   | INFO     | 已合并文件 87/149: grid_20251201_172150_284939_000869.npy
2025-12-01 17:22:03 | MainThread   | INFO     | 已合并文件 88/149: grid_20251201_172150_284939_000879.npy
2025-12-01 17:22:03 | MainThread   | INFO     | 已合并文件 89/149: grid_20251201_172150_284939_000889.npy
2025-12-01 17:22:03 | MainThread   | INFO     | 已合并文件 90/149: grid_20251201_172150_284939_000899.npy
2025-12-01 17:22:03 | MainThread   | INFO     | 已合并文件 91/149: grid_20251201_172150_284939_000909.npy
2025-12-01 17:22:03 | MainThread   | INFO     | 已合并文件 92/149: grid_20251201_172150_284939_000919.npy
2025-12-01 17:22:03 | MainThread   | INFO     | 已合并文件 93/149: grid_20251201_172150_284939_000929.npy
2025-12-01 17:22:03 | MainThread   | INFO     | 已合并文件 94/149: grid_20251201_172150_284939_000939.npy
2025-12-01 17:22:03 | MainThread   | INFO     | 已合并文件 95/149: grid_20251201_172150_284939_000949.npy
2025-12-01 17:22:03 | MainThread   | INFO     | 已合并文件 96/149: grid_20251201_172150_284939_000959.npy
2025-12-01 17:22:03 | MainThread   | INFO     | 已合并文件 97/149: grid_20251201_172150_284939_000969.npy
2025-12-01 17:22:03 | MainThread   | INFO     | 已合并文件 98/149: grid_20251201_172150_284939_000979.npy
2025-12-01 17:22:03 | MainThread   | INFO     | 已合并文件 99/149: grid_20251201_172150_284939_000989.npy
2025-12-01 17:22:03 | MainThread   | INFO     | 已合并文件 100/149: grid_20251201_172150_284939_000999.npy
2025-12-01 17:22:03 | MainThread   | INFO     | 已合并文件 101/149: grid_20251201_172150_284939_001009.npy
2025-12-01 17:22:03 | MainThread   | INFO     | 已合并文件 102/149: grid_20251201_172150_284939_001019.npy
2025-12-01 17:22:03 | MainThread   | INFO     | 已合并文件 103/149: grid_20251201_172150_284939_001029.npy
2025-12-01 17:22:03 | MainThread   | INFO     | 已合并文件 104/149: grid_20251201_172150_284939_001039.npy
2025-12-01 17:22:03 | MainThread   | INFO     | 已合并文件 105/149: grid_20251201_172150_284939_001049.npy
2025-12-01 17:22:03 | MainThread   | INFO     | 已合并文件 106/149: grid_20251201_172150_284939_001059.npy
2025-12-01 17:22:03 | MainThread   | INFO     | 已合并文件 107/149: grid_20251201_172150_284939_001069.npy
2025-12-01 17:22:03 | MainThread   | INFO     | 已合并文件 108/149: grid_20251201_172150_284939_001079.npy
2025-12-01 17:22:03 | MainThread   | INFO     | 已合并文件 109/149: grid_20251201_172150_284939_001089.npy
2025-12-01 17:22:03 | MainThread   | INFO     | 已合并文件 110/149: grid_20251201_172150_284939_001099.npy
2025-12-01 17:22:03 | MainThread   | INFO     | 已合并文件 111/149: grid_20251201_172150_284939_001109.npy
2025-12-01 17:22:03 | MainThread   | INFO     | 已合并文件 112/149: grid_20251201_172150_284939_001119.npy
2025-12-01 17:22:03 | MainThread   | INFO     | 已合并文件 113/149: grid_20251201_172150_284939_001129.npy
2025-12-01 17:22:03 | MainThread   | INFO     | 已合并文件 114/149: grid_20251201_172150_284939_001139.npy
2025-12-01 17:22:03 | MainThread   | INFO     | 已合并文件 115/149: grid_20251201_172150_284939_001149.npy
2025-12-01 17:22:03 | MainThread   | INFO     | 已合并文件 116/149: grid_20251201_172150_284939_001159.npy
2025-12-01 17:22:03 | MainThread   | INFO     | 已合并文件 117/149: grid_20251201_172150_284939_001169.npy
2025-12-01 17:22:03 | MainThread   | INFO     | 已合并文件 118/149: grid_20251201_172150_284939_001179.npy
2025-12-01 17:22:03 | MainThread   | INFO     | 已合并文件 119/149: grid_20251201_172150_284939_001189.npy
2025-12-01 17:22:03 | MainThread   | INFO     | 已合并文件 120/149: grid_20251201_172150_284939_001199.npy
2025-12-01 17:22:03 | MainThread   | INFO     | 已合并文件 121/149: grid_20251201_172150_284939_001209.npy
2025-12-01 17:22:03 | MainThread   | INFO     | 已合并文件 122/149: grid_20251201_172150_284939_001219.npy
2025-12-01 17:22:03 | MainThread   | INFO     | 已合并文件 123/149: grid_20251201_172150_284939_001229.npy
2025-12-01 17:22:03 | MainThread   | INFO     | 已合并文件 124/149: grid_20251201_172150_284939_001239.npy
2025-12-01 17:22:03 | MainThread   | INFO     | 已合并文件 125/149: grid_20251201_172150_284939_001249.npy
2025-12-01 17:22:03 | MainThread   | INFO     | 已合并文件 126/149: grid_20251201_172150_284939_001259.npy
2025-12-01 17:22:03 | MainThread   | INFO     | 已合并文件 127/149: grid_20251201_172150_284939_001269.npy
2025-12-01 17:22:03 | MainThread   | INFO     | 已合并文件 128/149: grid_20251201_172150_284939_001279.npy
2025-12-01 17:22:03 | MainThread   | INFO     | 已合并文件 129/149: grid_20251201_172150_284939_001289.npy
2025-12-01 17:22:03 | MainThread   | INFO     | 已合并文件 130/149: grid_20251201_172150_284939_001299.npy
2025-12-01 17:22:03 | MainThread   | INFO     | 已合并文件 131/149: grid_20251201_172150_284939_001309.npy
2025-12-01 17:22:03 | MainThread   | INFO     | 已合并文件 132/149: grid_20251201_172150_284939_001319.npy
2025-12-01 17:22:03 | MainThread   | INFO     | 已合并文件 133/149: grid_20251201_172150_284939_001329.npy
2025-12-01 17:22:03 | MainThread   | INFO     | 已合并文件 134/149: grid_20251201_172150_284939_001339.npy
2025-12-01 17:22:03 | MainThread   | INFO     | 已合并文件 135/149: grid_20251201_172150_284939_001349.npy
2025-12-01 17:22:03 | MainThread   | INFO     | 已合并文件 136/149: grid_20251201_172150_284939_001359.npy
2025-12-01 17:22:03 | MainThread   | INFO     | 已合并文件 137/149: grid_20251201_172150_284939_001369.npy
2025-12-01 17:22:03 | MainThread   | INFO     | 已合并文件 138/149: grid_20251201_172150_284939_001379.npy
2025-12-01 17:22:03 | MainThread   | INFO     | 已合并文件 139/149: grid_20251201_172150_284939_001389.npy
2025-12-01 17:22:03 | MainThread   | INFO     | 已合并文件 140/149: grid_20251201_172150_284939_001399.npy
2025-12-01 17:22:03 | MainThread   | INFO     | 已合并文件 141/149: grid_20251201_172150_284939_001409.npy
2025-12-01 17:22:03 | MainThread   | INFO     | 已合并文件 142/149: grid_20251201_172150_284939_001419.npy
2025-12-01 17:22:03 | MainThread   | INFO     | 已合并文件 143/149: grid_20251201_172150_284939_001429.npy
2025-12-01 17:22:03 | MainThread   | INFO     | 已合并文件 144/149: grid_20251201_172150_284939_001439.npy
2025-12-01 17:22:03 | MainThread   | INFO     | 已合并文件 145/149: grid_20251201_172150_284939_001449.npy
2025-12-01 17:22:03 | MainThread   | INFO     | 已合并文件 146/149: grid_20251201_172150_284939_001459.npy
2025-12-01 17:22:03 | MainThread   | INFO     | 已合并文件 147/149: grid_20251201_172150_284939_001469.npy
2025-12-01 17:22:03 | MainThread   | INFO     | 已合并文件 148/149: grid_20251201_172150_284939_001479.npy
2025-12-01 17:22:03 | MainThread   | INFO     | 已合并文件 149/149: grid_20251201_172150_284939_001489.npy
2025-12-01 17:22:03 | MainThread   | INFO     | ✓ 数据已成功合并: simulation_results\target_0.021_indenter_0.050\grid_20251201_172150_284939.npy
2025-12-01 17:22:03 | MainThread   | INFO     | 文件大小: 2.96 MB
2025-12-01 17:22:03 | MainThread   | INFO     | 柔性体质量: 0.153600 kg
2025-12-01 17:22:04 | MainThread   | INFO     | 模拟运行器初始化完成
2025-12-01 17:22:04 | MainThread   | INFO     | 开始慢速下压...
2025-12-01 17:22:16 | MainThread   | INFO     | 找到 159 个npy文件
2025-12-01 17:22:16 | MainThread   | INFO     | 第一个文件形状: (17, 17, 3, 3), 数据类型: float64
2025-12-01 17:22:17 | MainThread   | INFO     | 合并后的形状: (159, 17, 17, 3, 3)
2025-12-01 17:22:17 | MainThread   | INFO     | 总文件数: 159
2025-12-01 17:22:17 | MainThread   | INFO     | 已合并文件 1/159: grid_20251201_172203_528213_000010.npy
2025-12-01 17:22:17 | MainThread   | INFO     | 已合并文件 2/159: grid_20251201_172203_528213_000019.npy
2025-12-01 17:22:17 | MainThread   | INFO     | 已合并文件 3/159: grid_20251201_172203_528213_000029.npy
2025-12-01 17:22:17 | MainThread   | INFO     | 已合并文件 4/159: grid_20251201_172203_528213_000039.npy
2025-12-01 17:22:17 | MainThread   | INFO     | 已合并文件 5/159: grid_20251201_172203_528213_000049.npy
2025-12-01 17:22:17 | MainThread   | INFO     | 已合并文件 6/159: grid_20251201_172203_528213_000059.npy
2025-12-01 17:22:17 | MainThread   | INFO     | 已合并文件 7/159: grid_20251201_172203_528213_000069.npy
2025-12-01 17:22:17 | MainThread   | INFO     | 已合并文件 8/159: grid_20251201_172203_528213_000080.npy
2025-12-01 17:22:17 | MainThread   | INFO     | 已合并文件 9/159: grid_20251201_172203_528213_000090.npy
2025-12-01 17:22:17 | MainThread   | INFO     | 已合并文件 10/159: grid_20251201_172203_528213_000100.npy
2025-12-01 17:22:17 | MainThread   | INFO     | 已合并文件 11/159: grid_20251201_172203_528213_000110.npy
2025-12-01 17:22:17 | MainThread   | INFO     | 已合并文件 12/159: grid_20251201_172203_528213_000120.npy
2025-12-01 17:22:17 | MainThread   | INFO     | 已合并文件 13/159: grid_20251201_172203_528213_000130.npy
2025-12-01 17:22:17 | MainThread   | INFO     | 已合并文件 14/159: grid_20251201_172203_528213_000140.npy
2025-12-01 17:22:17 | MainThread   | INFO     | 已合并文件 15/159: grid_20251201_172203_528213_000150.npy
2025-12-01 17:22:17 | MainThread   | INFO     | 已合并文件 16/159: grid_20251201_172203_528213_000160.npy
2025-12-01 17:22:17 | MainThread   | INFO     | 已合并文件 17/159: grid_20251201_172203_528213_000170.npy
2025-12-01 17:22:17 | MainThread   | INFO     | 已合并文件 18/159: grid_20251201_172203_528213_000180.npy
2025-12-01 17:22:17 | MainThread   | INFO     | 已合并文件 19/159: grid_20251201_172203_528213_000190.npy
2025-12-01 17:22:17 | MainThread   | INFO     | 已合并文件 20/159: grid_20251201_172203_528213_000200.npy
2025-12-01 17:22:17 | MainThread   | INFO     | 已合并文件 21/159: grid_20251201_172203_528213_000210.npy
2025-12-01 17:22:17 | MainThread   | INFO     | 已合并文件 22/159: grid_20251201_172203_528213_000220.npy
2025-12-01 17:22:17 | MainThread   | INFO     | 已合并文件 23/159: grid_20251201_172203_528213_000230.npy
2025-12-01 17:22:17 | MainThread   | INFO     | 已合并文件 24/159: grid_20251201_172203_528213_000240.npy
2025-12-01 17:22:17 | MainThread   | INFO     | 已合并文件 25/159: grid_20251201_172203_528213_000250.npy
2025-12-01 17:22:17 | MainThread   | INFO     | 已合并文件 26/159: grid_20251201_172203_528213_000260.npy
2025-12-01 17:22:17 | MainThread   | INFO     | 已合并文件 27/159: grid_20251201_172203_528213_000270.npy
2025-12-01 17:22:17 | MainThread   | INFO     | 已合并文件 28/159: grid_20251201_172203_528213_000280.npy
2025-12-01 17:22:17 | MainThread   | INFO     | 已合并文件 29/159: grid_20251201_172203_528213_000290.npy
2025-12-01 17:22:17 | MainThread   | INFO     | 已合并文件 30/159: grid_20251201_172203_528213_000299.npy
2025-12-01 17:22:17 | MainThread   | INFO     | 已合并文件 31/159: grid_20251201_172203_528213_000309.npy
2025-12-01 17:22:17 | MainThread   | INFO     | 已合并文件 32/159: grid_20251201_172203_528213_000319.npy
2025-12-01 17:22:17 | MainThread   | INFO     | 已合并文件 33/159: grid_20251201_172203_528213_000329.npy
2025-12-01 17:22:17 | MainThread   | INFO     | 已合并文件 34/159: grid_20251201_172203_528213_000339.npy
2025-12-01 17:22:17 | MainThread   | INFO     | 已合并文件 35/159: grid_20251201_172203_528213_000349.npy
2025-12-01 17:22:17 | MainThread   | INFO     | 已合并文件 36/159: grid_20251201_172203_528213_000359.npy
2025-12-01 17:22:17 | MainThread   | INFO     | 已合并文件 37/159: grid_20251201_172203_528213_000369.npy
2025-12-01 17:22:17 | MainThread   | INFO     | 已合并文件 38/159: grid_20251201_172203_528213_000379.npy
2025-12-01 17:22:17 | MainThread   | INFO     | 已合并文件 39/159: grid_20251201_172203_528213_000389.npy
2025-12-01 17:22:17 | MainThread   | INFO     | 已合并文件 40/159: grid_20251201_172203_528213_000399.npy
2025-12-01 17:22:17 | MainThread   | INFO     | 已合并文件 41/159: grid_20251201_172203_528213_000409.npy
2025-12-01 17:22:17 | MainThread   | INFO     | 已合并文件 42/159: grid_20251201_172203_528213_000419.npy
2025-12-01 17:22:17 | MainThread   | INFO     | 已合并文件 43/159: grid_20251201_172203_528213_000429.npy
2025-12-01 17:22:17 | MainThread   | INFO     | 已合并文件 44/159: grid_20251201_172203_528213_000439.npy
2025-12-01 17:22:17 | MainThread   | INFO     | 已合并文件 45/159: grid_20251201_172203_528213_000449.npy
2025-12-01 17:22:17 | MainThread   | INFO     | 已合并文件 46/159: grid_20251201_172203_528213_000459.npy
2025-12-01 17:22:17 | MainThread   | INFO     | 已合并文件 47/159: grid_20251201_172203_528213_000469.npy
2025-12-01 17:22:17 | MainThread   | INFO     | 已合并文件 48/159: grid_20251201_172203_528213_000479.npy
2025-12-01 17:22:17 | MainThread   | INFO     | 已合并文件 49/159: grid_20251201_172203_528213_000489.npy
2025-12-01 17:22:17 | MainThread   | INFO     | 已合并文件 50/159: grid_20251201_172203_528213_000499.npy
2025-12-01 17:22:17 | MainThread   | INFO     | 已合并文件 51/159: grid_20251201_172203_528213_000509.npy
2025-12-01 17:22:17 | MainThread   | INFO     | 已合并文件 52/159: grid_20251201_172203_528213_000519.npy
2025-12-01 17:22:17 | MainThread   | INFO     | 已合并文件 53/159: grid_20251201_172203_528213_000529.npy
2025-12-01 17:22:17 | MainThread   | INFO     | 已合并文件 54/159: grid_20251201_172203_528213_000539.npy
2025-12-01 17:22:17 | MainThread   | INFO     | 已合并文件 55/159: grid_20251201_172203_528213_000549.npy
2025-12-01 17:22:17 | MainThread   | INFO     | 已合并文件 56/159: grid_20251201_172203_528213_000559.npy
2025-12-01 17:22:17 | MainThread   | INFO     | 已合并文件 57/159: grid_20251201_172203_528213_000569.npy
2025-12-01 17:22:17 | MainThread   | INFO     | 已合并文件 58/159: grid_20251201_172203_528213_000579.npy
2025-12-01 17:22:17 | MainThread   | INFO     | 已合并文件 59/159: grid_20251201_172203_528213_000589.npy
2025-12-01 17:22:17 | MainThread   | INFO     | 已合并文件 60/159: grid_20251201_172203_528213_000599.npy
2025-12-01 17:22:17 | MainThread   | INFO     | 已合并文件 61/159: grid_20251201_172203_528213_000609.npy
2025-12-01 17:22:17 | MainThread   | INFO     | 已合并文件 62/159: grid_20251201_172203_528213_000619.npy
2025-12-01 17:22:17 | MainThread   | INFO     | 已合并文件 63/159: grid_20251201_172203_528213_000629.npy
2025-12-01 17:22:17 | MainThread   | INFO     | 已合并文件 64/159: grid_20251201_172203_528213_000639.npy
2025-12-01 17:22:17 | MainThread   | INFO     | 已合并文件 65/159: grid_20251201_172203_528213_000649.npy
2025-12-01 17:22:17 | MainThread   | INFO     | 已合并文件 66/159: grid_20251201_172203_528213_000659.npy
2025-12-01 17:22:17 | MainThread   | INFO     | 已合并文件 67/159: grid_20251201_172203_528213_000669.npy
2025-12-01 17:22:17 | MainThread   | INFO     | 已合并文件 68/159: grid_20251201_172203_528213_000679.npy
2025-12-01 17:22:17 | MainThread   | INFO     | 已合并文件 69/159: grid_20251201_172203_528213_000689.npy
2025-12-01 17:22:17 | MainThread   | INFO     | 已合并文件 70/159: grid_20251201_172203_528213_000699.npy
2025-12-01 17:22:17 | MainThread   | INFO     | 已合并文件 71/159: grid_20251201_172203_528213_000709.npy
2025-12-01 17:22:17 | MainThread   | INFO     | 已合并文件 72/159: grid_20251201_172203_528213_000719.npy
2025-12-01 17:22:17 | MainThread   | INFO     | 已合并文件 73/159: grid_20251201_172203_528213_000729.npy
2025-12-01 17:22:17 | MainThread   | INFO     | 已合并文件 74/159: grid_20251201_172203_528213_000739.npy
2025-12-01 17:22:17 | MainThread   | INFO     | 已合并文件 75/159: grid_20251201_172203_528213_000749.npy
2025-12-01 17:22:17 | MainThread   | INFO     | 已合并文件 76/159: grid_20251201_172203_528213_000759.npy
2025-12-01 17:22:17 | MainThread   | INFO     | 已合并文件 77/159: grid_20251201_172203_528213_000769.npy
2025-12-01 17:22:17 | MainThread   | INFO     | 已合并文件 78/159: grid_20251201_172203_528213_000779.npy
2025-12-01 17:22:17 | MainThread   | INFO     | 已合并文件 79/159: grid_20251201_172203_528213_000789.npy
2025-12-01 17:22:17 | MainThread   | INFO     | 已合并文件 80/159: grid_20251201_172203_528213_000799.npy
2025-12-01 17:22:17 | MainThread   | INFO     | 已合并文件 81/159: grid_20251201_172203_528213_000809.npy
2025-12-01 17:22:17 | MainThread   | INFO     | 已合并文件 82/159: grid_20251201_172203_528213_000819.npy
2025-12-01 17:22:17 | MainThread   | INFO     | 已合并文件 83/159: grid_20251201_172203_528213_000829.npy
2025-12-01 17:22:17 | MainThread   | INFO     | 已合并文件 84/159: grid_20251201_172203_528213_000839.npy
2025-12-01 17:22:17 | MainThread   | INFO     | 已合并文件 85/159: grid_20251201_172203_528213_000849.npy
2025-12-01 17:22:17 | MainThread   | INFO     | 已合并文件 86/159: grid_20251201_172203_528213_000859.npy
2025-12-01 17:22:17 | MainThread   | INFO     | 已合并文件 87/159: grid_20251201_172203_528213_000869.npy
2025-12-01 17:22:17 | MainThread   | INFO     | 已合并文件 88/159: grid_20251201_172203_528213_000879.npy
2025-12-01 17:22:17 | MainThread   | INFO     | 已合并文件 89/159: grid_20251201_172203_528213_000889.npy
2025-12-01 17:22:17 | MainThread   | INFO     | 已合并文件 90/159: grid_20251201_172203_528213_000899.npy
2025-12-01 17:22:17 | MainThread   | INFO     | 已合并文件 91/159: grid_20251201_172203_528213_000909.npy
2025-12-01 17:22:17 | MainThread   | INFO     | 已合并文件 92/159: grid_20251201_172203_528213_000919.npy
2025-12-01 17:22:17 | MainThread   | INFO     | 已合并文件 93/159: grid_20251201_172203_528213_000929.npy
2025-12-01 17:22:17 | MainThread   | INFO     | 已合并文件 94/159: grid_20251201_172203_528213_000939.npy
2025-12-01 17:22:17 | MainThread   | INFO     | 已合并文件 95/159: grid_20251201_172203_528213_000949.npy
2025-12-01 17:22:17 | MainThread   | INFO     | 已合并文件 96/159: grid_20251201_172203_528213_000959.npy
2025-12-01 17:22:17 | MainThread   | INFO     | 已合并文件 97/159: grid_20251201_172203_528213_000969.npy
2025-12-01 17:22:17 | MainThread   | INFO     | 已合并文件 98/159: grid_20251201_172203_528213_000979.npy
2025-12-01 17:22:17 | MainThread   | INFO     | 已合并文件 99/159: grid_20251201_172203_528213_000989.npy
2025-12-01 17:22:17 | MainThread   | INFO     | 已合并文件 100/159: grid_20251201_172203_528213_000999.npy
2025-12-01 17:22:17 | MainThread   | INFO     | 已合并文件 101/159: grid_20251201_172203_528213_001009.npy
2025-12-01 17:22:17 | MainThread   | INFO     | 已合并文件 102/159: grid_20251201_172203_528213_001019.npy
2025-12-01 17:22:17 | MainThread   | INFO     | 已合并文件 103/159: grid_20251201_172203_528213_001029.npy
2025-12-01 17:22:17 | MainThread   | INFO     | 已合并文件 104/159: grid_20251201_172203_528213_001039.npy
2025-12-01 17:22:17 | MainThread   | INFO     | 已合并文件 105/159: grid_20251201_172203_528213_001049.npy
2025-12-01 17:22:17 | MainThread   | INFO     | 已合并文件 106/159: grid_20251201_172203_528213_001059.npy
2025-12-01 17:22:17 | MainThread   | INFO     | 已合并文件 107/159: grid_20251201_172203_528213_001069.npy
2025-12-01 17:22:17 | MainThread   | INFO     | 已合并文件 108/159: grid_20251201_172203_528213_001079.npy
2025-12-01 17:22:17 | MainThread   | INFO     | 已合并文件 109/159: grid_20251201_172203_528213_001089.npy
2025-12-01 17:22:17 | MainThread   | INFO     | 已合并文件 110/159: grid_20251201_172203_528213_001099.npy
2025-12-01 17:22:17 | MainThread   | INFO     | 已合并文件 111/159: grid_20251201_172203_528213_001109.npy
2025-12-01 17:22:17 | MainThread   | INFO     | 已合并文件 112/159: grid_20251201_172203_528213_001119.npy
2025-12-01 17:22:17 | MainThread   | INFO     | 已合并文件 113/159: grid_20251201_172203_528213_001129.npy
2025-12-01 17:22:17 | MainThread   | INFO     | 已合并文件 114/159: grid_20251201_172203_528213_001139.npy
2025-12-01 17:22:17 | MainThread   | INFO     | 已合并文件 115/159: grid_20251201_172203_528213_001149.npy
2025-12-01 17:22:17 | MainThread   | INFO     | 已合并文件 116/159: grid_20251201_172203_528213_001159.npy
2025-12-01 17:22:17 | MainThread   | INFO     | 已合并文件 117/159: grid_20251201_172203_528213_001169.npy
2025-12-01 17:22:17 | MainThread   | INFO     | 已合并文件 118/159: grid_20251201_172203_528213_001179.npy
2025-12-01 17:22:17 | MainThread   | INFO     | 已合并文件 119/159: grid_20251201_172203_528213_001189.npy
2025-12-01 17:22:17 | MainThread   | INFO     | 已合并文件 120/159: grid_20251201_172203_528213_001199.npy
2025-12-01 17:22:17 | MainThread   | INFO     | 已合并文件 121/159: grid_20251201_172203_528213_001209.npy
2025-12-01 17:22:17 | MainThread   | INFO     | 已合并文件 122/159: grid_20251201_172203_528213_001219.npy
2025-12-01 17:22:17 | MainThread   | INFO     | 已合并文件 123/159: grid_20251201_172203_528213_001229.npy
2025-12-01 17:22:17 | MainThread   | INFO     | 已合并文件 124/159: grid_20251201_172203_528213_001239.npy
2025-12-01 17:22:17 | MainThread   | INFO     | 已合并文件 125/159: grid_20251201_172203_528213_001249.npy
2025-12-01 17:22:17 | MainThread   | INFO     | 已合并文件 126/159: grid_20251201_172203_528213_001259.npy
2025-12-01 17:22:17 | MainThread   | INFO     | 已合并文件 127/159: grid_20251201_172203_528213_001269.npy
2025-12-01 17:22:17 | MainThread   | INFO     | 已合并文件 128/159: grid_20251201_172203_528213_001279.npy
2025-12-01 17:22:17 | MainThread   | INFO     | 已合并文件 129/159: grid_20251201_172203_528213_001289.npy
2025-12-01 17:22:17 | MainThread   | INFO     | 已合并文件 130/159: grid_20251201_172203_528213_001299.npy
2025-12-01 17:22:17 | MainThread   | INFO     | 已合并文件 131/159: grid_20251201_172203_528213_001309.npy
2025-12-01 17:22:17 | MainThread   | INFO     | 已合并文件 132/159: grid_20251201_172203_528213_001319.npy
2025-12-01 17:22:17 | MainThread   | INFO     | 已合并文件 133/159: grid_20251201_172203_528213_001329.npy
2025-12-01 17:22:17 | MainThread   | INFO     | 已合并文件 134/159: grid_20251201_172203_528213_001339.npy
2025-12-01 17:22:17 | MainThread   | INFO     | 已合并文件 135/159: grid_20251201_172203_528213_001349.npy
2025-12-01 17:22:17 | MainThread   | INFO     | 已合并文件 136/159: grid_20251201_172203_528213_001359.npy
2025-12-01 17:22:17 | MainThread   | INFO     | 已合并文件 137/159: grid_20251201_172203_528213_001369.npy
2025-12-01 17:22:17 | MainThread   | INFO     | 已合并文件 138/159: grid_20251201_172203_528213_001379.npy
2025-12-01 17:22:17 | MainThread   | INFO     | 已合并文件 139/159: grid_20251201_172203_528213_001389.npy
2025-12-01 17:22:17 | MainThread   | INFO     | 已合并文件 140/159: grid_20251201_172203_528213_001399.npy
2025-12-01 17:22:17 | MainThread   | INFO     | 已合并文件 141/159: grid_20251201_172203_528213_001409.npy
2025-12-01 17:22:17 | MainThread   | INFO     | 已合并文件 142/159: grid_20251201_172203_528213_001419.npy
2025-12-01 17:22:17 | MainThread   | INFO     | 已合并文件 143/159: grid_20251201_172203_528213_001429.npy
2025-12-01 17:22:17 | MainThread   | INFO     | 已合并文件 144/159: grid_20251201_172203_528213_001439.npy
2025-12-01 17:22:17 | MainThread   | INFO     | 已合并文件 145/159: grid_20251201_172203_528213_001449.npy
2025-12-01 17:22:17 | MainThread   | INFO     | 已合并文件 146/159: grid_20251201_172203_528213_001459.npy
2025-12-01 17:22:17 | MainThread   | INFO     | 已合并文件 147/159: grid_20251201_172203_528213_001469.npy
2025-12-01 17:22:17 | MainThread   | INFO     | 已合并文件 148/159: grid_20251201_172203_528213_001479.npy
2025-12-01 17:22:17 | MainThread   | INFO     | 已合并文件 149/159: grid_20251201_172203_528213_001489.npy
2025-12-01 17:22:17 | MainThread   | INFO     | 已合并文件 150/159: grid_20251201_172203_528213_001499.npy
2025-12-01 17:22:17 | MainThread   | INFO     | 已合并文件 151/159: grid_20251201_172203_528213_001509.npy
2025-12-01 17:22:17 | MainThread   | INFO     | 已合并文件 152/159: grid_20251201_172203_528213_001519.npy
2025-12-01 17:22:17 | MainThread   | INFO     | 已合并文件 153/159: grid_20251201_172203_528213_001529.npy
2025-12-01 17:22:17 | MainThread   | INFO     | 已合并文件 154/159: grid_20251201_172203_528213_001539.npy
2025-12-01 17:22:17 | MainThread   | INFO     | 已合并文件 155/159: grid_20251201_172203_528213_001549.npy
2025-12-01 17:22:17 | MainThread   | INFO     | 已合并文件 156/159: grid_20251201_172203_528213_001559.npy
2025-12-01 17:22:17 | MainThread   | INFO     | 已合并文件 157/159: grid_20251201_172203_528213_001569.npy
2025-12-01 17:22:17 | MainThread   | INFO     | 已合并文件 158/159: grid_20251201_172203_528213_001579.npy
2025-12-01 17:22:17 | MainThread   | INFO     | 已合并文件 159/159: grid_20251201_172203_528213_001589.npy
2025-12-01 17:22:17 | MainThread   | INFO     | ✓ 数据已成功合并: simulation_results\target_0.020_indenter_0.030\grid_20251201_172203_528213.npy
2025-12-01 17:22:17 | MainThread   | INFO     | 文件大小: 3.16 MB
2025-12-01 17:22:17 | MainThread   | INFO     | 柔性体质量: 0.153600 kg
2025-12-01 17:22:18 | MainThread   | INFO     | 模拟运行器初始化完成
2025-12-01 17:22:19 | MainThread   | INFO     | 开始慢速下压...
2025-12-01 17:22:31 | MainThread   | INFO     | 找到 169 个npy文件
2025-12-01 17:22:31 | MainThread   | INFO     | 第一个文件形状: (17, 17, 3, 3), 数据类型: float64
2025-12-01 17:22:32 | MainThread   | INFO     | 合并后的形状: (169, 17, 17, 3, 3)
2025-12-01 17:22:32 | MainThread   | INFO     | 总文件数: 169
2025-12-01 17:22:32 | MainThread   | INFO     | 已合并文件 1/169: grid_20251201_172217_689064_000010.npy
2025-12-01 17:22:32 | MainThread   | INFO     | 已合并文件 2/169: grid_20251201_172217_689064_000019.npy
2025-12-01 17:22:32 | MainThread   | INFO     | 已合并文件 3/169: grid_20251201_172217_689064_000029.npy
2025-12-01 17:22:32 | MainThread   | INFO     | 已合并文件 4/169: grid_20251201_172217_689064_000039.npy
2025-12-01 17:22:32 | MainThread   | INFO     | 已合并文件 5/169: grid_20251201_172217_689064_000049.npy
2025-12-01 17:22:32 | MainThread   | INFO     | 已合并文件 6/169: grid_20251201_172217_689064_000059.npy
2025-12-01 17:22:32 | MainThread   | INFO     | 已合并文件 7/169: grid_20251201_172217_689064_000069.npy
2025-12-01 17:22:32 | MainThread   | INFO     | 已合并文件 8/169: grid_20251201_172217_689064_000080.npy
2025-12-01 17:22:32 | MainThread   | INFO     | 已合并文件 9/169: grid_20251201_172217_689064_000090.npy
2025-12-01 17:22:32 | MainThread   | INFO     | 已合并文件 10/169: grid_20251201_172217_689064_000100.npy
2025-12-01 17:22:32 | MainThread   | INFO     | 已合并文件 11/169: grid_20251201_172217_689064_000110.npy
2025-12-01 17:22:32 | MainThread   | INFO     | 已合并文件 12/169: grid_20251201_172217_689064_000120.npy
2025-12-01 17:22:32 | MainThread   | INFO     | 已合并文件 13/169: grid_20251201_172217_689064_000130.npy
2025-12-01 17:22:32 | MainThread   | INFO     | 已合并文件 14/169: grid_20251201_172217_689064_000140.npy
2025-12-01 17:22:32 | MainThread   | INFO     | 已合并文件 15/169: grid_20251201_172217_689064_000150.npy
2025-12-01 17:22:32 | MainThread   | INFO     | 已合并文件 16/169: grid_20251201_172217_689064_000160.npy
2025-12-01 17:22:32 | MainThread   | INFO     | 已合并文件 17/169: grid_20251201_172217_689064_000170.npy
2025-12-01 17:22:32 | MainThread   | INFO     | 已合并文件 18/169: grid_20251201_172217_689064_000180.npy
2025-12-01 17:22:32 | MainThread   | INFO     | 已合并文件 19/169: grid_20251201_172217_689064_000190.npy
2025-12-01 17:22:32 | MainThread   | INFO     | 已合并文件 20/169: grid_20251201_172217_689064_000200.npy
2025-12-01 17:22:32 | MainThread   | INFO     | 已合并文件 21/169: grid_20251201_172217_689064_000210.npy
2025-12-01 17:22:32 | MainThread   | INFO     | 已合并文件 22/169: grid_20251201_172217_689064_000220.npy
2025-12-01 17:22:32 | MainThread   | INFO     | 已合并文件 23/169: grid_20251201_172217_689064_000230.npy
2025-12-01 17:22:32 | MainThread   | INFO     | 已合并文件 24/169: grid_20251201_172217_689064_000240.npy
2025-12-01 17:22:32 | MainThread   | INFO     | 已合并文件 25/169: grid_20251201_172217_689064_000250.npy
2025-12-01 17:22:32 | MainThread   | INFO     | 已合并文件 26/169: grid_20251201_172217_689064_000260.npy
2025-12-01 17:22:32 | MainThread   | INFO     | 已合并文件 27/169: grid_20251201_172217_689064_000270.npy
2025-12-01 17:22:32 | MainThread   | INFO     | 已合并文件 28/169: grid_20251201_172217_689064_000280.npy
2025-12-01 17:22:32 | MainThread   | INFO     | 已合并文件 29/169: grid_20251201_172217_689064_000290.npy
2025-12-01 17:22:32 | MainThread   | INFO     | 已合并文件 30/169: grid_20251201_172217_689064_000299.npy
2025-12-01 17:22:32 | MainThread   | INFO     | 已合并文件 31/169: grid_20251201_172217_689064_000309.npy
2025-12-01 17:22:32 | MainThread   | INFO     | 已合并文件 32/169: grid_20251201_172217_689064_000319.npy
2025-12-01 17:22:32 | MainThread   | INFO     | 已合并文件 33/169: grid_20251201_172217_689064_000329.npy
2025-12-01 17:22:32 | MainThread   | INFO     | 已合并文件 34/169: grid_20251201_172217_689064_000339.npy
2025-12-01 17:22:32 | MainThread   | INFO     | 已合并文件 35/169: grid_20251201_172217_689064_000349.npy
2025-12-01 17:22:32 | MainThread   | INFO     | 已合并文件 36/169: grid_20251201_172217_689064_000359.npy
2025-12-01 17:22:32 | MainThread   | INFO     | 已合并文件 37/169: grid_20251201_172217_689064_000369.npy
2025-12-01 17:22:32 | MainThread   | INFO     | 已合并文件 38/169: grid_20251201_172217_689064_000379.npy
2025-12-01 17:22:32 | MainThread   | INFO     | 已合并文件 39/169: grid_20251201_172217_689064_000389.npy
2025-12-01 17:22:32 | MainThread   | INFO     | 已合并文件 40/169: grid_20251201_172217_689064_000399.npy
2025-12-01 17:22:32 | MainThread   | INFO     | 已合并文件 41/169: grid_20251201_172217_689064_000409.npy
2025-12-01 17:22:32 | MainThread   | INFO     | 已合并文件 42/169: grid_20251201_172217_689064_000419.npy
2025-12-01 17:22:32 | MainThread   | INFO     | 已合并文件 43/169: grid_20251201_172217_689064_000429.npy
2025-12-01 17:22:32 | MainThread   | INFO     | 已合并文件 44/169: grid_20251201_172217_689064_000439.npy
2025-12-01 17:22:32 | MainThread   | INFO     | 已合并文件 45/169: grid_20251201_172217_689064_000449.npy
2025-12-01 17:22:32 | MainThread   | INFO     | 已合并文件 46/169: grid_20251201_172217_689064_000459.npy
2025-12-01 17:22:32 | MainThread   | INFO     | 已合并文件 47/169: grid_20251201_172217_689064_000469.npy
2025-12-01 17:22:32 | MainThread   | INFO     | 已合并文件 48/169: grid_20251201_172217_689064_000479.npy
2025-12-01 17:22:32 | MainThread   | INFO     | 已合并文件 49/169: grid_20251201_172217_689064_000489.npy
2025-12-01 17:22:32 | MainThread   | INFO     | 已合并文件 50/169: grid_20251201_172217_689064_000499.npy
2025-12-01 17:22:32 | MainThread   | INFO     | 已合并文件 51/169: grid_20251201_172217_689064_000509.npy
2025-12-01 17:22:32 | MainThread   | INFO     | 已合并文件 52/169: grid_20251201_172217_689064_000519.npy
2025-12-01 17:22:32 | MainThread   | INFO     | 已合并文件 53/169: grid_20251201_172217_689064_000529.npy
2025-12-01 17:22:32 | MainThread   | INFO     | 已合并文件 54/169: grid_20251201_172217_689064_000539.npy
2025-12-01 17:22:32 | MainThread   | INFO     | 已合并文件 55/169: grid_20251201_172217_689064_000549.npy
2025-12-01 17:22:32 | MainThread   | INFO     | 已合并文件 56/169: grid_20251201_172217_689064_000559.npy
2025-12-01 17:22:32 | MainThread   | INFO     | 已合并文件 57/169: grid_20251201_172217_689064_000569.npy
2025-12-01 17:22:32 | MainThread   | INFO     | 已合并文件 58/169: grid_20251201_172217_689064_000579.npy
2025-12-01 17:22:32 | MainThread   | INFO     | 已合并文件 59/169: grid_20251201_172217_689064_000589.npy
2025-12-01 17:22:32 | MainThread   | INFO     | 已合并文件 60/169: grid_20251201_172217_689064_000599.npy
2025-12-01 17:22:32 | MainThread   | INFO     | 已合并文件 61/169: grid_20251201_172217_689064_000609.npy
2025-12-01 17:22:32 | MainThread   | INFO     | 已合并文件 62/169: grid_20251201_172217_689064_000619.npy
2025-12-01 17:22:32 | MainThread   | INFO     | 已合并文件 63/169: grid_20251201_172217_689064_000629.npy
2025-12-01 17:22:32 | MainThread   | INFO     | 已合并文件 64/169: grid_20251201_172217_689064_000639.npy
2025-12-01 17:22:32 | MainThread   | INFO     | 已合并文件 65/169: grid_20251201_172217_689064_000649.npy
2025-12-01 17:22:32 | MainThread   | INFO     | 已合并文件 66/169: grid_20251201_172217_689064_000659.npy
2025-12-01 17:22:32 | MainThread   | INFO     | 已合并文件 67/169: grid_20251201_172217_689064_000669.npy
2025-12-01 17:22:32 | MainThread   | INFO     | 已合并文件 68/169: grid_20251201_172217_689064_000679.npy
2025-12-01 17:22:32 | MainThread   | INFO     | 已合并文件 69/169: grid_20251201_172217_689064_000689.npy
2025-12-01 17:22:32 | MainThread   | INFO     | 已合并文件 70/169: grid_20251201_172217_689064_000699.npy
2025-12-01 17:22:32 | MainThread   | INFO     | 已合并文件 71/169: grid_20251201_172217_689064_000709.npy
2025-12-01 17:22:32 | MainThread   | INFO     | 已合并文件 72/169: grid_20251201_172217_689064_000719.npy
2025-12-01 17:22:32 | MainThread   | INFO     | 已合并文件 73/169: grid_20251201_172217_689064_000729.npy
2025-12-01 17:22:32 | MainThread   | INFO     | 已合并文件 74/169: grid_20251201_172217_689064_000739.npy
2025-12-01 17:22:32 | MainThread   | INFO     | 已合并文件 75/169: grid_20251201_172217_689064_000749.npy
2025-12-01 17:22:32 | MainThread   | INFO     | 已合并文件 76/169: grid_20251201_172217_689064_000759.npy
2025-12-01 17:22:32 | MainThread   | INFO     | 已合并文件 77/169: grid_20251201_172217_689064_000769.npy
2025-12-01 17:22:32 | MainThread   | INFO     | 已合并文件 78/169: grid_20251201_172217_689064_000779.npy
2025-12-01 17:22:32 | MainThread   | INFO     | 已合并文件 79/169: grid_20251201_172217_689064_000789.npy
2025-12-01 17:22:32 | MainThread   | INFO     | 已合并文件 80/169: grid_20251201_172217_689064_000799.npy
2025-12-01 17:22:32 | MainThread   | INFO     | 已合并文件 81/169: grid_20251201_172217_689064_000809.npy
2025-12-01 17:22:32 | MainThread   | INFO     | 已合并文件 82/169: grid_20251201_172217_689064_000819.npy
2025-12-01 17:22:32 | MainThread   | INFO     | 已合并文件 83/169: grid_20251201_172217_689064_000829.npy
2025-12-01 17:22:32 | MainThread   | INFO     | 已合并文件 84/169: grid_20251201_172217_689064_000839.npy
2025-12-01 17:22:32 | MainThread   | INFO     | 已合并文件 85/169: grid_20251201_172217_689064_000849.npy
2025-12-01 17:22:32 | MainThread   | INFO     | 已合并文件 86/169: grid_20251201_172217_689064_000859.npy
2025-12-01 17:22:32 | MainThread   | INFO     | 已合并文件 87/169: grid_20251201_172217_689064_000869.npy
2025-12-01 17:22:32 | MainThread   | INFO     | 已合并文件 88/169: grid_20251201_172217_689064_000879.npy
2025-12-01 17:22:32 | MainThread   | INFO     | 已合并文件 89/169: grid_20251201_172217_689064_000889.npy
2025-12-01 17:22:32 | MainThread   | INFO     | 已合并文件 90/169: grid_20251201_172217_689064_000899.npy
2025-12-01 17:22:32 | MainThread   | INFO     | 已合并文件 91/169: grid_20251201_172217_689064_000909.npy
2025-12-01 17:22:32 | MainThread   | INFO     | 已合并文件 92/169: grid_20251201_172217_689064_000919.npy
2025-12-01 17:22:32 | MainThread   | INFO     | 已合并文件 93/169: grid_20251201_172217_689064_000929.npy
2025-12-01 17:22:32 | MainThread   | INFO     | 已合并文件 94/169: grid_20251201_172217_689064_000939.npy
2025-12-01 17:22:32 | MainThread   | INFO     | 已合并文件 95/169: grid_20251201_172217_689064_000949.npy
2025-12-01 17:22:32 | MainThread   | INFO     | 已合并文件 96/169: grid_20251201_172217_689064_000959.npy
2025-12-01 17:22:32 | MainThread   | INFO     | 已合并文件 97/169: grid_20251201_172217_689064_000969.npy
2025-12-01 17:22:32 | MainThread   | INFO     | 已合并文件 98/169: grid_20251201_172217_689064_000979.npy
2025-12-01 17:22:32 | MainThread   | INFO     | 已合并文件 99/169: grid_20251201_172217_689064_000989.npy
2025-12-01 17:22:32 | MainThread   | INFO     | 已合并文件 100/169: grid_20251201_172217_689064_000999.npy
2025-12-01 17:22:32 | MainThread   | INFO     | 已合并文件 101/169: grid_20251201_172217_689064_001009.npy
2025-12-01 17:22:32 | MainThread   | INFO     | 已合并文件 102/169: grid_20251201_172217_689064_001019.npy
2025-12-01 17:22:32 | MainThread   | INFO     | 已合并文件 103/169: grid_20251201_172217_689064_001029.npy
2025-12-01 17:22:32 | MainThread   | INFO     | 已合并文件 104/169: grid_20251201_172217_689064_001039.npy
2025-12-01 17:22:32 | MainThread   | INFO     | 已合并文件 105/169: grid_20251201_172217_689064_001049.npy
2025-12-01 17:22:32 | MainThread   | INFO     | 已合并文件 106/169: grid_20251201_172217_689064_001059.npy
2025-12-01 17:22:32 | MainThread   | INFO     | 已合并文件 107/169: grid_20251201_172217_689064_001069.npy
2025-12-01 17:22:32 | MainThread   | INFO     | 已合并文件 108/169: grid_20251201_172217_689064_001079.npy
2025-12-01 17:22:32 | MainThread   | INFO     | 已合并文件 109/169: grid_20251201_172217_689064_001089.npy
2025-12-01 17:22:32 | MainThread   | INFO     | 已合并文件 110/169: grid_20251201_172217_689064_001099.npy
2025-12-01 17:22:32 | MainThread   | INFO     | 已合并文件 111/169: grid_20251201_172217_689064_001109.npy
2025-12-01 17:22:32 | MainThread   | INFO     | 已合并文件 112/169: grid_20251201_172217_689064_001119.npy
2025-12-01 17:22:32 | MainThread   | INFO     | 已合并文件 113/169: grid_20251201_172217_689064_001129.npy
2025-12-01 17:22:32 | MainThread   | INFO     | 已合并文件 114/169: grid_20251201_172217_689064_001139.npy
2025-12-01 17:22:32 | MainThread   | INFO     | 已合并文件 115/169: grid_20251201_172217_689064_001149.npy
2025-12-01 17:22:32 | MainThread   | INFO     | 已合并文件 116/169: grid_20251201_172217_689064_001159.npy
2025-12-01 17:22:32 | MainThread   | INFO     | 已合并文件 117/169: grid_20251201_172217_689064_001169.npy
2025-12-01 17:22:32 | MainThread   | INFO     | 已合并文件 118/169: grid_20251201_172217_689064_001179.npy
2025-12-01 17:22:32 | MainThread   | INFO     | 已合并文件 119/169: grid_20251201_172217_689064_001189.npy
2025-12-01 17:22:32 | MainThread   | INFO     | 已合并文件 120/169: grid_20251201_172217_689064_001199.npy
2025-12-01 17:22:32 | MainThread   | INFO     | 已合并文件 121/169: grid_20251201_172217_689064_001209.npy
2025-12-01 17:22:32 | MainThread   | INFO     | 已合并文件 122/169: grid_20251201_172217_689064_001219.npy
2025-12-01 17:22:32 | MainThread   | INFO     | 已合并文件 123/169: grid_20251201_172217_689064_001229.npy
2025-12-01 17:22:32 | MainThread   | INFO     | 已合并文件 124/169: grid_20251201_172217_689064_001239.npy
2025-12-01 17:22:32 | MainThread   | INFO     | 已合并文件 125/169: grid_20251201_172217_689064_001249.npy
2025-12-01 17:22:32 | MainThread   | INFO     | 已合并文件 126/169: grid_20251201_172217_689064_001259.npy
2025-12-01 17:22:32 | MainThread   | INFO     | 已合并文件 127/169: grid_20251201_172217_689064_001269.npy
2025-12-01 17:22:32 | MainThread   | INFO     | 已合并文件 128/169: grid_20251201_172217_689064_001279.npy
2025-12-01 17:22:32 | MainThread   | INFO     | 已合并文件 129/169: grid_20251201_172217_689064_001289.npy
2025-12-01 17:22:32 | MainThread   | INFO     | 已合并文件 130/169: grid_20251201_172217_689064_001299.npy
2025-12-01 17:22:32 | MainThread   | INFO     | 已合并文件 131/169: grid_20251201_172217_689064_001309.npy
2025-12-01 17:22:32 | MainThread   | INFO     | 已合并文件 132/169: grid_20251201_172217_689064_001319.npy
2025-12-01 17:22:32 | MainThread   | INFO     | 已合并文件 133/169: grid_20251201_172217_689064_001329.npy
2025-12-01 17:22:32 | MainThread   | INFO     | 已合并文件 134/169: grid_20251201_172217_689064_001339.npy
2025-12-01 17:22:32 | MainThread   | INFO     | 已合并文件 135/169: grid_20251201_172217_689064_001349.npy
2025-12-01 17:22:32 | MainThread   | INFO     | 已合并文件 136/169: grid_20251201_172217_689064_001359.npy
2025-12-01 17:22:32 | MainThread   | INFO     | 已合并文件 137/169: grid_20251201_172217_689064_001369.npy
2025-12-01 17:22:32 | MainThread   | INFO     | 已合并文件 138/169: grid_20251201_172217_689064_001379.npy
2025-12-01 17:22:32 | MainThread   | INFO     | 已合并文件 139/169: grid_20251201_172217_689064_001389.npy
2025-12-01 17:22:32 | MainThread   | INFO     | 已合并文件 140/169: grid_20251201_172217_689064_001399.npy
2025-12-01 17:22:32 | MainThread   | INFO     | 已合并文件 141/169: grid_20251201_172217_689064_001409.npy
2025-12-01 17:22:32 | MainThread   | INFO     | 已合并文件 142/169: grid_20251201_172217_689064_001419.npy
2025-12-01 17:22:32 | MainThread   | INFO     | 已合并文件 143/169: grid_20251201_172217_689064_001429.npy
2025-12-01 17:22:32 | MainThread   | INFO     | 已合并文件 144/169: grid_20251201_172217_689064_001439.npy
2025-12-01 17:22:32 | MainThread   | INFO     | 已合并文件 145/169: grid_20251201_172217_689064_001449.npy
2025-12-01 17:22:32 | MainThread   | INFO     | 已合并文件 146/169: grid_20251201_172217_689064_001459.npy
2025-12-01 17:22:32 | MainThread   | INFO     | 已合并文件 147/169: grid_20251201_172217_689064_001469.npy
2025-12-01 17:22:32 | MainThread   | INFO     | 已合并文件 148/169: grid_20251201_172217_689064_001479.npy
2025-12-01 17:22:32 | MainThread   | INFO     | 已合并文件 149/169: grid_20251201_172217_689064_001489.npy
2025-12-01 17:22:32 | MainThread   | INFO     | 已合并文件 150/169: grid_20251201_172217_689064_001499.npy
2025-12-01 17:22:32 | MainThread   | INFO     | 已合并文件 151/169: grid_20251201_172217_689064_001509.npy
2025-12-01 17:22:32 | MainThread   | INFO     | 已合并文件 152/169: grid_20251201_172217_689064_001519.npy
2025-12-01 17:22:32 | MainThread   | INFO     | 已合并文件 153/169: grid_20251201_172217_689064_001529.npy
2025-12-01 17:22:32 | MainThread   | INFO     | 已合并文件 154/169: grid_20251201_172217_689064_001539.npy
2025-12-01 17:22:32 | MainThread   | INFO     | 已合并文件 155/169: grid_20251201_172217_689064_001549.npy
2025-12-01 17:22:32 | MainThread   | INFO     | 已合并文件 156/169: grid_20251201_172217_689064_001559.npy
2025-12-01 17:22:32 | MainThread   | INFO     | 已合并文件 157/169: grid_20251201_172217_689064_001569.npy
2025-12-01 17:22:32 | MainThread   | INFO     | 已合并文件 158/169: grid_20251201_172217_689064_001579.npy
2025-12-01 17:22:32 | MainThread   | INFO     | 已合并文件 159/169: grid_20251201_172217_689064_001589.npy
2025-12-01 17:22:32 | MainThread   | INFO     | 已合并文件 160/169: grid_20251201_172217_689064_001599.npy
2025-12-01 17:22:32 | MainThread   | INFO     | 已合并文件 161/169: grid_20251201_172217_689064_001609.npy
2025-12-01 17:22:32 | MainThread   | INFO     | 已合并文件 162/169: grid_20251201_172217_689064_001619.npy
2025-12-01 17:22:32 | MainThread   | INFO     | 已合并文件 163/169: grid_20251201_172217_689064_001629.npy
2025-12-01 17:22:32 | MainThread   | INFO     | 已合并文件 164/169: grid_20251201_172217_689064_001639.npy
2025-12-01 17:22:32 | MainThread   | INFO     | 已合并文件 165/169: grid_20251201_172217_689064_001649.npy
2025-12-01 17:22:32 | MainThread   | INFO     | 已合并文件 166/169: grid_20251201_172217_689064_001659.npy
2025-12-01 17:22:32 | MainThread   | INFO     | 已合并文件 167/169: grid_20251201_172217_689064_001669.npy
2025-12-01 17:22:32 | MainThread   | INFO     | 已合并文件 168/169: grid_20251201_172217_689064_001679.npy
2025-12-01 17:22:32 | MainThread   | INFO     | 已合并文件 169/169: grid_20251201_172217_689064_001689.npy
2025-12-01 17:22:32 | MainThread   | INFO     | ✓ 数据已成功合并: simulation_results\target_0.019_indenter_0.010\grid_20251201_172217_689064.npy
2025-12-01 17:22:32 | MainThread   | INFO     | 文件大小: 3.35 MB
2025-12-01 17:22:32 | MainThread   | INFO     | 柔性体质量: 0.153600 kg
2025-12-01 17:22:33 | MainThread   | INFO     | 模拟运行器初始化完成
2025-12-01 17:22:34 | MainThread   | INFO     | 开始慢速下压...
2025-12-01 17:22:46 | MainThread   | INFO     | 找到 169 个npy文件
2025-12-01 17:22:46 | MainThread   | INFO     | 第一个文件形状: (17, 17, 3, 3), 数据类型: float64
