2025-12-24 22:03:40 | MainThread   | INFO     | ============================================================
2025-12-24 22:03:40 | MainThread   | INFO     | 开始多进程模拟处理
2025-12-24 22:03:40 | MainThread   | INFO     | 可用CPU核心数: 24
2025-12-24 22:03:40 | MainThread   | INFO     | 使用进程数: 24
2025-12-24 22:03:40 | MainThread   | INFO     | 提示: 使用 Ctrl+C 可以优雅退出程序
2025-12-24 22:03:40 | MainThread   | INFO     | ============================================================
2025-12-24 22:03:40 | MainThread   | INFO     | 总共生成 338 个参数组合
2025-12-24 22:03:40 | MainThread   | INFO     | 开始处理 338 个任务
2025-12-24 22:03:41 | MainThread   | ERROR    | 进度: 1/338 - 失败: Case失败: target=0.027999999999999997, indenter_x=0.0, error: XML Error: Error opening file 'temp_models/scene.xml': No such file or directory
Element 'include', line 3

2025-12-24 22:03:41 | MainThread   | ERROR    | 进度: 2/338 - 失败: Case失败: target=0.027999999999999997, indenter_x=0.002, error: XML Error: Error opening file 'temp_models/scene.xml': No such file or directory
Element 'include', line 3

2025-12-24 22:03:41 | MainThread   | ERROR    | 进度: 3/338 - 失败: Case失败: target=0.027999999999999997, indenter_x=0.004, error: XML Error: Error opening file 'temp_models/scene.xml': No such file or directory
Element 'include', line 3

2025-12-24 22:03:41 | MainThread   | ERROR    | 进度: 4/338 - 失败: Case失败: target=0.027999999999999997, indenter_x=0.006, error: XML Error: Error opening file 'temp_models/scene.xml': No such file or directory
Element 'include', line 3

2025-12-24 22:03:41 | MainThread   | ERROR    | 进度: 5/338 - 失败: Case失败: target=0.027999999999999997, indenter_x=0.008, error: XML Error: Error opening file 'temp_models/scene.xml': No such file or directory
Element 'include', line 3

2025-12-24 22:03:41 | MainThread   | ERROR    | 进度: 6/338 - 失败: Case失败: target=0.027999999999999997, indenter_x=0.01, error: XML Error: Error opening file 'temp_models/scene.xml': No such file or directory
Element 'include', line 3

2025-12-24 22:03:41 | MainThread   | ERROR    | 进度: 7/338 - 失败: Case失败: target=0.027999999999999997, indenter_x=0.012, error: XML Error: Error opening file 'temp_models/scene.xml': No such file or directory
Element 'include', line 3

2025-12-24 22:03:41 | MainThread   | ERROR    | 进度: 8/338 - 失败: Case失败: target=0.027999999999999997, indenter_x=0.014, error: XML Error: Error opening file 'temp_models/scene.xml': No such file or directory
Element 'include', line 3

2025-12-24 22:03:41 | MainThread   | ERROR    | 进度: 9/338 - 失败: Case失败: target=0.027999999999999997, indenter_x=0.016, error: XML Error: Error opening file 'temp_models/scene.xml': No such file or directory
Element 'include', line 3

2025-12-24 22:03:41 | MainThread   | ERROR    | 进度: 10/338 - 失败: Case失败: target=0.027999999999999997, indenter_x=0.018, error: XML Error: Error opening file 'temp_models/scene.xml': No such file or directory
Element 'include', line 3

2025-12-24 22:03:41 | MainThread   | INFO     | 进度报告: 已完成 10/338 (3.0%) - 预计剩余时间: 0.3分钟
2025-12-24 22:03:42 | MainThread   | INFO     | 系统状态: CPU使用率 93.3%, 内存使用率 15.0%
2025-12-24 22:03:42 | MainThread   | ERROR    | 进度: 11/338 - 失败: Case失败: target=0.027999999999999997, indenter_x=0.02, error: XML Error: Error opening file 'temp_models/scene.xml': No such file or directory
Element 'include', line 3

2025-12-24 22:03:42 | MainThread   | ERROR    | 进度: 12/338 - 失败: Case失败: target=0.027999999999999997, indenter_x=0.022, error: XML Error: Error opening file 'temp_models/scene.xml': No such file or directory
Element 'include', line 3

2025-12-24 22:03:42 | MainThread   | ERROR    | 进度: 13/338 - 失败: Case失败: target=0.027999999999999997, indenter_x=0.024, error: XML Error: Error opening file 'temp_models/scene.xml': No such file or directory
Element 'include', line 3

2025-12-24 22:03:42 | MainThread   | ERROR    | 进度: 14/338 - 失败: Case失败: target=0.027999999999999997, indenter_x=0.026, error: XML Error: Error opening file 'temp_models/scene.xml': No such file or directory
Element 'include', line 3

2025-12-24 22:03:42 | MainThread   | ERROR    | 进度: 15/338 - 失败: Case失败: target=0.027999999999999997, indenter_x=0.028, error: XML Error: Error opening file 'temp_models/scene.xml': No such file or directory
Element 'include', line 3

2025-12-24 22:03:42 | MainThread   | ERROR    | 进度: 16/338 - 失败: Case失败: target=0.027999999999999997, indenter_x=0.03, error: XML Error: Error opening file 'temp_models/scene.xml': No such file or directory
Element 'include', line 3

2025-12-24 22:03:42 | MainThread   | ERROR    | 进度: 17/338 - 失败: Case失败: target=0.027999999999999997, indenter_x=0.032, error: XML Error: Error opening file 'temp_models/scene.xml': No such file or directory
Element 'include', line 3

2025-12-24 22:03:42 | MainThread   | ERROR    | 进度: 18/338 - 失败: Case失败: target=0.027999999999999997, indenter_x=0.034, error: XML Error: Error opening file 'temp_models/scene.xml': No such file or directory
Element 'include', line 3

2025-12-24 22:03:42 | MainThread   | ERROR    | 进度: 19/338 - 失败: Case失败: target=0.027999999999999997, indenter_x=0.036, error: XML Error: Error opening file 'temp_models/scene.xml': No such file or directory
Element 'include', line 3

2025-12-24 22:03:42 | MainThread   | ERROR    | 进度: 20/338 - 失败: Case失败: target=0.027999999999999997, indenter_x=0.038, error: XML Error: Error opening file 'temp_models/scene.xml': No such file or directory
Element 'include', line 3

2025-12-24 22:03:42 | MainThread   | INFO     | 进度报告: 已完成 20/338 (5.9%) - 预计剩余时间: 0.4分钟
2025-12-24 22:03:43 | MainThread   | INFO     | 系统状态: CPU使用率 22.0%, 内存使用率 15.0%
2025-12-24 22:03:43 | MainThread   | ERROR    | 进度: 21/338 - 失败: Case失败: target=0.027999999999999997, indenter_x=0.04, error: XML Error: Error opening file 'temp_models/scene.xml': No such file or directory
Element 'include', line 3

2025-12-24 22:03:43 | MainThread   | ERROR    | 进度: 22/338 - 失败: Case失败: target=0.027999999999999997, indenter_x=0.042, error: XML Error: Error opening file 'temp_models/scene.xml': No such file or directory
Element 'include', line 3

2025-12-24 22:03:43 | MainThread   | ERROR    | 进度: 23/338 - 失败: Case失败: target=0.027999999999999997, indenter_x=0.044, error: XML Error: Error opening file 'temp_models/scene.xml': No such file or directory
Element 'include', line 3

2025-12-24 22:03:43 | MainThread   | ERROR    | 进度: 24/338 - 失败: Case失败: target=0.027999999999999997, indenter_x=0.046, error: XML Error: Error opening file 'temp_models/scene.xml': No such file or directory
Element 'include', line 3

2025-12-24 22:03:43 | MainThread   | ERROR    | 进度: 25/338 - 失败: Case失败: target=0.027999999999999997, indenter_x=0.048, error: XML Error: Error opening file 'temp_models/scene.xml': No such file or directory
Element 'include', line 3

2025-12-24 22:03:43 | MainThread   | ERROR    | 进度: 26/338 - 失败: Case失败: target=0.027999999999999997, indenter_x=0.05, error: XML Error: Error opening file 'temp_models/scene.xml': No such file or directory
Element 'include', line 3

2025-12-24 22:03:43 | MainThread   | ERROR    | 进度: 27/338 - 失败: Case失败: target=0.027, indenter_x=0.0, error: XML Error: Error opening file 'temp_models/scene.xml': No such file or directory
Element 'include', line 3

2025-12-24 22:03:43 | MainThread   | ERROR    | 进度: 28/338 - 失败: Case失败: target=0.027, indenter_x=0.002, error: XML Error: Error opening file 'temp_models/scene.xml': No such file or directory
Element 'include', line 3

2025-12-24 22:03:43 | MainThread   | ERROR    | 进度: 29/338 - 失败: Case失败: target=0.027, indenter_x=0.004, error: XML Error: Error opening file 'temp_models/scene.xml': No such file or directory
Element 'include', line 3

2025-12-24 22:03:43 | MainThread   | ERROR    | 进度: 30/338 - 失败: Case失败: target=0.027, indenter_x=0.006, error: XML Error: Error opening file 'temp_models/scene.xml': No such file or directory
Element 'include', line 3

2025-12-24 22:03:43 | MainThread   | INFO     | 进度报告: 已完成 30/338 (8.9%) - 预计剩余时间: 0.4分钟
2025-12-24 22:03:43 | MainThread   | WARNING  | 收到中断信号，正在优雅退出...
2025-12-24 22:03:43 | MainThread   | INFO     | 正在关闭进程池...
2025-12-24 22:03:43 | MainThread   | INFO     | 退出中...
2025-12-24 22:03:43 | MainThread   | INFO     | ============================================================
2025-12-24 22:03:43 | MainThread   | INFO     | 模拟完成总结:
2025-12-24 22:03:43 | MainThread   | INFO     | 总任务数: 338
2025-12-24 22:03:43 | MainThread   | INFO     | 已完成: 30
2025-12-24 22:03:43 | MainThread   | INFO     | 成功: 0
2025-12-24 22:03:43 | MainThread   | INFO     | 失败: 30
2025-12-24 22:03:43 | MainThread   | INFO     | 完成率: 8.88%
2025-12-24 22:03:43 | MainThread   | INFO     | 成功率: 0.00%
2025-12-24 22:03:43 | MainThread   | INFO     | 总耗时: 0.05 分钟
2025-12-24 22:03:43 | MainThread   | INFO     | 平均每个任务: 0.10 秒
2025-12-24 22:03:43 | MainThread   | INFO     | 结果保存到: D:\code\magsim\4-scripts\distribution\simulation_results
2025-12-24 22:03:43 | MainThread   | INFO     | 程序被用户中断退出
2025-12-24 22:03:43 | MainThread   | INFO     | ============================================================
