2025-12-01 17:02:59 | MainThread   | INFO     | ============================================================
2025-12-01 17:02:59 | MainThread   | INFO     | 开始多线程模拟处理
2025-12-01 17:02:59 | MainThread   | INFO     | 提示: 使用 Ctrl+C 可以优雅退出程序
2025-12-01 17:02:59 | MainThread   | INFO     | ============================================================
2025-12-01 17:02:59 | MainThread   | INFO     | 总共生成 390 个参数组合
2025-12-01 17:02:59 | MainThread   | INFO     | 开始处理 390 个任务，使用 8 个线程
2025-12-01 17:02:59 | ThreadPoolExecutor-0_0 | INFO     | 柔性体质量: 0.153600 kg
2025-12-01 17:02:59 | ThreadPoolExecutor-0_1 | INFO     | 柔性体质量: 0.153600 kg
2025-12-01 17:02:59 | ThreadPoolExecutor-0_2 | INFO     | 柔性体质量: 0.153600 kg
2025-12-01 17:02:59 | ThreadPoolExecutor-0_3 | INFO     | 柔性体质量: 0.153600 kg
2025-12-01 17:02:59 | ThreadPoolExecutor-0_4 | INFO     | 柔性体质量: 0.153600 kg
2025-12-01 17:02:59 | ThreadPoolExecutor-0_6 | INFO     | 柔性体质量: 0.153600 kg
2025-12-01 17:02:59 | ThreadPoolExecutor-0_5 | INFO     | 柔性体质量: 0.153600 kg
2025-12-01 17:02:59 | ThreadPoolExecutor-0_7 | INFO     | 柔性体质量: 0.153600 kg
2025-12-01 17:03:00 | ThreadPoolExecutor-0_6 | INFO     | 模拟运行器初始化完成
2025-12-01 17:03:00 | ThreadPoolExecutor-0_0 | INFO     | 模拟运行器初始化完成
2025-12-01 17:03:00 | ThreadPoolExecutor-0_3 | INFO     | 模拟运行器初始化完成
2025-12-01 17:03:00 | ThreadPoolExecutor-0_1 | INFO     | 模拟运行器初始化完成
2025-12-01 17:03:00 | ThreadPoolExecutor-0_4 | INFO     | 模拟运行器初始化完成
2025-12-01 17:03:00 | ThreadPoolExecutor-0_5 | INFO     | 模拟运行器初始化完成
2025-12-01 17:03:00 | ThreadPoolExecutor-0_7 | INFO     | 模拟运行器初始化完成
2025-12-01 17:03:00 | ThreadPoolExecutor-0_2 | INFO     | 模拟运行器初始化完成
2025-12-01 17:03:04 | ThreadPoolExecutor-0_0 | INFO     | 开始慢速下压...
2025-12-01 17:03:04 | ThreadPoolExecutor-0_3 | INFO     | 开始慢速下压...
2025-12-01 17:03:04 | ThreadPoolExecutor-0_7 | INFO     | 开始慢速下压...
2025-12-01 17:03:04 | ThreadPoolExecutor-0_2 | INFO     | 开始慢速下压...
2025-12-01 17:03:04 | ThreadPoolExecutor-0_6 | INFO     | 开始慢速下压...
2025-12-01 17:03:05 | ThreadPoolExecutor-0_4 | INFO     | 开始慢速下压...
2025-12-01 17:03:05 | ThreadPoolExecutor-0_5 | INFO     | 开始慢速下压...
2025-12-01 17:03:05 | ThreadPoolExecutor-0_1 | INFO     | 开始慢速下压...
2025-12-01 17:04:16 | ThreadPoolExecutor-0_2 | INFO     | 找到 159 个npy文件
2025-12-01 17:04:16 | ThreadPoolExecutor-0_2 | INFO     | 第一个文件形状: (17, 17, 3, 3), 数据类型: float64
2025-12-01 17:04:17 | ThreadPoolExecutor-0_2 | INFO     | 合并后的形状: (159, 17, 17, 3, 3)
2025-12-01 17:04:17 | ThreadPoolExecutor-0_2 | INFO     | 总文件数: 159
2025-12-01 17:04:17 | ThreadPoolExecutor-0_2 | INFO     | 已合并文件 1/159: grid_20251201_170259_464667_000010.npy
2025-12-01 17:04:17 | ThreadPoolExecutor-0_2 | INFO     | 已合并文件 2/159: grid_20251201_170259_464667_000019.npy
2025-12-01 17:04:17 | ThreadPoolExecutor-0_2 | INFO     | 已合并文件 3/159: grid_20251201_170259_464667_000029.npy
2025-12-01 17:04:17 | ThreadPoolExecutor-0_2 | INFO     | 已合并文件 4/159: grid_20251201_170259_464667_000039.npy
2025-12-01 17:04:17 | ThreadPoolExecutor-0_2 | INFO     | 已合并文件 5/159: grid_20251201_170259_464667_000049.npy
2025-12-01 17:04:17 | ThreadPoolExecutor-0_2 | INFO     | 已合并文件 6/159: grid_20251201_170259_464667_000059.npy
2025-12-01 17:04:17 | ThreadPoolExecutor-0_2 | INFO     | 已合并文件 7/159: grid_20251201_170259_464667_000069.npy
2025-12-01 17:04:17 | ThreadPoolExecutor-0_2 | INFO     | 已合并文件 8/159: grid_20251201_170259_464667_000080.npy
2025-12-01 17:04:17 | ThreadPoolExecutor-0_2 | INFO     | 已合并文件 9/159: grid_20251201_170259_464667_000090.npy
2025-12-01 17:04:17 | ThreadPoolExecutor-0_2 | INFO     | 已合并文件 10/159: grid_20251201_170259_464667_000100.npy
2025-12-01 17:04:17 | ThreadPoolExecutor-0_2 | INFO     | 已合并文件 11/159: grid_20251201_170259_464667_000110.npy
2025-12-01 17:04:17 | ThreadPoolExecutor-0_2 | INFO     | 已合并文件 12/159: grid_20251201_170259_464667_000120.npy
2025-12-01 17:04:17 | ThreadPoolExecutor-0_2 | INFO     | 已合并文件 13/159: grid_20251201_170259_464667_000130.npy
2025-12-01 17:04:17 | ThreadPoolExecutor-0_2 | INFO     | 已合并文件 14/159: grid_20251201_170259_464667_000140.npy
2025-12-01 17:04:17 | ThreadPoolExecutor-0_2 | INFO     | 已合并文件 15/159: grid_20251201_170259_464667_000150.npy
2025-12-01 17:04:17 | ThreadPoolExecutor-0_2 | INFO     | 已合并文件 16/159: grid_20251201_170259_464667_000160.npy
2025-12-01 17:04:17 | ThreadPoolExecutor-0_2 | INFO     | 已合并文件 17/159: grid_20251201_170259_464667_000170.npy
2025-12-01 17:04:17 | ThreadPoolExecutor-0_2 | INFO     | 已合并文件 18/159: grid_20251201_170259_464667_000180.npy
2025-12-01 17:04:17 | ThreadPoolExecutor-0_2 | INFO     | 已合并文件 19/159: grid_20251201_170259_464667_000190.npy
2025-12-01 17:04:17 | ThreadPoolExecutor-0_2 | INFO     | 已合并文件 20/159: grid_20251201_170259_464667_000200.npy
2025-12-01 17:04:17 | ThreadPoolExecutor-0_2 | INFO     | 已合并文件 21/159: grid_20251201_170259_464667_000210.npy
2025-12-01 17:04:17 | ThreadPoolExecutor-0_2 | INFO     | 已合并文件 22/159: grid_20251201_170259_464667_000220.npy
2025-12-01 17:04:17 | ThreadPoolExecutor-0_2 | INFO     | 已合并文件 23/159: grid_20251201_170259_464667_000230.npy
2025-12-01 17:04:17 | ThreadPoolExecutor-0_2 | INFO     | 已合并文件 24/159: grid_20251201_170259_464667_000240.npy
2025-12-01 17:04:17 | ThreadPoolExecutor-0_2 | INFO     | 已合并文件 25/159: grid_20251201_170259_464667_000250.npy
2025-12-01 17:04:17 | ThreadPoolExecutor-0_2 | INFO     | 已合并文件 26/159: grid_20251201_170259_464667_000260.npy
2025-12-01 17:04:17 | ThreadPoolExecutor-0_2 | INFO     | 已合并文件 27/159: grid_20251201_170259_464667_000270.npy
2025-12-01 17:04:17 | ThreadPoolExecutor-0_2 | INFO     | 已合并文件 28/159: grid_20251201_170259_464667_000280.npy
2025-12-01 17:04:17 | ThreadPoolExecutor-0_2 | INFO     | 已合并文件 29/159: grid_20251201_170259_464667_000290.npy
2025-12-01 17:04:17 | ThreadPoolExecutor-0_2 | INFO     | 已合并文件 30/159: grid_20251201_170259_464667_000299.npy
2025-12-01 17:04:17 | ThreadPoolExecutor-0_2 | INFO     | 已合并文件 31/159: grid_20251201_170259_464667_000309.npy
2025-12-01 17:04:17 | ThreadPoolExecutor-0_2 | INFO     | 已合并文件 32/159: grid_20251201_170259_464667_000319.npy
2025-12-01 17:04:17 | ThreadPoolExecutor-0_2 | INFO     | 已合并文件 33/159: grid_20251201_170259_464667_000329.npy
2025-12-01 17:04:17 | ThreadPoolExecutor-0_2 | INFO     | 已合并文件 34/159: grid_20251201_170259_464667_000339.npy
2025-12-01 17:04:17 | ThreadPoolExecutor-0_2 | INFO     | 已合并文件 35/159: grid_20251201_170259_464667_000349.npy
2025-12-01 17:04:17 | ThreadPoolExecutor-0_2 | INFO     | 已合并文件 36/159: grid_20251201_170259_464667_000359.npy
2025-12-01 17:04:17 | ThreadPoolExecutor-0_2 | INFO     | 已合并文件 37/159: grid_20251201_170259_464667_000369.npy
2025-12-01 17:04:17 | ThreadPoolExecutor-0_2 | INFO     | 已合并文件 38/159: grid_20251201_170259_464667_000379.npy
2025-12-01 17:04:17 | ThreadPoolExecutor-0_2 | INFO     | 已合并文件 39/159: grid_20251201_170259_464667_000389.npy
2025-12-01 17:04:17 | ThreadPoolExecutor-0_2 | INFO     | 已合并文件 40/159: grid_20251201_170259_464667_000399.npy
2025-12-01 17:04:17 | ThreadPoolExecutor-0_2 | INFO     | 已合并文件 41/159: grid_20251201_170259_464667_000409.npy
2025-12-01 17:04:17 | ThreadPoolExecutor-0_2 | INFO     | 已合并文件 42/159: grid_20251201_170259_464667_000419.npy
2025-12-01 17:04:17 | ThreadPoolExecutor-0_2 | INFO     | 已合并文件 43/159: grid_20251201_170259_464667_000429.npy
2025-12-01 17:04:17 | ThreadPoolExecutor-0_2 | INFO     | 已合并文件 44/159: grid_20251201_170259_464667_000439.npy
2025-12-01 17:04:17 | ThreadPoolExecutor-0_2 | INFO     | 已合并文件 45/159: grid_20251201_170259_464667_000449.npy
2025-12-01 17:04:17 | ThreadPoolExecutor-0_2 | INFO     | 已合并文件 46/159: grid_20251201_170259_464667_000459.npy
2025-12-01 17:04:17 | ThreadPoolExecutor-0_2 | INFO     | 已合并文件 47/159: grid_20251201_170259_464667_000469.npy
2025-12-01 17:04:17 | ThreadPoolExecutor-0_2 | INFO     | 已合并文件 48/159: grid_20251201_170259_464667_000479.npy
2025-12-01 17:04:17 | ThreadPoolExecutor-0_2 | INFO     | 已合并文件 49/159: grid_20251201_170259_464667_000489.npy
2025-12-01 17:04:17 | ThreadPoolExecutor-0_2 | INFO     | 已合并文件 50/159: grid_20251201_170259_464667_000499.npy
2025-12-01 17:04:17 | ThreadPoolExecutor-0_2 | INFO     | 已合并文件 51/159: grid_20251201_170259_464667_000509.npy
2025-12-01 17:04:17 | ThreadPoolExecutor-0_2 | INFO     | 已合并文件 52/159: grid_20251201_170259_464667_000519.npy
2025-12-01 17:04:17 | ThreadPoolExecutor-0_2 | INFO     | 已合并文件 53/159: grid_20251201_170259_464667_000529.npy
2025-12-01 17:04:17 | ThreadPoolExecutor-0_2 | INFO     | 已合并文件 54/159: grid_20251201_170259_464667_000539.npy
2025-12-01 17:04:17 | ThreadPoolExecutor-0_2 | INFO     | 已合并文件 55/159: grid_20251201_170259_464667_000549.npy
2025-12-01 17:04:17 | ThreadPoolExecutor-0_2 | INFO     | 已合并文件 56/159: grid_20251201_170259_464667_000559.npy
2025-12-01 17:04:17 | ThreadPoolExecutor-0_2 | INFO     | 已合并文件 57/159: grid_20251201_170259_464667_000569.npy
2025-12-01 17:04:17 | ThreadPoolExecutor-0_2 | INFO     | 已合并文件 58/159: grid_20251201_170259_464667_000579.npy
2025-12-01 17:04:17 | ThreadPoolExecutor-0_2 | INFO     | 已合并文件 59/159: grid_20251201_170259_464667_000589.npy
2025-12-01 17:04:17 | ThreadPoolExecutor-0_2 | INFO     | 已合并文件 60/159: grid_20251201_170259_464667_000599.npy
2025-12-01 17:04:17 | ThreadPoolExecutor-0_2 | INFO     | 已合并文件 61/159: grid_20251201_170259_464667_000609.npy
2025-12-01 17:04:17 | ThreadPoolExecutor-0_2 | INFO     | 已合并文件 62/159: grid_20251201_170259_464667_000619.npy
2025-12-01 17:04:17 | ThreadPoolExecutor-0_2 | INFO     | 已合并文件 63/159: grid_20251201_170259_464667_000629.npy
2025-12-01 17:04:17 | ThreadPoolExecutor-0_2 | INFO     | 已合并文件 64/159: grid_20251201_170259_464667_000639.npy
2025-12-01 17:04:17 | ThreadPoolExecutor-0_2 | INFO     | 已合并文件 65/159: grid_20251201_170259_464667_000649.npy
2025-12-01 17:04:17 | ThreadPoolExecutor-0_2 | INFO     | 已合并文件 66/159: grid_20251201_170259_464667_000659.npy
2025-12-01 17:04:17 | ThreadPoolExecutor-0_2 | INFO     | 已合并文件 67/159: grid_20251201_170259_464667_000669.npy
2025-12-01 17:04:17 | ThreadPoolExecutor-0_2 | INFO     | 已合并文件 68/159: grid_20251201_170259_464667_000679.npy
2025-12-01 17:04:17 | ThreadPoolExecutor-0_2 | INFO     | 已合并文件 69/159: grid_20251201_170259_464667_000689.npy
2025-12-01 17:04:17 | ThreadPoolExecutor-0_2 | INFO     | 已合并文件 70/159: grid_20251201_170259_464667_000699.npy
2025-12-01 17:04:17 | ThreadPoolExecutor-0_2 | INFO     | 已合并文件 71/159: grid_20251201_170259_464667_000709.npy
2025-12-01 17:04:17 | ThreadPoolExecutor-0_2 | INFO     | 已合并文件 72/159: grid_20251201_170259_464667_000719.npy
2025-12-01 17:04:17 | ThreadPoolExecutor-0_2 | INFO     | 已合并文件 73/159: grid_20251201_170259_464667_000729.npy
2025-12-01 17:04:17 | ThreadPoolExecutor-0_2 | INFO     | 已合并文件 74/159: grid_20251201_170259_464667_000739.npy
2025-12-01 17:04:17 | ThreadPoolExecutor-0_2 | INFO     | 已合并文件 75/159: grid_20251201_170259_464667_000749.npy
2025-12-01 17:04:17 | ThreadPoolExecutor-0_2 | INFO     | 已合并文件 76/159: grid_20251201_170259_464667_000759.npy
2025-12-01 17:04:17 | ThreadPoolExecutor-0_2 | INFO     | 已合并文件 77/159: grid_20251201_170259_464667_000769.npy
2025-12-01 17:04:17 | ThreadPoolExecutor-0_2 | INFO     | 已合并文件 78/159: grid_20251201_170259_464667_000779.npy
2025-12-01 17:04:17 | ThreadPoolExecutor-0_2 | INFO     | 已合并文件 79/159: grid_20251201_170259_464667_000789.npy
2025-12-01 17:04:17 | ThreadPoolExecutor-0_2 | INFO     | 已合并文件 80/159: grid_20251201_170259_464667_000799.npy
2025-12-01 17:04:17 | ThreadPoolExecutor-0_2 | INFO     | 已合并文件 81/159: grid_20251201_170259_464667_000809.npy
2025-12-01 17:04:17 | ThreadPoolExecutor-0_2 | INFO     | 已合并文件 82/159: grid_20251201_170259_464667_000819.npy
2025-12-01 17:04:17 | ThreadPoolExecutor-0_2 | INFO     | 已合并文件 83/159: grid_20251201_170259_464667_000829.npy
2025-12-01 17:04:17 | ThreadPoolExecutor-0_2 | INFO     | 已合并文件 84/159: grid_20251201_170259_464667_000839.npy
2025-12-01 17:04:17 | ThreadPoolExecutor-0_2 | INFO     | 已合并文件 85/159: grid_20251201_170259_464667_000849.npy
2025-12-01 17:04:17 | ThreadPoolExecutor-0_2 | INFO     | 已合并文件 86/159: grid_20251201_170259_464667_000859.npy
2025-12-01 17:04:17 | ThreadPoolExecutor-0_2 | INFO     | 已合并文件 87/159: grid_20251201_170259_464667_000869.npy
2025-12-01 17:04:17 | ThreadPoolExecutor-0_2 | INFO     | 已合并文件 88/159: grid_20251201_170259_464667_000879.npy
2025-12-01 17:04:17 | ThreadPoolExecutor-0_2 | INFO     | 已合并文件 89/159: grid_20251201_170259_464667_000889.npy
2025-12-01 17:04:17 | ThreadPoolExecutor-0_2 | INFO     | 已合并文件 90/159: grid_20251201_170259_464667_000899.npy
2025-12-01 17:04:17 | ThreadPoolExecutor-0_2 | INFO     | 已合并文件 91/159: grid_20251201_170259_464667_000909.npy
2025-12-01 17:04:17 | ThreadPoolExecutor-0_2 | INFO     | 已合并文件 92/159: grid_20251201_170259_464667_000919.npy
2025-12-01 17:04:17 | ThreadPoolExecutor-0_2 | INFO     | 已合并文件 93/159: grid_20251201_170259_464667_000929.npy
2025-12-01 17:04:17 | ThreadPoolExecutor-0_2 | INFO     | 已合并文件 94/159: grid_20251201_170259_464667_000939.npy
2025-12-01 17:04:17 | ThreadPoolExecutor-0_2 | INFO     | 已合并文件 95/159: grid_20251201_170259_464667_000949.npy
2025-12-01 17:04:17 | ThreadPoolExecutor-0_2 | INFO     | 已合并文件 96/159: grid_20251201_170259_464667_000959.npy
2025-12-01 17:04:17 | ThreadPoolExecutor-0_2 | INFO     | 已合并文件 97/159: grid_20251201_170259_464667_000969.npy
2025-12-01 17:04:17 | ThreadPoolExecutor-0_2 | INFO     | 已合并文件 98/159: grid_20251201_170259_464667_000979.npy
2025-12-01 17:04:17 | ThreadPoolExecutor-0_2 | INFO     | 已合并文件 99/159: grid_20251201_170259_464667_000989.npy
2025-12-01 17:04:17 | ThreadPoolExecutor-0_2 | INFO     | 已合并文件 100/159: grid_20251201_170259_464667_000999.npy
2025-12-01 17:04:17 | ThreadPoolExecutor-0_2 | INFO     | 已合并文件 101/159: grid_20251201_170259_464667_001009.npy
2025-12-01 17:04:17 | ThreadPoolExecutor-0_2 | INFO     | 已合并文件 102/159: grid_20251201_170259_464667_001019.npy
2025-12-01 17:04:17 | ThreadPoolExecutor-0_2 | INFO     | 已合并文件 103/159: grid_20251201_170259_464667_001029.npy
2025-12-01 17:04:17 | ThreadPoolExecutor-0_2 | INFO     | 已合并文件 104/159: grid_20251201_170259_464667_001039.npy
2025-12-01 17:04:17 | ThreadPoolExecutor-0_2 | INFO     | 已合并文件 105/159: grid_20251201_170259_464667_001049.npy
2025-12-01 17:04:17 | ThreadPoolExecutor-0_2 | INFO     | 已合并文件 106/159: grid_20251201_170259_464667_001059.npy
2025-12-01 17:04:17 | ThreadPoolExecutor-0_2 | INFO     | 已合并文件 107/159: grid_20251201_170259_464667_001069.npy
2025-12-01 17:04:17 | ThreadPoolExecutor-0_2 | INFO     | 已合并文件 108/159: grid_20251201_170259_464667_001079.npy
2025-12-01 17:04:17 | ThreadPoolExecutor-0_2 | INFO     | 已合并文件 109/159: grid_20251201_170259_464667_001089.npy
2025-12-01 17:04:17 | ThreadPoolExecutor-0_2 | INFO     | 已合并文件 110/159: grid_20251201_170259_464667_001099.npy
2025-12-01 17:04:17 | ThreadPoolExecutor-0_2 | INFO     | 已合并文件 111/159: grid_20251201_170259_464667_001109.npy
2025-12-01 17:04:17 | ThreadPoolExecutor-0_2 | INFO     | 已合并文件 112/159: grid_20251201_170259_464667_001119.npy
2025-12-01 17:04:17 | ThreadPoolExecutor-0_2 | INFO     | 已合并文件 113/159: grid_20251201_170259_464667_001129.npy
2025-12-01 17:04:17 | ThreadPoolExecutor-0_2 | INFO     | 已合并文件 114/159: grid_20251201_170259_464667_001139.npy
2025-12-01 17:04:17 | ThreadPoolExecutor-0_2 | INFO     | 已合并文件 115/159: grid_20251201_170259_464667_001149.npy
2025-12-01 17:04:17 | ThreadPoolExecutor-0_2 | INFO     | 已合并文件 116/159: grid_20251201_170259_464667_001159.npy
2025-12-01 17:04:17 | ThreadPoolExecutor-0_2 | INFO     | 已合并文件 117/159: grid_20251201_170259_464667_001169.npy
2025-12-01 17:04:17 | ThreadPoolExecutor-0_2 | INFO     | 已合并文件 118/159: grid_20251201_170259_464667_001179.npy
2025-12-01 17:04:17 | ThreadPoolExecutor-0_2 | INFO     | 已合并文件 119/159: grid_20251201_170259_464667_001189.npy
2025-12-01 17:04:17 | ThreadPoolExecutor-0_2 | INFO     | 已合并文件 120/159: grid_20251201_170259_464667_001199.npy
2025-12-01 17:04:17 | ThreadPoolExecutor-0_2 | INFO     | 已合并文件 121/159: grid_20251201_170259_464667_001209.npy
2025-12-01 17:04:17 | ThreadPoolExecutor-0_2 | INFO     | 已合并文件 122/159: grid_20251201_170259_464667_001219.npy
2025-12-01 17:04:17 | ThreadPoolExecutor-0_2 | INFO     | 已合并文件 123/159: grid_20251201_170259_464667_001229.npy
2025-12-01 17:04:17 | ThreadPoolExecutor-0_2 | INFO     | 已合并文件 124/159: grid_20251201_170259_464667_001239.npy
2025-12-01 17:04:17 | ThreadPoolExecutor-0_2 | INFO     | 已合并文件 125/159: grid_20251201_170259_464667_001249.npy
2025-12-01 17:04:17 | ThreadPoolExecutor-0_2 | INFO     | 已合并文件 126/159: grid_20251201_170259_464667_001259.npy
2025-12-01 17:04:17 | ThreadPoolExecutor-0_2 | INFO     | 已合并文件 127/159: grid_20251201_170259_464667_001269.npy
2025-12-01 17:04:17 | ThreadPoolExecutor-0_2 | INFO     | 已合并文件 128/159: grid_20251201_170259_464667_001279.npy
2025-12-01 17:04:17 | ThreadPoolExecutor-0_2 | INFO     | 已合并文件 129/159: grid_20251201_170259_464667_001289.npy
2025-12-01 17:04:17 | ThreadPoolExecutor-0_2 | INFO     | 已合并文件 130/159: grid_20251201_170259_464667_001299.npy
2025-12-01 17:04:17 | ThreadPoolExecutor-0_2 | INFO     | 已合并文件 131/159: grid_20251201_170259_464667_001309.npy
2025-12-01 17:04:17 | ThreadPoolExecutor-0_2 | INFO     | 已合并文件 132/159: grid_20251201_170259_464667_001319.npy
2025-12-01 17:04:17 | ThreadPoolExecutor-0_2 | INFO     | 已合并文件 133/159: grid_20251201_170259_464667_001329.npy
2025-12-01 17:04:17 | ThreadPoolExecutor-0_2 | INFO     | 已合并文件 134/159: grid_20251201_170259_464667_001339.npy
2025-12-01 17:04:17 | ThreadPoolExecutor-0_2 | INFO     | 已合并文件 135/159: grid_20251201_170259_464667_001349.npy
2025-12-01 17:04:17 | ThreadPoolExecutor-0_2 | INFO     | 已合并文件 136/159: grid_20251201_170259_464667_001359.npy
2025-12-01 17:04:17 | ThreadPoolExecutor-0_2 | INFO     | 已合并文件 137/159: grid_20251201_170259_464667_001369.npy
2025-12-01 17:04:17 | ThreadPoolExecutor-0_2 | INFO     | 已合并文件 138/159: grid_20251201_170259_464667_001379.npy
2025-12-01 17:04:17 | ThreadPoolExecutor-0_2 | INFO     | 已合并文件 139/159: grid_20251201_170259_464667_001389.npy
2025-12-01 17:04:17 | ThreadPoolExecutor-0_2 | INFO     | 已合并文件 140/159: grid_20251201_170259_464667_001399.npy
2025-12-01 17:04:17 | ThreadPoolExecutor-0_2 | INFO     | 已合并文件 141/159: grid_20251201_170259_464667_001409.npy
2025-12-01 17:04:17 | ThreadPoolExecutor-0_2 | INFO     | 已合并文件 142/159: grid_20251201_170259_464667_001419.npy
2025-12-01 17:04:17 | ThreadPoolExecutor-0_2 | INFO     | 已合并文件 143/159: grid_20251201_170259_464667_001429.npy
2025-12-01 17:04:17 | ThreadPoolExecutor-0_2 | INFO     | 已合并文件 144/159: grid_20251201_170259_464667_001439.npy
2025-12-01 17:04:17 | ThreadPoolExecutor-0_2 | INFO     | 已合并文件 145/159: grid_20251201_170259_464667_001449.npy
2025-12-01 17:04:17 | ThreadPoolExecutor-0_2 | INFO     | 已合并文件 146/159: grid_20251201_170259_464667_001459.npy
2025-12-01 17:04:17 | ThreadPoolExecutor-0_2 | INFO     | 已合并文件 147/159: grid_20251201_170259_464667_001469.npy
2025-12-01 17:04:17 | ThreadPoolExecutor-0_2 | INFO     | 已合并文件 148/159: grid_20251201_170259_464667_001479.npy
2025-12-01 17:04:17 | ThreadPoolExecutor-0_2 | INFO     | 已合并文件 149/159: grid_20251201_170259_464667_001489.npy
2025-12-01 17:04:17 | ThreadPoolExecutor-0_2 | INFO     | 已合并文件 150/159: grid_20251201_170259_464667_001499.npy
2025-12-01 17:04:17 | ThreadPoolExecutor-0_2 | INFO     | 已合并文件 151/159: grid_20251201_170259_464667_001509.npy
2025-12-01 17:04:17 | ThreadPoolExecutor-0_2 | INFO     | 已合并文件 152/159: grid_20251201_170259_464667_001519.npy
2025-12-01 17:04:17 | ThreadPoolExecutor-0_2 | INFO     | 已合并文件 153/159: grid_20251201_170259_464667_001529.npy
2025-12-01 17:04:17 | ThreadPoolExecutor-0_2 | INFO     | 已合并文件 154/159: grid_20251201_170259_464667_001539.npy
2025-12-01 17:04:17 | ThreadPoolExecutor-0_2 | INFO     | 已合并文件 155/159: grid_20251201_170259_464667_001549.npy
2025-12-01 17:04:17 | ThreadPoolExecutor-0_2 | INFO     | 已合并文件 156/159: grid_20251201_170259_464667_001559.npy
2025-12-01 17:04:17 | ThreadPoolExecutor-0_2 | INFO     | 已合并文件 157/159: grid_20251201_170259_464667_001569.npy
2025-12-01 17:04:17 | ThreadPoolExecutor-0_2 | INFO     | 已合并文件 158/159: grid_20251201_170259_464667_001579.npy
2025-12-01 17:04:17 | ThreadPoolExecutor-0_2 | INFO     | 已合并文件 159/159: grid_20251201_170259_464667_001589.npy
2025-12-01 17:04:17 | ThreadPoolExecutor-0_2 | INFO     | ✓ 数据已成功合并: simulation_results\target_0.020_indenter_0.004\grid_20251201_170259_464667.npy
2025-12-01 17:04:17 | ThreadPoolExecutor-0_2 | INFO     | 文件大小: 3.16 MB
2025-12-01 17:04:17 | ThreadPoolExecutor-0_2 | INFO     | Case完成: target=0.02, indenter_x=0.004
2025-12-01 17:04:17 | MainThread   | INFO     | 进度: 1/390 - 完成: Case completed: target=0.02, indenter_x=0.004
2025-12-01 17:04:17 | ThreadPoolExecutor-0_2 | INFO     | 柔性体质量: 0.153600 kg
2025-12-01 17:04:17 | ThreadPoolExecutor-0_3 | INFO     | 找到 159 个npy文件
2025-12-01 17:04:17 | ThreadPoolExecutor-0_3 | INFO     | 第一个文件形状: (17, 17, 3, 3), 数据类型: float64
2025-12-01 17:04:18 | ThreadPoolExecutor-0_2 | INFO     | 模拟运行器初始化完成
2025-12-01 17:04:18 | ThreadPoolExecutor-0_3 | INFO     | 合并后的形状: (159, 17, 17, 3, 3)
2025-12-01 17:04:18 | ThreadPoolExecutor-0_3 | INFO     | 总文件数: 159
2025-12-01 17:04:18 | ThreadPoolExecutor-0_3 | INFO     | 已合并文件 1/159: grid_20251201_170259_465667_000010.npy
2025-12-01 17:04:18 | ThreadPoolExecutor-0_3 | INFO     | 已合并文件 2/159: grid_20251201_170259_465667_000019.npy
2025-12-01 17:04:18 | ThreadPoolExecutor-0_3 | INFO     | 已合并文件 3/159: grid_20251201_170259_465667_000029.npy
2025-12-01 17:04:18 | ThreadPoolExecutor-0_3 | INFO     | 已合并文件 4/159: grid_20251201_170259_465667_000039.npy
2025-12-01 17:04:18 | ThreadPoolExecutor-0_3 | INFO     | 已合并文件 5/159: grid_20251201_170259_465667_000049.npy
2025-12-01 17:04:18 | ThreadPoolExecutor-0_3 | INFO     | 已合并文件 6/159: grid_20251201_170259_465667_000059.npy
2025-12-01 17:04:18 | ThreadPoolExecutor-0_3 | INFO     | 已合并文件 7/159: grid_20251201_170259_465667_000069.npy
2025-12-01 17:04:18 | ThreadPoolExecutor-0_3 | INFO     | 已合并文件 8/159: grid_20251201_170259_465667_000080.npy
2025-12-01 17:04:18 | ThreadPoolExecutor-0_3 | INFO     | 已合并文件 9/159: grid_20251201_170259_465667_000090.npy
2025-12-01 17:04:18 | ThreadPoolExecutor-0_3 | INFO     | 已合并文件 10/159: grid_20251201_170259_465667_000100.npy
2025-12-01 17:04:18 | ThreadPoolExecutor-0_3 | INFO     | 已合并文件 11/159: grid_20251201_170259_465667_000110.npy
2025-12-01 17:04:18 | ThreadPoolExecutor-0_3 | INFO     | 已合并文件 12/159: grid_20251201_170259_465667_000120.npy
2025-12-01 17:04:18 | ThreadPoolExecutor-0_3 | INFO     | 已合并文件 13/159: grid_20251201_170259_465667_000130.npy
2025-12-01 17:04:18 | ThreadPoolExecutor-0_3 | INFO     | 已合并文件 14/159: grid_20251201_170259_465667_000140.npy
2025-12-01 17:04:18 | ThreadPoolExecutor-0_3 | INFO     | 已合并文件 15/159: grid_20251201_170259_465667_000150.npy
2025-12-01 17:04:18 | ThreadPoolExecutor-0_3 | INFO     | 已合并文件 16/159: grid_20251201_170259_465667_000160.npy
2025-12-01 17:04:18 | ThreadPoolExecutor-0_3 | INFO     | 已合并文件 17/159: grid_20251201_170259_465667_000170.npy
2025-12-01 17:04:18 | ThreadPoolExecutor-0_3 | INFO     | 已合并文件 18/159: grid_20251201_170259_465667_000180.npy
2025-12-01 17:04:18 | ThreadPoolExecutor-0_3 | INFO     | 已合并文件 19/159: grid_20251201_170259_465667_000190.npy
2025-12-01 17:04:18 | ThreadPoolExecutor-0_3 | INFO     | 已合并文件 20/159: grid_20251201_170259_465667_000200.npy
2025-12-01 17:04:18 | ThreadPoolExecutor-0_3 | INFO     | 已合并文件 21/159: grid_20251201_170259_465667_000210.npy
2025-12-01 17:04:18 | ThreadPoolExecutor-0_3 | INFO     | 已合并文件 22/159: grid_20251201_170259_465667_000220.npy
2025-12-01 17:04:18 | ThreadPoolExecutor-0_3 | INFO     | 已合并文件 23/159: grid_20251201_170259_465667_000230.npy
2025-12-01 17:04:18 | ThreadPoolExecutor-0_3 | INFO     | 已合并文件 24/159: grid_20251201_170259_465667_000240.npy
2025-12-01 17:04:18 | ThreadPoolExecutor-0_3 | INFO     | 已合并文件 25/159: grid_20251201_170259_465667_000250.npy
2025-12-01 17:04:18 | ThreadPoolExecutor-0_3 | INFO     | 已合并文件 26/159: grid_20251201_170259_465667_000260.npy
2025-12-01 17:04:18 | ThreadPoolExecutor-0_3 | INFO     | 已合并文件 27/159: grid_20251201_170259_465667_000270.npy
2025-12-01 17:04:18 | ThreadPoolExecutor-0_3 | INFO     | 已合并文件 28/159: grid_20251201_170259_465667_000280.npy
2025-12-01 17:04:18 | ThreadPoolExecutor-0_3 | INFO     | 已合并文件 29/159: grid_20251201_170259_465667_000290.npy
2025-12-01 17:04:18 | ThreadPoolExecutor-0_3 | INFO     | 已合并文件 30/159: grid_20251201_170259_465667_000299.npy
2025-12-01 17:04:18 | ThreadPoolExecutor-0_3 | INFO     | 已合并文件 31/159: grid_20251201_170259_465667_000309.npy
2025-12-01 17:04:18 | ThreadPoolExecutor-0_3 | INFO     | 已合并文件 32/159: grid_20251201_170259_465667_000319.npy
2025-12-01 17:04:18 | ThreadPoolExecutor-0_3 | INFO     | 已合并文件 33/159: grid_20251201_170259_465667_000329.npy
2025-12-01 17:04:18 | ThreadPoolExecutor-0_3 | INFO     | 已合并文件 34/159: grid_20251201_170259_465667_000339.npy
2025-12-01 17:04:18 | ThreadPoolExecutor-0_3 | INFO     | 已合并文件 35/159: grid_20251201_170259_465667_000349.npy
2025-12-01 17:04:18 | ThreadPoolExecutor-0_3 | INFO     | 已合并文件 36/159: grid_20251201_170259_465667_000359.npy
2025-12-01 17:04:18 | ThreadPoolExecutor-0_3 | INFO     | 已合并文件 37/159: grid_20251201_170259_465667_000369.npy
2025-12-01 17:04:18 | ThreadPoolExecutor-0_3 | INFO     | 已合并文件 38/159: grid_20251201_170259_465667_000379.npy
2025-12-01 17:04:18 | ThreadPoolExecutor-0_3 | INFO     | 已合并文件 39/159: grid_20251201_170259_465667_000389.npy
2025-12-01 17:04:18 | ThreadPoolExecutor-0_3 | INFO     | 已合并文件 40/159: grid_20251201_170259_465667_000399.npy
2025-12-01 17:04:18 | ThreadPoolExecutor-0_3 | INFO     | 已合并文件 41/159: grid_20251201_170259_465667_000409.npy
2025-12-01 17:04:18 | ThreadPoolExecutor-0_3 | INFO     | 已合并文件 42/159: grid_20251201_170259_465667_000419.npy
2025-12-01 17:04:18 | ThreadPoolExecutor-0_3 | INFO     | 已合并文件 43/159: grid_20251201_170259_465667_000429.npy
2025-12-01 17:04:18 | ThreadPoolExecutor-0_3 | INFO     | 已合并文件 44/159: grid_20251201_170259_465667_000439.npy
2025-12-01 17:04:18 | ThreadPoolExecutor-0_3 | INFO     | 已合并文件 45/159: grid_20251201_170259_465667_000449.npy
2025-12-01 17:04:18 | ThreadPoolExecutor-0_3 | INFO     | 已合并文件 46/159: grid_20251201_170259_465667_000459.npy
2025-12-01 17:04:18 | ThreadPoolExecutor-0_3 | INFO     | 已合并文件 47/159: grid_20251201_170259_465667_000469.npy
2025-12-01 17:04:18 | ThreadPoolExecutor-0_3 | INFO     | 已合并文件 48/159: grid_20251201_170259_465667_000479.npy
2025-12-01 17:04:18 | ThreadPoolExecutor-0_3 | INFO     | 已合并文件 49/159: grid_20251201_170259_465667_000489.npy
2025-12-01 17:04:18 | ThreadPoolExecutor-0_3 | INFO     | 已合并文件 50/159: grid_20251201_170259_465667_000499.npy
2025-12-01 17:04:18 | ThreadPoolExecutor-0_3 | INFO     | 已合并文件 51/159: grid_20251201_170259_465667_000509.npy
2025-12-01 17:04:18 | ThreadPoolExecutor-0_3 | INFO     | 已合并文件 52/159: grid_20251201_170259_465667_000519.npy
2025-12-01 17:04:18 | ThreadPoolExecutor-0_3 | INFO     | 已合并文件 53/159: grid_20251201_170259_465667_000529.npy
2025-12-01 17:04:18 | ThreadPoolExecutor-0_3 | INFO     | 已合并文件 54/159: grid_20251201_170259_465667_000539.npy
2025-12-01 17:04:18 | ThreadPoolExecutor-0_3 | INFO     | 已合并文件 55/159: grid_20251201_170259_465667_000549.npy
2025-12-01 17:04:18 | ThreadPoolExecutor-0_3 | INFO     | 已合并文件 56/159: grid_20251201_170259_465667_000559.npy
2025-12-01 17:04:18 | ThreadPoolExecutor-0_3 | INFO     | 已合并文件 57/159: grid_20251201_170259_465667_000569.npy
2025-12-01 17:04:18 | ThreadPoolExecutor-0_3 | INFO     | 已合并文件 58/159: grid_20251201_170259_465667_000579.npy
2025-12-01 17:04:18 | ThreadPoolExecutor-0_3 | INFO     | 已合并文件 59/159: grid_20251201_170259_465667_000589.npy
2025-12-01 17:04:18 | ThreadPoolExecutor-0_3 | INFO     | 已合并文件 60/159: grid_20251201_170259_465667_000599.npy
2025-12-01 17:04:18 | ThreadPoolExecutor-0_3 | INFO     | 已合并文件 61/159: grid_20251201_170259_465667_000609.npy
2025-12-01 17:04:18 | ThreadPoolExecutor-0_3 | INFO     | 已合并文件 62/159: grid_20251201_170259_465667_000619.npy
2025-12-01 17:04:18 | ThreadPoolExecutor-0_3 | INFO     | 已合并文件 63/159: grid_20251201_170259_465667_000629.npy
2025-12-01 17:04:18 | ThreadPoolExecutor-0_3 | INFO     | 已合并文件 64/159: grid_20251201_170259_465667_000639.npy
2025-12-01 17:04:18 | ThreadPoolExecutor-0_3 | INFO     | 已合并文件 65/159: grid_20251201_170259_465667_000649.npy
2025-12-01 17:04:18 | ThreadPoolExecutor-0_3 | INFO     | 已合并文件 66/159: grid_20251201_170259_465667_000659.npy
2025-12-01 17:04:18 | ThreadPoolExecutor-0_3 | INFO     | 已合并文件 67/159: grid_20251201_170259_465667_000669.npy
2025-12-01 17:04:18 | ThreadPoolExecutor-0_3 | INFO     | 已合并文件 68/159: grid_20251201_170259_465667_000679.npy
2025-12-01 17:04:18 | ThreadPoolExecutor-0_3 | INFO     | 已合并文件 69/159: grid_20251201_170259_465667_000689.npy
2025-12-01 17:04:18 | ThreadPoolExecutor-0_3 | INFO     | 已合并文件 70/159: grid_20251201_170259_465667_000699.npy
2025-12-01 17:04:18 | ThreadPoolExecutor-0_3 | INFO     | 已合并文件 71/159: grid_20251201_170259_465667_000709.npy
2025-12-01 17:04:18 | ThreadPoolExecutor-0_3 | INFO     | 已合并文件 72/159: grid_20251201_170259_465667_000719.npy
2025-12-01 17:04:18 | ThreadPoolExecutor-0_3 | INFO     | 已合并文件 73/159: grid_20251201_170259_465667_000729.npy
2025-12-01 17:04:18 | ThreadPoolExecutor-0_3 | INFO     | 已合并文件 74/159: grid_20251201_170259_465667_000739.npy
2025-12-01 17:04:18 | ThreadPoolExecutor-0_3 | INFO     | 已合并文件 75/159: grid_20251201_170259_465667_000749.npy
2025-12-01 17:04:18 | ThreadPoolExecutor-0_3 | INFO     | 已合并文件 76/159: grid_20251201_170259_465667_000759.npy
2025-12-01 17:04:18 | ThreadPoolExecutor-0_3 | INFO     | 已合并文件 77/159: grid_20251201_170259_465667_000769.npy
2025-12-01 17:04:18 | ThreadPoolExecutor-0_3 | INFO     | 已合并文件 78/159: grid_20251201_170259_465667_000779.npy
2025-12-01 17:04:18 | ThreadPoolExecutor-0_3 | INFO     | 已合并文件 79/159: grid_20251201_170259_465667_000789.npy
2025-12-01 17:04:18 | ThreadPoolExecutor-0_3 | INFO     | 已合并文件 80/159: grid_20251201_170259_465667_000799.npy
2025-12-01 17:04:18 | ThreadPoolExecutor-0_3 | INFO     | 已合并文件 81/159: grid_20251201_170259_465667_000809.npy
2025-12-01 17:04:18 | ThreadPoolExecutor-0_3 | INFO     | 已合并文件 82/159: grid_20251201_170259_465667_000819.npy
2025-12-01 17:04:18 | ThreadPoolExecutor-0_3 | INFO     | 已合并文件 83/159: grid_20251201_170259_465667_000829.npy
2025-12-01 17:04:18 | ThreadPoolExecutor-0_3 | INFO     | 已合并文件 84/159: grid_20251201_170259_465667_000839.npy
2025-12-01 17:04:18 | ThreadPoolExecutor-0_3 | INFO     | 已合并文件 85/159: grid_20251201_170259_465667_000849.npy
2025-12-01 17:04:18 | ThreadPoolExecutor-0_3 | INFO     | 已合并文件 86/159: grid_20251201_170259_465667_000859.npy
2025-12-01 17:04:18 | ThreadPoolExecutor-0_3 | INFO     | 已合并文件 87/159: grid_20251201_170259_465667_000869.npy
2025-12-01 17:04:18 | ThreadPoolExecutor-0_3 | INFO     | 已合并文件 88/159: grid_20251201_170259_465667_000879.npy
2025-12-01 17:04:18 | ThreadPoolExecutor-0_3 | INFO     | 已合并文件 89/159: grid_20251201_170259_465667_000889.npy
2025-12-01 17:04:18 | ThreadPoolExecutor-0_3 | INFO     | 已合并文件 90/159: grid_20251201_170259_465667_000899.npy
2025-12-01 17:04:18 | ThreadPoolExecutor-0_3 | INFO     | 已合并文件 91/159: grid_20251201_170259_465667_000909.npy
2025-12-01 17:04:18 | ThreadPoolExecutor-0_3 | INFO     | 已合并文件 92/159: grid_20251201_170259_465667_000919.npy
2025-12-01 17:04:18 | ThreadPoolExecutor-0_3 | INFO     | 已合并文件 93/159: grid_20251201_170259_465667_000929.npy
2025-12-01 17:04:18 | ThreadPoolExecutor-0_3 | INFO     | 已合并文件 94/159: grid_20251201_170259_465667_000939.npy
2025-12-01 17:04:18 | ThreadPoolExecutor-0_3 | INFO     | 已合并文件 95/159: grid_20251201_170259_465667_000949.npy
2025-12-01 17:04:18 | ThreadPoolExecutor-0_3 | INFO     | 已合并文件 96/159: grid_20251201_170259_465667_000959.npy
2025-12-01 17:04:18 | ThreadPoolExecutor-0_3 | INFO     | 已合并文件 97/159: grid_20251201_170259_465667_000969.npy
2025-12-01 17:04:18 | ThreadPoolExecutor-0_3 | INFO     | 已合并文件 98/159: grid_20251201_170259_465667_000979.npy
2025-12-01 17:04:18 | ThreadPoolExecutor-0_3 | INFO     | 已合并文件 99/159: grid_20251201_170259_465667_000989.npy
2025-12-01 17:04:18 | ThreadPoolExecutor-0_3 | INFO     | 已合并文件 100/159: grid_20251201_170259_465667_000999.npy
2025-12-01 17:04:18 | ThreadPoolExecutor-0_3 | INFO     | 已合并文件 101/159: grid_20251201_170259_465667_001009.npy
2025-12-01 17:04:18 | ThreadPoolExecutor-0_3 | INFO     | 已合并文件 102/159: grid_20251201_170259_465667_001019.npy
2025-12-01 17:04:18 | ThreadPoolExecutor-0_3 | INFO     | 已合并文件 103/159: grid_20251201_170259_465667_001029.npy
2025-12-01 17:04:18 | ThreadPoolExecutor-0_3 | INFO     | 已合并文件 104/159: grid_20251201_170259_465667_001039.npy
2025-12-01 17:04:18 | ThreadPoolExecutor-0_3 | INFO     | 已合并文件 105/159: grid_20251201_170259_465667_001049.npy
2025-12-01 17:04:18 | ThreadPoolExecutor-0_3 | INFO     | 已合并文件 106/159: grid_20251201_170259_465667_001059.npy
2025-12-01 17:04:18 | ThreadPoolExecutor-0_3 | INFO     | 已合并文件 107/159: grid_20251201_170259_465667_001069.npy
2025-12-01 17:04:18 | ThreadPoolExecutor-0_3 | INFO     | 已合并文件 108/159: grid_20251201_170259_465667_001079.npy
2025-12-01 17:04:18 | ThreadPoolExecutor-0_3 | INFO     | 已合并文件 109/159: grid_20251201_170259_465667_001089.npy
2025-12-01 17:04:18 | ThreadPoolExecutor-0_3 | INFO     | 已合并文件 110/159: grid_20251201_170259_465667_001099.npy
2025-12-01 17:04:18 | ThreadPoolExecutor-0_3 | INFO     | 已合并文件 111/159: grid_20251201_170259_465667_001109.npy
2025-12-01 17:04:18 | ThreadPoolExecutor-0_3 | INFO     | 已合并文件 112/159: grid_20251201_170259_465667_001119.npy
2025-12-01 17:04:18 | ThreadPoolExecutor-0_3 | INFO     | 已合并文件 113/159: grid_20251201_170259_465667_001129.npy
2025-12-01 17:04:18 | ThreadPoolExecutor-0_3 | INFO     | 已合并文件 114/159: grid_20251201_170259_465667_001139.npy
2025-12-01 17:04:18 | ThreadPoolExecutor-0_3 | INFO     | 已合并文件 115/159: grid_20251201_170259_465667_001149.npy
2025-12-01 17:04:18 | ThreadPoolExecutor-0_3 | INFO     | 已合并文件 116/159: grid_20251201_170259_465667_001159.npy
2025-12-01 17:04:18 | ThreadPoolExecutor-0_3 | INFO     | 已合并文件 117/159: grid_20251201_170259_465667_001169.npy
2025-12-01 17:04:18 | ThreadPoolExecutor-0_3 | INFO     | 已合并文件 118/159: grid_20251201_170259_465667_001179.npy
2025-12-01 17:04:18 | ThreadPoolExecutor-0_3 | INFO     | 已合并文件 119/159: grid_20251201_170259_465667_001189.npy
2025-12-01 17:04:18 | ThreadPoolExecutor-0_3 | INFO     | 已合并文件 120/159: grid_20251201_170259_465667_001199.npy
2025-12-01 17:04:18 | ThreadPoolExecutor-0_3 | INFO     | 已合并文件 121/159: grid_20251201_170259_465667_001209.npy
2025-12-01 17:04:18 | ThreadPoolExecutor-0_3 | INFO     | 已合并文件 122/159: grid_20251201_170259_465667_001219.npy
2025-12-01 17:04:18 | ThreadPoolExecutor-0_3 | INFO     | 已合并文件 123/159: grid_20251201_170259_465667_001229.npy
2025-12-01 17:04:18 | ThreadPoolExecutor-0_3 | INFO     | 已合并文件 124/159: grid_20251201_170259_465667_001239.npy
2025-12-01 17:04:18 | ThreadPoolExecutor-0_3 | INFO     | 已合并文件 125/159: grid_20251201_170259_465667_001249.npy
2025-12-01 17:04:18 | ThreadPoolExecutor-0_3 | INFO     | 已合并文件 126/159: grid_20251201_170259_465667_001259.npy
2025-12-01 17:04:18 | ThreadPoolExecutor-0_3 | INFO     | 已合并文件 127/159: grid_20251201_170259_465667_001269.npy
2025-12-01 17:04:18 | ThreadPoolExecutor-0_3 | INFO     | 已合并文件 128/159: grid_20251201_170259_465667_001279.npy
2025-12-01 17:04:18 | ThreadPoolExecutor-0_3 | INFO     | 已合并文件 129/159: grid_20251201_170259_465667_001289.npy
2025-12-01 17:04:18 | ThreadPoolExecutor-0_3 | INFO     | 已合并文件 130/159: grid_20251201_170259_465667_001299.npy
2025-12-01 17:04:18 | ThreadPoolExecutor-0_3 | INFO     | 已合并文件 131/159: grid_20251201_170259_465667_001309.npy
2025-12-01 17:04:18 | ThreadPoolExecutor-0_3 | INFO     | 已合并文件 132/159: grid_20251201_170259_465667_001319.npy
2025-12-01 17:04:18 | ThreadPoolExecutor-0_3 | INFO     | 已合并文件 133/159: grid_20251201_170259_465667_001329.npy
2025-12-01 17:04:18 | ThreadPoolExecutor-0_3 | INFO     | 已合并文件 134/159: grid_20251201_170259_465667_001339.npy
2025-12-01 17:04:18 | ThreadPoolExecutor-0_3 | INFO     | 已合并文件 135/159: grid_20251201_170259_465667_001349.npy
2025-12-01 17:04:18 | ThreadPoolExecutor-0_3 | INFO     | 已合并文件 136/159: grid_20251201_170259_465667_001359.npy
2025-12-01 17:04:18 | ThreadPoolExecutor-0_3 | INFO     | 已合并文件 137/159: grid_20251201_170259_465667_001369.npy
2025-12-01 17:04:18 | ThreadPoolExecutor-0_3 | INFO     | 已合并文件 138/159: grid_20251201_170259_465667_001379.npy
2025-12-01 17:04:18 | ThreadPoolExecutor-0_3 | INFO     | 已合并文件 139/159: grid_20251201_170259_465667_001389.npy
2025-12-01 17:04:18 | ThreadPoolExecutor-0_3 | INFO     | 已合并文件 140/159: grid_20251201_170259_465667_001399.npy
2025-12-01 17:04:18 | ThreadPoolExecutor-0_3 | INFO     | 已合并文件 141/159: grid_20251201_170259_465667_001409.npy
2025-12-01 17:04:18 | ThreadPoolExecutor-0_3 | INFO     | 已合并文件 142/159: grid_20251201_170259_465667_001419.npy
2025-12-01 17:04:18 | ThreadPoolExecutor-0_3 | INFO     | 已合并文件 143/159: grid_20251201_170259_465667_001429.npy
2025-12-01 17:04:18 | ThreadPoolExecutor-0_3 | INFO     | 已合并文件 144/159: grid_20251201_170259_465667_001439.npy
2025-12-01 17:04:18 | ThreadPoolExecutor-0_3 | INFO     | 已合并文件 145/159: grid_20251201_170259_465667_001449.npy
2025-12-01 17:04:18 | ThreadPoolExecutor-0_3 | INFO     | 已合并文件 146/159: grid_20251201_170259_465667_001459.npy
2025-12-01 17:04:18 | ThreadPoolExecutor-0_3 | INFO     | 已合并文件 147/159: grid_20251201_170259_465667_001469.npy
2025-12-01 17:04:18 | ThreadPoolExecutor-0_3 | INFO     | 已合并文件 148/159: grid_20251201_170259_465667_001479.npy
2025-12-01 17:04:18 | ThreadPoolExecutor-0_3 | INFO     | 已合并文件 149/159: grid_20251201_170259_465667_001489.npy
2025-12-01 17:04:18 | ThreadPoolExecutor-0_3 | INFO     | 已合并文件 150/159: grid_20251201_170259_465667_001499.npy
2025-12-01 17:04:18 | ThreadPoolExecutor-0_3 | INFO     | 已合并文件 151/159: grid_20251201_170259_465667_001509.npy
2025-12-01 17:04:18 | ThreadPoolExecutor-0_3 | INFO     | 已合并文件 152/159: grid_20251201_170259_465667_001519.npy
2025-12-01 17:04:18 | ThreadPoolExecutor-0_3 | INFO     | 已合并文件 153/159: grid_20251201_170259_465667_001529.npy
2025-12-01 17:04:18 | ThreadPoolExecutor-0_3 | INFO     | 已合并文件 154/159: grid_20251201_170259_465667_001539.npy
2025-12-01 17:04:18 | ThreadPoolExecutor-0_3 | INFO     | 已合并文件 155/159: grid_20251201_170259_465667_001549.npy
2025-12-01 17:04:18 | ThreadPoolExecutor-0_3 | INFO     | 已合并文件 156/159: grid_20251201_170259_465667_001559.npy
2025-12-01 17:04:18 | ThreadPoolExecutor-0_3 | INFO     | 已合并文件 157/159: grid_20251201_170259_465667_001569.npy
2025-12-01 17:04:18 | ThreadPoolExecutor-0_3 | INFO     | 已合并文件 158/159: grid_20251201_170259_465667_001579.npy
2025-12-01 17:04:18 | ThreadPoolExecutor-0_3 | INFO     | 已合并文件 159/159: grid_20251201_170259_465667_001589.npy
2025-12-01 17:04:18 | ThreadPoolExecutor-0_3 | INFO     | ✓ 数据已成功合并: simulation_results\target_0.020_indenter_0.006\grid_20251201_170259_465667.npy
2025-12-01 17:04:18 | ThreadPoolExecutor-0_3 | INFO     | 文件大小: 3.16 MB
2025-12-01 17:04:18 | ThreadPoolExecutor-0_3 | INFO     | Case完成: target=0.02, indenter_x=0.006
2025-12-01 17:04:18 | MainThread   | INFO     | 进度: 2/390 - 完成: Case completed: target=0.02, indenter_x=0.006
2025-12-01 17:04:18 | ThreadPoolExecutor-0_0 | INFO     | 找到 159 个npy文件
2025-12-01 17:04:18 | ThreadPoolExecutor-0_3 | INFO     | 柔性体质量: 0.153600 kg
2025-12-01 17:04:18 | ThreadPoolExecutor-0_0 | INFO     | 第一个文件形状: (17, 17, 3, 3), 数据类型: float64
2025-12-01 17:04:18 | ThreadPoolExecutor-0_2 | INFO     | 开始慢速下压...
2025-12-01 17:04:19 | ThreadPoolExecutor-0_3 | INFO     | 模拟运行器初始化完成
2025-12-01 17:04:19 | ThreadPoolExecutor-0_0 | INFO     | 合并后的形状: (159, 17, 17, 3, 3)
2025-12-01 17:04:19 | ThreadPoolExecutor-0_0 | INFO     | 总文件数: 159
2025-12-01 17:04:19 | ThreadPoolExecutor-0_0 | INFO     | 已合并文件 1/159: grid_20251201_170259_461667_000010.npy
2025-12-01 17:04:19 | ThreadPoolExecutor-0_0 | INFO     | 已合并文件 2/159: grid_20251201_170259_461667_000019.npy
2025-12-01 17:04:19 | ThreadPoolExecutor-0_0 | INFO     | 已合并文件 3/159: grid_20251201_170259_461667_000029.npy
2025-12-01 17:04:19 | ThreadPoolExecutor-0_0 | INFO     | 已合并文件 4/159: grid_20251201_170259_461667_000039.npy
2025-12-01 17:04:19 | ThreadPoolExecutor-0_0 | INFO     | 已合并文件 5/159: grid_20251201_170259_461667_000049.npy
2025-12-01 17:04:19 | ThreadPoolExecutor-0_0 | INFO     | 已合并文件 6/159: grid_20251201_170259_461667_000059.npy
2025-12-01 17:04:19 | ThreadPoolExecutor-0_0 | INFO     | 已合并文件 7/159: grid_20251201_170259_461667_000069.npy
2025-12-01 17:04:19 | ThreadPoolExecutor-0_0 | INFO     | 已合并文件 8/159: grid_20251201_170259_461667_000080.npy
2025-12-01 17:04:19 | ThreadPoolExecutor-0_0 | INFO     | 已合并文件 9/159: grid_20251201_170259_461667_000090.npy
2025-12-01 17:04:19 | ThreadPoolExecutor-0_0 | INFO     | 已合并文件 10/159: grid_20251201_170259_461667_000100.npy
2025-12-01 17:04:19 | ThreadPoolExecutor-0_0 | INFO     | 已合并文件 11/159: grid_20251201_170259_461667_000110.npy
2025-12-01 17:04:19 | ThreadPoolExecutor-0_0 | INFO     | 已合并文件 12/159: grid_20251201_170259_461667_000120.npy
2025-12-01 17:04:19 | ThreadPoolExecutor-0_0 | INFO     | 已合并文件 13/159: grid_20251201_170259_461667_000130.npy
2025-12-01 17:04:19 | ThreadPoolExecutor-0_0 | INFO     | 已合并文件 14/159: grid_20251201_170259_461667_000140.npy
2025-12-01 17:04:19 | ThreadPoolExecutor-0_0 | INFO     | 已合并文件 15/159: grid_20251201_170259_461667_000150.npy
2025-12-01 17:04:19 | ThreadPoolExecutor-0_0 | INFO     | 已合并文件 16/159: grid_20251201_170259_461667_000160.npy
2025-12-01 17:04:19 | ThreadPoolExecutor-0_0 | INFO     | 已合并文件 17/159: grid_20251201_170259_461667_000170.npy
2025-12-01 17:04:19 | ThreadPoolExecutor-0_0 | INFO     | 已合并文件 18/159: grid_20251201_170259_461667_000180.npy
2025-12-01 17:04:19 | ThreadPoolExecutor-0_0 | INFO     | 已合并文件 19/159: grid_20251201_170259_461667_000190.npy
2025-12-01 17:04:19 | ThreadPoolExecutor-0_0 | INFO     | 已合并文件 20/159: grid_20251201_170259_461667_000200.npy
2025-12-01 17:04:19 | ThreadPoolExecutor-0_0 | INFO     | 已合并文件 21/159: grid_20251201_170259_461667_000210.npy
2025-12-01 17:04:19 | ThreadPoolExecutor-0_0 | INFO     | 已合并文件 22/159: grid_20251201_170259_461667_000220.npy
2025-12-01 17:04:19 | ThreadPoolExecutor-0_0 | INFO     | 已合并文件 23/159: grid_20251201_170259_461667_000230.npy
2025-12-01 17:04:19 | ThreadPoolExecutor-0_0 | INFO     | 已合并文件 24/159: grid_20251201_170259_461667_000240.npy
2025-12-01 17:04:19 | ThreadPoolExecutor-0_0 | INFO     | 已合并文件 25/159: grid_20251201_170259_461667_000250.npy
2025-12-01 17:04:19 | ThreadPoolExecutor-0_0 | INFO     | 已合并文件 26/159: grid_20251201_170259_461667_000260.npy
2025-12-01 17:04:19 | ThreadPoolExecutor-0_0 | INFO     | 已合并文件 27/159: grid_20251201_170259_461667_000270.npy
2025-12-01 17:04:19 | ThreadPoolExecutor-0_0 | INFO     | 已合并文件 28/159: grid_20251201_170259_461667_000280.npy
2025-12-01 17:04:19 | ThreadPoolExecutor-0_0 | INFO     | 已合并文件 29/159: grid_20251201_170259_461667_000290.npy
2025-12-01 17:04:19 | ThreadPoolExecutor-0_0 | INFO     | 已合并文件 30/159: grid_20251201_170259_461667_000299.npy
2025-12-01 17:04:19 | ThreadPoolExecutor-0_0 | INFO     | 已合并文件 31/159: grid_20251201_170259_461667_000309.npy
2025-12-01 17:04:19 | ThreadPoolExecutor-0_0 | INFO     | 已合并文件 32/159: grid_20251201_170259_461667_000319.npy
2025-12-01 17:04:19 | ThreadPoolExecutor-0_0 | INFO     | 已合并文件 33/159: grid_20251201_170259_461667_000329.npy
2025-12-01 17:04:19 | ThreadPoolExecutor-0_0 | INFO     | 已合并文件 34/159: grid_20251201_170259_461667_000339.npy
2025-12-01 17:04:19 | ThreadPoolExecutor-0_0 | INFO     | 已合并文件 35/159: grid_20251201_170259_461667_000349.npy
2025-12-01 17:04:19 | ThreadPoolExecutor-0_0 | INFO     | 已合并文件 36/159: grid_20251201_170259_461667_000359.npy
2025-12-01 17:04:19 | ThreadPoolExecutor-0_0 | INFO     | 已合并文件 37/159: grid_20251201_170259_461667_000369.npy
2025-12-01 17:04:19 | ThreadPoolExecutor-0_0 | INFO     | 已合并文件 38/159: grid_20251201_170259_461667_000379.npy
2025-12-01 17:04:19 | ThreadPoolExecutor-0_0 | INFO     | 已合并文件 39/159: grid_20251201_170259_461667_000389.npy
2025-12-01 17:04:19 | ThreadPoolExecutor-0_0 | INFO     | 已合并文件 40/159: grid_20251201_170259_461667_000399.npy
2025-12-01 17:04:19 | ThreadPoolExecutor-0_0 | INFO     | 已合并文件 41/159: grid_20251201_170259_461667_000409.npy
2025-12-01 17:04:19 | ThreadPoolExecutor-0_0 | INFO     | 已合并文件 42/159: grid_20251201_170259_461667_000419.npy
2025-12-01 17:04:19 | ThreadPoolExecutor-0_0 | INFO     | 已合并文件 43/159: grid_20251201_170259_461667_000429.npy
2025-12-01 17:04:19 | ThreadPoolExecutor-0_0 | INFO     | 已合并文件 44/159: grid_20251201_170259_461667_000439.npy
2025-12-01 17:04:19 | ThreadPoolExecutor-0_0 | INFO     | 已合并文件 45/159: grid_20251201_170259_461667_000449.npy
2025-12-01 17:04:19 | ThreadPoolExecutor-0_0 | INFO     | 已合并文件 46/159: grid_20251201_170259_461667_000459.npy
2025-12-01 17:04:19 | ThreadPoolExecutor-0_0 | INFO     | 已合并文件 47/159: grid_20251201_170259_461667_000469.npy
2025-12-01 17:04:19 | ThreadPoolExecutor-0_0 | INFO     | 已合并文件 48/159: grid_20251201_170259_461667_000479.npy
2025-12-01 17:04:19 | ThreadPoolExecutor-0_0 | INFO     | 已合并文件 49/159: grid_20251201_170259_461667_000489.npy
2025-12-01 17:04:19 | ThreadPoolExecutor-0_0 | INFO     | 已合并文件 50/159: grid_20251201_170259_461667_000499.npy
2025-12-01 17:04:19 | ThreadPoolExecutor-0_0 | INFO     | 已合并文件 51/159: grid_20251201_170259_461667_000509.npy
2025-12-01 17:04:19 | ThreadPoolExecutor-0_0 | INFO     | 已合并文件 52/159: grid_20251201_170259_461667_000519.npy
2025-12-01 17:04:19 | ThreadPoolExecutor-0_0 | INFO     | 已合并文件 53/159: grid_20251201_170259_461667_000529.npy
2025-12-01 17:04:19 | ThreadPoolExecutor-0_0 | INFO     | 已合并文件 54/159: grid_20251201_170259_461667_000539.npy
2025-12-01 17:04:19 | ThreadPoolExecutor-0_0 | INFO     | 已合并文件 55/159: grid_20251201_170259_461667_000549.npy
2025-12-01 17:04:19 | ThreadPoolExecutor-0_0 | INFO     | 已合并文件 56/159: grid_20251201_170259_461667_000559.npy
2025-12-01 17:04:19 | ThreadPoolExecutor-0_0 | INFO     | 已合并文件 57/159: grid_20251201_170259_461667_000569.npy
2025-12-01 17:04:19 | ThreadPoolExecutor-0_0 | INFO     | 已合并文件 58/159: grid_20251201_170259_461667_000579.npy
2025-12-01 17:04:19 | ThreadPoolExecutor-0_0 | INFO     | 已合并文件 59/159: grid_20251201_170259_461667_000589.npy
2025-12-01 17:04:19 | ThreadPoolExecutor-0_0 | INFO     | 已合并文件 60/159: grid_20251201_170259_461667_000599.npy
2025-12-01 17:04:19 | ThreadPoolExecutor-0_0 | INFO     | 已合并文件 61/159: grid_20251201_170259_461667_000609.npy
2025-12-01 17:04:19 | ThreadPoolExecutor-0_0 | INFO     | 已合并文件 62/159: grid_20251201_170259_461667_000619.npy
2025-12-01 17:04:19 | ThreadPoolExecutor-0_0 | INFO     | 已合并文件 63/159: grid_20251201_170259_461667_000629.npy
2025-12-01 17:04:19 | ThreadPoolExecutor-0_0 | INFO     | 已合并文件 64/159: grid_20251201_170259_461667_000639.npy
2025-12-01 17:04:19 | ThreadPoolExecutor-0_0 | INFO     | 已合并文件 65/159: grid_20251201_170259_461667_000649.npy
2025-12-01 17:04:19 | ThreadPoolExecutor-0_0 | INFO     | 已合并文件 66/159: grid_20251201_170259_461667_000659.npy
2025-12-01 17:04:19 | ThreadPoolExecutor-0_0 | INFO     | 已合并文件 67/159: grid_20251201_170259_461667_000669.npy
2025-12-01 17:04:19 | ThreadPoolExecutor-0_0 | INFO     | 已合并文件 68/159: grid_20251201_170259_461667_000679.npy
2025-12-01 17:04:19 | ThreadPoolExecutor-0_0 | INFO     | 已合并文件 69/159: grid_20251201_170259_461667_000689.npy
2025-12-01 17:04:19 | ThreadPoolExecutor-0_0 | INFO     | 已合并文件 70/159: grid_20251201_170259_461667_000699.npy
2025-12-01 17:04:19 | ThreadPoolExecutor-0_0 | INFO     | 已合并文件 71/159: grid_20251201_170259_461667_000709.npy
2025-12-01 17:04:19 | ThreadPoolExecutor-0_0 | INFO     | 已合并文件 72/159: grid_20251201_170259_461667_000719.npy
2025-12-01 17:04:19 | ThreadPoolExecutor-0_0 | INFO     | 已合并文件 73/159: grid_20251201_170259_461667_000729.npy
2025-12-01 17:04:19 | ThreadPoolExecutor-0_0 | INFO     | 已合并文件 74/159: grid_20251201_170259_461667_000739.npy
2025-12-01 17:04:19 | ThreadPoolExecutor-0_0 | INFO     | 已合并文件 75/159: grid_20251201_170259_461667_000749.npy
2025-12-01 17:04:19 | ThreadPoolExecutor-0_0 | INFO     | 已合并文件 76/159: grid_20251201_170259_461667_000759.npy
2025-12-01 17:04:19 | ThreadPoolExecutor-0_0 | INFO     | 已合并文件 77/159: grid_20251201_170259_461667_000769.npy
2025-12-01 17:04:19 | ThreadPoolExecutor-0_0 | INFO     | 已合并文件 78/159: grid_20251201_170259_461667_000779.npy
2025-12-01 17:04:19 | ThreadPoolExecutor-0_0 | INFO     | 已合并文件 79/159: grid_20251201_170259_461667_000789.npy
2025-12-01 17:04:19 | ThreadPoolExecutor-0_0 | INFO     | 已合并文件 80/159: grid_20251201_170259_461667_000799.npy
2025-12-01 17:04:19 | ThreadPoolExecutor-0_0 | INFO     | 已合并文件 81/159: grid_20251201_170259_461667_000809.npy
2025-12-01 17:04:19 | ThreadPoolExecutor-0_0 | INFO     | 已合并文件 82/159: grid_20251201_170259_461667_000819.npy
2025-12-01 17:04:19 | ThreadPoolExecutor-0_0 | INFO     | 已合并文件 83/159: grid_20251201_170259_461667_000829.npy
2025-12-01 17:04:19 | ThreadPoolExecutor-0_0 | INFO     | 已合并文件 84/159: grid_20251201_170259_461667_000839.npy
2025-12-01 17:04:19 | ThreadPoolExecutor-0_0 | INFO     | 已合并文件 85/159: grid_20251201_170259_461667_000849.npy
2025-12-01 17:04:19 | ThreadPoolExecutor-0_0 | INFO     | 已合并文件 86/159: grid_20251201_170259_461667_000859.npy
2025-12-01 17:04:19 | ThreadPoolExecutor-0_0 | INFO     | 已合并文件 87/159: grid_20251201_170259_461667_000869.npy
2025-12-01 17:04:19 | ThreadPoolExecutor-0_0 | INFO     | 已合并文件 88/159: grid_20251201_170259_461667_000879.npy
2025-12-01 17:04:19 | ThreadPoolExecutor-0_0 | INFO     | 已合并文件 89/159: grid_20251201_170259_461667_000889.npy
2025-12-01 17:04:19 | ThreadPoolExecutor-0_0 | INFO     | 已合并文件 90/159: grid_20251201_170259_461667_000899.npy
2025-12-01 17:04:19 | ThreadPoolExecutor-0_0 | INFO     | 已合并文件 91/159: grid_20251201_170259_461667_000909.npy
2025-12-01 17:04:19 | ThreadPoolExecutor-0_0 | INFO     | 已合并文件 92/159: grid_20251201_170259_461667_000919.npy
2025-12-01 17:04:19 | ThreadPoolExecutor-0_0 | INFO     | 已合并文件 93/159: grid_20251201_170259_461667_000929.npy
2025-12-01 17:04:19 | ThreadPoolExecutor-0_0 | INFO     | 已合并文件 94/159: grid_20251201_170259_461667_000939.npy
2025-12-01 17:04:19 | ThreadPoolExecutor-0_0 | INFO     | 已合并文件 95/159: grid_20251201_170259_461667_000949.npy
2025-12-01 17:04:19 | ThreadPoolExecutor-0_0 | INFO     | 已合并文件 96/159: grid_20251201_170259_461667_000959.npy
2025-12-01 17:04:19 | ThreadPoolExecutor-0_0 | INFO     | 已合并文件 97/159: grid_20251201_170259_461667_000969.npy
2025-12-01 17:04:19 | ThreadPoolExecutor-0_0 | INFO     | 已合并文件 98/159: grid_20251201_170259_461667_000979.npy
2025-12-01 17:04:19 | ThreadPoolExecutor-0_0 | INFO     | 已合并文件 99/159: grid_20251201_170259_461667_000989.npy
2025-12-01 17:04:19 | ThreadPoolExecutor-0_0 | INFO     | 已合并文件 100/159: grid_20251201_170259_461667_000999.npy
2025-12-01 17:04:19 | ThreadPoolExecutor-0_0 | INFO     | 已合并文件 101/159: grid_20251201_170259_461667_001009.npy
2025-12-01 17:04:19 | ThreadPoolExecutor-0_0 | INFO     | 已合并文件 102/159: grid_20251201_170259_461667_001019.npy
2025-12-01 17:04:19 | ThreadPoolExecutor-0_0 | INFO     | 已合并文件 103/159: grid_20251201_170259_461667_001029.npy
2025-12-01 17:04:19 | ThreadPoolExecutor-0_0 | INFO     | 已合并文件 104/159: grid_20251201_170259_461667_001039.npy
2025-12-01 17:04:19 | ThreadPoolExecutor-0_0 | INFO     | 已合并文件 105/159: grid_20251201_170259_461667_001049.npy
2025-12-01 17:04:19 | ThreadPoolExecutor-0_0 | INFO     | 已合并文件 106/159: grid_20251201_170259_461667_001059.npy
2025-12-01 17:04:19 | ThreadPoolExecutor-0_0 | INFO     | 已合并文件 107/159: grid_20251201_170259_461667_001069.npy
2025-12-01 17:04:19 | ThreadPoolExecutor-0_0 | INFO     | 已合并文件 108/159: grid_20251201_170259_461667_001079.npy
2025-12-01 17:04:19 | ThreadPoolExecutor-0_0 | INFO     | 已合并文件 109/159: grid_20251201_170259_461667_001089.npy
2025-12-01 17:04:19 | ThreadPoolExecutor-0_0 | INFO     | 已合并文件 110/159: grid_20251201_170259_461667_001099.npy
2025-12-01 17:04:19 | ThreadPoolExecutor-0_0 | INFO     | 已合并文件 111/159: grid_20251201_170259_461667_001109.npy
2025-12-01 17:04:19 | ThreadPoolExecutor-0_0 | INFO     | 已合并文件 112/159: grid_20251201_170259_461667_001119.npy
2025-12-01 17:04:19 | ThreadPoolExecutor-0_0 | INFO     | 已合并文件 113/159: grid_20251201_170259_461667_001129.npy
2025-12-01 17:04:19 | ThreadPoolExecutor-0_0 | INFO     | 已合并文件 114/159: grid_20251201_170259_461667_001139.npy
2025-12-01 17:04:19 | ThreadPoolExecutor-0_0 | INFO     | 已合并文件 115/159: grid_20251201_170259_461667_001149.npy
2025-12-01 17:04:19 | ThreadPoolExecutor-0_0 | INFO     | 已合并文件 116/159: grid_20251201_170259_461667_001159.npy
2025-12-01 17:04:19 | ThreadPoolExecutor-0_0 | INFO     | 已合并文件 117/159: grid_20251201_170259_461667_001169.npy
2025-12-01 17:04:19 | ThreadPoolExecutor-0_0 | INFO     | 已合并文件 118/159: grid_20251201_170259_461667_001179.npy
2025-12-01 17:04:19 | ThreadPoolExecutor-0_0 | INFO     | 已合并文件 119/159: grid_20251201_170259_461667_001189.npy
2025-12-01 17:04:19 | ThreadPoolExecutor-0_0 | INFO     | 已合并文件 120/159: grid_20251201_170259_461667_001199.npy
2025-12-01 17:04:19 | ThreadPoolExecutor-0_0 | INFO     | 已合并文件 121/159: grid_20251201_170259_461667_001209.npy
2025-12-01 17:04:19 | ThreadPoolExecutor-0_0 | INFO     | 已合并文件 122/159: grid_20251201_170259_461667_001219.npy
2025-12-01 17:04:19 | ThreadPoolExecutor-0_0 | INFO     | 已合并文件 123/159: grid_20251201_170259_461667_001229.npy
2025-12-01 17:04:19 | ThreadPoolExecutor-0_0 | INFO     | 已合并文件 124/159: grid_20251201_170259_461667_001239.npy
2025-12-01 17:04:19 | ThreadPoolExecutor-0_0 | INFO     | 已合并文件 125/159: grid_20251201_170259_461667_001249.npy
2025-12-01 17:04:19 | ThreadPoolExecutor-0_0 | INFO     | 已合并文件 126/159: grid_20251201_170259_461667_001259.npy
2025-12-01 17:04:19 | ThreadPoolExecutor-0_0 | INFO     | 已合并文件 127/159: grid_20251201_170259_461667_001269.npy
2025-12-01 17:04:19 | ThreadPoolExecutor-0_0 | INFO     | 已合并文件 128/159: grid_20251201_170259_461667_001279.npy
2025-12-01 17:04:19 | ThreadPoolExecutor-0_0 | INFO     | 已合并文件 129/159: grid_20251201_170259_461667_001289.npy
2025-12-01 17:04:19 | ThreadPoolExecutor-0_0 | INFO     | 已合并文件 130/159: grid_20251201_170259_461667_001299.npy
2025-12-01 17:04:19 | ThreadPoolExecutor-0_0 | INFO     | 已合并文件 131/159: grid_20251201_170259_461667_001309.npy
2025-12-01 17:04:19 | ThreadPoolExecutor-0_0 | INFO     | 已合并文件 132/159: grid_20251201_170259_461667_001319.npy
2025-12-01 17:04:19 | ThreadPoolExecutor-0_0 | INFO     | 已合并文件 133/159: grid_20251201_170259_461667_001329.npy
2025-12-01 17:04:19 | ThreadPoolExecutor-0_0 | INFO     | 已合并文件 134/159: grid_20251201_170259_461667_001339.npy
2025-12-01 17:04:19 | ThreadPoolExecutor-0_0 | INFO     | 已合并文件 135/159: grid_20251201_170259_461667_001349.npy
2025-12-01 17:04:19 | ThreadPoolExecutor-0_0 | INFO     | 已合并文件 136/159: grid_20251201_170259_461667_001359.npy
2025-12-01 17:04:19 | ThreadPoolExecutor-0_0 | INFO     | 已合并文件 137/159: grid_20251201_170259_461667_001369.npy
2025-12-01 17:04:19 | ThreadPoolExecutor-0_0 | INFO     | 已合并文件 138/159: grid_20251201_170259_461667_001379.npy
2025-12-01 17:04:19 | ThreadPoolExecutor-0_0 | INFO     | 已合并文件 139/159: grid_20251201_170259_461667_001389.npy
2025-12-01 17:04:19 | ThreadPoolExecutor-0_0 | INFO     | 已合并文件 140/159: grid_20251201_170259_461667_001399.npy
2025-12-01 17:04:19 | ThreadPoolExecutor-0_0 | INFO     | 已合并文件 141/159: grid_20251201_170259_461667_001409.npy
2025-12-01 17:04:19 | ThreadPoolExecutor-0_0 | INFO     | 已合并文件 142/159: grid_20251201_170259_461667_001419.npy
2025-12-01 17:04:19 | ThreadPoolExecutor-0_0 | INFO     | 已合并文件 143/159: grid_20251201_170259_461667_001429.npy
2025-12-01 17:04:19 | ThreadPoolExecutor-0_0 | INFO     | 已合并文件 144/159: grid_20251201_170259_461667_001439.npy
2025-12-01 17:04:19 | ThreadPoolExecutor-0_0 | INFO     | 已合并文件 145/159: grid_20251201_170259_461667_001449.npy
2025-12-01 17:04:19 | ThreadPoolExecutor-0_0 | INFO     | 已合并文件 146/159: grid_20251201_170259_461667_001459.npy
2025-12-01 17:04:19 | ThreadPoolExecutor-0_0 | INFO     | 已合并文件 147/159: grid_20251201_170259_461667_001469.npy
2025-12-01 17:04:19 | ThreadPoolExecutor-0_0 | INFO     | 已合并文件 148/159: grid_20251201_170259_461667_001479.npy
2025-12-01 17:04:19 | ThreadPoolExecutor-0_0 | INFO     | 已合并文件 149/159: grid_20251201_170259_461667_001489.npy
2025-12-01 17:04:19 | ThreadPoolExecutor-0_0 | INFO     | 已合并文件 150/159: grid_20251201_170259_461667_001499.npy
2025-12-01 17:04:19 | ThreadPoolExecutor-0_0 | INFO     | 已合并文件 151/159: grid_20251201_170259_461667_001509.npy
2025-12-01 17:04:19 | ThreadPoolExecutor-0_0 | INFO     | 已合并文件 152/159: grid_20251201_170259_461667_001519.npy
2025-12-01 17:04:19 | ThreadPoolExecutor-0_0 | INFO     | 已合并文件 153/159: grid_20251201_170259_461667_001529.npy
2025-12-01 17:04:19 | ThreadPoolExecutor-0_0 | INFO     | 已合并文件 154/159: grid_20251201_170259_461667_001539.npy
2025-12-01 17:04:19 | ThreadPoolExecutor-0_0 | INFO     | 已合并文件 155/159: grid_20251201_170259_461667_001549.npy
2025-12-01 17:04:19 | ThreadPoolExecutor-0_0 | INFO     | 已合并文件 156/159: grid_20251201_170259_461667_001559.npy
2025-12-01 17:04:19 | ThreadPoolExecutor-0_0 | INFO     | 已合并文件 157/159: grid_20251201_170259_461667_001569.npy
2025-12-01 17:04:19 | ThreadPoolExecutor-0_0 | INFO     | 已合并文件 158/159: grid_20251201_170259_461667_001579.npy
2025-12-01 17:04:19 | ThreadPoolExecutor-0_0 | INFO     | 已合并文件 159/159: grid_20251201_170259_461667_001589.npy
2025-12-01 17:04:19 | ThreadPoolExecutor-0_0 | INFO     | ✓ 数据已成功合并: simulation_results\target_0.020_indenter_0.000\grid_20251201_170259_461667.npy
2025-12-01 17:04:19 | ThreadPoolExecutor-0_0 | INFO     | 文件大小: 3.16 MB
2025-12-01 17:04:19 | ThreadPoolExecutor-0_0 | INFO     | Case完成: target=0.02, indenter_x=0.0
2025-12-01 17:04:19 | MainThread   | INFO     | 进度: 3/390 - 完成: Case completed: target=0.02, indenter_x=0.0
2025-12-01 17:04:19 | ThreadPoolExecutor-0_6 | INFO     | 找到 159 个npy文件
2025-12-01 17:04:19 | ThreadPoolExecutor-0_0 | INFO     | 柔性体质量: 0.153600 kg
2025-12-01 17:04:19 | ThreadPoolExecutor-0_6 | INFO     | 第一个文件形状: (17, 17, 3, 3), 数据类型: float64
2025-12-01 17:04:20 | ThreadPoolExecutor-0_3 | INFO     | 开始慢速下压...
2025-12-01 17:04:20 | ThreadPoolExecutor-0_0 | INFO     | 模拟运行器初始化完成
2025-12-01 17:04:20 | ThreadPoolExecutor-0_6 | INFO     | 合并后的形状: (159, 17, 17, 3, 3)
2025-12-01 17:04:20 | ThreadPoolExecutor-0_6 | INFO     | 总文件数: 159
2025-12-01 17:04:20 | ThreadPoolExecutor-0_6 | INFO     | 已合并文件 1/159: grid_20251201_170259_469667_000010.npy
2025-12-01 17:04:21 | ThreadPoolExecutor-0_6 | INFO     | 已合并文件 2/159: grid_20251201_170259_469667_000019.npy
2025-12-01 17:04:21 | ThreadPoolExecutor-0_6 | INFO     | 已合并文件 3/159: grid_20251201_170259_469667_000029.npy
2025-12-01 17:04:21 | ThreadPoolExecutor-0_6 | INFO     | 已合并文件 4/159: grid_20251201_170259_469667_000039.npy
2025-12-01 17:04:21 | ThreadPoolExecutor-0_6 | INFO     | 已合并文件 5/159: grid_20251201_170259_469667_000049.npy
2025-12-01 17:04:21 | ThreadPoolExecutor-0_6 | INFO     | 已合并文件 6/159: grid_20251201_170259_469667_000059.npy
2025-12-01 17:04:21 | ThreadPoolExecutor-0_6 | INFO     | 已合并文件 7/159: grid_20251201_170259_469667_000069.npy
2025-12-01 17:04:21 | ThreadPoolExecutor-0_6 | INFO     | 已合并文件 8/159: grid_20251201_170259_469667_000080.npy
2025-12-01 17:04:21 | ThreadPoolExecutor-0_6 | INFO     | 已合并文件 9/159: grid_20251201_170259_469667_000090.npy
2025-12-01 17:04:21 | ThreadPoolExecutor-0_6 | INFO     | 已合并文件 10/159: grid_20251201_170259_469667_000100.npy
2025-12-01 17:04:21 | ThreadPoolExecutor-0_6 | INFO     | 已合并文件 11/159: grid_20251201_170259_469667_000110.npy
2025-12-01 17:04:21 | ThreadPoolExecutor-0_6 | INFO     | 已合并文件 12/159: grid_20251201_170259_469667_000120.npy
2025-12-01 17:04:21 | ThreadPoolExecutor-0_6 | INFO     | 已合并文件 13/159: grid_20251201_170259_469667_000130.npy
2025-12-01 17:04:21 | ThreadPoolExecutor-0_6 | INFO     | 已合并文件 14/159: grid_20251201_170259_469667_000140.npy
2025-12-01 17:04:21 | ThreadPoolExecutor-0_6 | INFO     | 已合并文件 15/159: grid_20251201_170259_469667_000150.npy
2025-12-01 17:04:21 | ThreadPoolExecutor-0_6 | INFO     | 已合并文件 16/159: grid_20251201_170259_469667_000160.npy
2025-12-01 17:04:21 | ThreadPoolExecutor-0_6 | INFO     | 已合并文件 17/159: grid_20251201_170259_469667_000170.npy
2025-12-01 17:04:21 | ThreadPoolExecutor-0_6 | INFO     | 已合并文件 18/159: grid_20251201_170259_469667_000180.npy
2025-12-01 17:04:21 | ThreadPoolExecutor-0_6 | INFO     | 已合并文件 19/159: grid_20251201_170259_469667_000190.npy
2025-12-01 17:04:21 | ThreadPoolExecutor-0_6 | INFO     | 已合并文件 20/159: grid_20251201_170259_469667_000200.npy
2025-12-01 17:04:21 | ThreadPoolExecutor-0_6 | INFO     | 已合并文件 21/159: grid_20251201_170259_469667_000210.npy
2025-12-01 17:04:21 | ThreadPoolExecutor-0_6 | INFO     | 已合并文件 22/159: grid_20251201_170259_469667_000220.npy
2025-12-01 17:04:21 | ThreadPoolExecutor-0_6 | INFO     | 已合并文件 23/159: grid_20251201_170259_469667_000230.npy
2025-12-01 17:04:21 | ThreadPoolExecutor-0_6 | INFO     | 已合并文件 24/159: grid_20251201_170259_469667_000240.npy
2025-12-01 17:04:21 | ThreadPoolExecutor-0_6 | INFO     | 已合并文件 25/159: grid_20251201_170259_469667_000250.npy
2025-12-01 17:04:21 | ThreadPoolExecutor-0_6 | INFO     | 已合并文件 26/159: grid_20251201_170259_469667_000260.npy
2025-12-01 17:04:21 | ThreadPoolExecutor-0_6 | INFO     | 已合并文件 27/159: grid_20251201_170259_469667_000270.npy
2025-12-01 17:04:21 | ThreadPoolExecutor-0_6 | INFO     | 已合并文件 28/159: grid_20251201_170259_469667_000280.npy
2025-12-01 17:04:21 | ThreadPoolExecutor-0_6 | INFO     | 已合并文件 29/159: grid_20251201_170259_469667_000290.npy
2025-12-01 17:04:21 | ThreadPoolExecutor-0_6 | INFO     | 已合并文件 30/159: grid_20251201_170259_469667_000299.npy
2025-12-01 17:04:21 | ThreadPoolExecutor-0_6 | INFO     | 已合并文件 31/159: grid_20251201_170259_469667_000309.npy
2025-12-01 17:04:21 | ThreadPoolExecutor-0_6 | INFO     | 已合并文件 32/159: grid_20251201_170259_469667_000319.npy
2025-12-01 17:04:21 | ThreadPoolExecutor-0_6 | INFO     | 已合并文件 33/159: grid_20251201_170259_469667_000329.npy
2025-12-01 17:04:21 | ThreadPoolExecutor-0_6 | INFO     | 已合并文件 34/159: grid_20251201_170259_469667_000339.npy
2025-12-01 17:04:21 | ThreadPoolExecutor-0_6 | INFO     | 已合并文件 35/159: grid_20251201_170259_469667_000349.npy
2025-12-01 17:04:21 | ThreadPoolExecutor-0_6 | INFO     | 已合并文件 36/159: grid_20251201_170259_469667_000359.npy
2025-12-01 17:04:21 | ThreadPoolExecutor-0_6 | INFO     | 已合并文件 37/159: grid_20251201_170259_469667_000369.npy
2025-12-01 17:04:21 | ThreadPoolExecutor-0_6 | INFO     | 已合并文件 38/159: grid_20251201_170259_469667_000379.npy
2025-12-01 17:04:21 | ThreadPoolExecutor-0_6 | INFO     | 已合并文件 39/159: grid_20251201_170259_469667_000389.npy
2025-12-01 17:04:21 | ThreadPoolExecutor-0_6 | INFO     | 已合并文件 40/159: grid_20251201_170259_469667_000399.npy
2025-12-01 17:04:21 | ThreadPoolExecutor-0_6 | INFO     | 已合并文件 41/159: grid_20251201_170259_469667_000409.npy
2025-12-01 17:04:21 | ThreadPoolExecutor-0_6 | INFO     | 已合并文件 42/159: grid_20251201_170259_469667_000419.npy
2025-12-01 17:04:21 | ThreadPoolExecutor-0_6 | INFO     | 已合并文件 43/159: grid_20251201_170259_469667_000429.npy
2025-12-01 17:04:21 | ThreadPoolExecutor-0_6 | INFO     | 已合并文件 44/159: grid_20251201_170259_469667_000439.npy
2025-12-01 17:04:21 | ThreadPoolExecutor-0_6 | INFO     | 已合并文件 45/159: grid_20251201_170259_469667_000449.npy
2025-12-01 17:04:21 | ThreadPoolExecutor-0_6 | INFO     | 已合并文件 46/159: grid_20251201_170259_469667_000459.npy
2025-12-01 17:04:21 | ThreadPoolExecutor-0_6 | INFO     | 已合并文件 47/159: grid_20251201_170259_469667_000469.npy
2025-12-01 17:04:21 | ThreadPoolExecutor-0_6 | INFO     | 已合并文件 48/159: grid_20251201_170259_469667_000479.npy
2025-12-01 17:04:21 | ThreadPoolExecutor-0_6 | INFO     | 已合并文件 49/159: grid_20251201_170259_469667_000489.npy
2025-12-01 17:04:21 | ThreadPoolExecutor-0_6 | INFO     | 已合并文件 50/159: grid_20251201_170259_469667_000499.npy
2025-12-01 17:04:21 | ThreadPoolExecutor-0_6 | INFO     | 已合并文件 51/159: grid_20251201_170259_469667_000509.npy
2025-12-01 17:04:21 | ThreadPoolExecutor-0_6 | INFO     | 已合并文件 52/159: grid_20251201_170259_469667_000519.npy
2025-12-01 17:04:21 | ThreadPoolExecutor-0_6 | INFO     | 已合并文件 53/159: grid_20251201_170259_469667_000529.npy
2025-12-01 17:04:21 | ThreadPoolExecutor-0_6 | INFO     | 已合并文件 54/159: grid_20251201_170259_469667_000539.npy
2025-12-01 17:04:21 | ThreadPoolExecutor-0_6 | INFO     | 已合并文件 55/159: grid_20251201_170259_469667_000549.npy
2025-12-01 17:04:21 | ThreadPoolExecutor-0_6 | INFO     | 已合并文件 56/159: grid_20251201_170259_469667_000559.npy
2025-12-01 17:04:21 | ThreadPoolExecutor-0_6 | INFO     | 已合并文件 57/159: grid_20251201_170259_469667_000569.npy
2025-12-01 17:04:21 | ThreadPoolExecutor-0_6 | INFO     | 已合并文件 58/159: grid_20251201_170259_469667_000579.npy
2025-12-01 17:04:21 | ThreadPoolExecutor-0_6 | INFO     | 已合并文件 59/159: grid_20251201_170259_469667_000589.npy
2025-12-01 17:04:21 | ThreadPoolExecutor-0_6 | INFO     | 已合并文件 60/159: grid_20251201_170259_469667_000599.npy
2025-12-01 17:04:21 | ThreadPoolExecutor-0_6 | INFO     | 已合并文件 61/159: grid_20251201_170259_469667_000609.npy
2025-12-01 17:04:21 | ThreadPoolExecutor-0_6 | INFO     | 已合并文件 62/159: grid_20251201_170259_469667_000619.npy
2025-12-01 17:04:21 | ThreadPoolExecutor-0_6 | INFO     | 已合并文件 63/159: grid_20251201_170259_469667_000629.npy
2025-12-01 17:04:21 | ThreadPoolExecutor-0_6 | INFO     | 已合并文件 64/159: grid_20251201_170259_469667_000639.npy
2025-12-01 17:04:21 | ThreadPoolExecutor-0_6 | INFO     | 已合并文件 65/159: grid_20251201_170259_469667_000649.npy
2025-12-01 17:04:21 | ThreadPoolExecutor-0_6 | INFO     | 已合并文件 66/159: grid_20251201_170259_469667_000659.npy
2025-12-01 17:04:21 | ThreadPoolExecutor-0_6 | INFO     | 已合并文件 67/159: grid_20251201_170259_469667_000669.npy
2025-12-01 17:04:21 | ThreadPoolExecutor-0_6 | INFO     | 已合并文件 68/159: grid_20251201_170259_469667_000679.npy
2025-12-01 17:04:21 | ThreadPoolExecutor-0_6 | INFO     | 已合并文件 69/159: grid_20251201_170259_469667_000689.npy
2025-12-01 17:04:21 | ThreadPoolExecutor-0_6 | INFO     | 已合并文件 70/159: grid_20251201_170259_469667_000699.npy
2025-12-01 17:04:21 | ThreadPoolExecutor-0_6 | INFO     | 已合并文件 71/159: grid_20251201_170259_469667_000709.npy
2025-12-01 17:04:21 | ThreadPoolExecutor-0_6 | INFO     | 已合并文件 72/159: grid_20251201_170259_469667_000719.npy
2025-12-01 17:04:21 | ThreadPoolExecutor-0_6 | INFO     | 已合并文件 73/159: grid_20251201_170259_469667_000729.npy
2025-12-01 17:04:21 | ThreadPoolExecutor-0_6 | INFO     | 已合并文件 74/159: grid_20251201_170259_469667_000739.npy
2025-12-01 17:04:21 | ThreadPoolExecutor-0_6 | INFO     | 已合并文件 75/159: grid_20251201_170259_469667_000749.npy
2025-12-01 17:04:21 | ThreadPoolExecutor-0_6 | INFO     | 已合并文件 76/159: grid_20251201_170259_469667_000759.npy
2025-12-01 17:04:21 | ThreadPoolExecutor-0_6 | INFO     | 已合并文件 77/159: grid_20251201_170259_469667_000769.npy
2025-12-01 17:04:21 | ThreadPoolExecutor-0_6 | INFO     | 已合并文件 78/159: grid_20251201_170259_469667_000779.npy
2025-12-01 17:04:21 | ThreadPoolExecutor-0_6 | INFO     | 已合并文件 79/159: grid_20251201_170259_469667_000789.npy
2025-12-01 17:04:21 | ThreadPoolExecutor-0_6 | INFO     | 已合并文件 80/159: grid_20251201_170259_469667_000799.npy
2025-12-01 17:04:21 | ThreadPoolExecutor-0_6 | INFO     | 已合并文件 81/159: grid_20251201_170259_469667_000809.npy
2025-12-01 17:04:21 | ThreadPoolExecutor-0_6 | INFO     | 已合并文件 82/159: grid_20251201_170259_469667_000819.npy
2025-12-01 17:04:21 | ThreadPoolExecutor-0_6 | INFO     | 已合并文件 83/159: grid_20251201_170259_469667_000829.npy
2025-12-01 17:04:21 | ThreadPoolExecutor-0_6 | INFO     | 已合并文件 84/159: grid_20251201_170259_469667_000839.npy
2025-12-01 17:04:21 | ThreadPoolExecutor-0_6 | INFO     | 已合并文件 85/159: grid_20251201_170259_469667_000849.npy
2025-12-01 17:04:21 | ThreadPoolExecutor-0_6 | INFO     | 已合并文件 86/159: grid_20251201_170259_469667_000859.npy
2025-12-01 17:04:21 | ThreadPoolExecutor-0_6 | INFO     | 已合并文件 87/159: grid_20251201_170259_469667_000869.npy
2025-12-01 17:04:21 | ThreadPoolExecutor-0_6 | INFO     | 已合并文件 88/159: grid_20251201_170259_469667_000879.npy
2025-12-01 17:04:21 | ThreadPoolExecutor-0_6 | INFO     | 已合并文件 89/159: grid_20251201_170259_469667_000889.npy
2025-12-01 17:04:21 | ThreadPoolExecutor-0_6 | INFO     | 已合并文件 90/159: grid_20251201_170259_469667_000899.npy
2025-12-01 17:04:21 | ThreadPoolExecutor-0_6 | INFO     | 已合并文件 91/159: grid_20251201_170259_469667_000909.npy
2025-12-01 17:04:21 | ThreadPoolExecutor-0_6 | INFO     | 已合并文件 92/159: grid_20251201_170259_469667_000919.npy
2025-12-01 17:04:21 | ThreadPoolExecutor-0_6 | INFO     | 已合并文件 93/159: grid_20251201_170259_469667_000929.npy
2025-12-01 17:04:21 | ThreadPoolExecutor-0_6 | INFO     | 已合并文件 94/159: grid_20251201_170259_469667_000939.npy
2025-12-01 17:04:21 | ThreadPoolExecutor-0_6 | INFO     | 已合并文件 95/159: grid_20251201_170259_469667_000949.npy
2025-12-01 17:04:21 | ThreadPoolExecutor-0_6 | INFO     | 已合并文件 96/159: grid_20251201_170259_469667_000959.npy
2025-12-01 17:04:21 | ThreadPoolExecutor-0_6 | INFO     | 已合并文件 97/159: grid_20251201_170259_469667_000969.npy
2025-12-01 17:04:21 | ThreadPoolExecutor-0_6 | INFO     | 已合并文件 98/159: grid_20251201_170259_469667_000979.npy
2025-12-01 17:04:21 | ThreadPoolExecutor-0_6 | INFO     | 已合并文件 99/159: grid_20251201_170259_469667_000989.npy
2025-12-01 17:04:21 | ThreadPoolExecutor-0_6 | INFO     | 已合并文件 100/159: grid_20251201_170259_469667_000999.npy
2025-12-01 17:04:21 | ThreadPoolExecutor-0_6 | INFO     | 已合并文件 101/159: grid_20251201_170259_469667_001009.npy
2025-12-01 17:04:21 | ThreadPoolExecutor-0_6 | INFO     | 已合并文件 102/159: grid_20251201_170259_469667_001019.npy
2025-12-01 17:04:21 | ThreadPoolExecutor-0_6 | INFO     | 已合并文件 103/159: grid_20251201_170259_469667_001029.npy
2025-12-01 17:04:21 | ThreadPoolExecutor-0_6 | INFO     | 已合并文件 104/159: grid_20251201_170259_469667_001039.npy
2025-12-01 17:04:21 | ThreadPoolExecutor-0_6 | INFO     | 已合并文件 105/159: grid_20251201_170259_469667_001049.npy
2025-12-01 17:04:21 | ThreadPoolExecutor-0_6 | INFO     | 已合并文件 106/159: grid_20251201_170259_469667_001059.npy
2025-12-01 17:04:21 | ThreadPoolExecutor-0_6 | INFO     | 已合并文件 107/159: grid_20251201_170259_469667_001069.npy
2025-12-01 17:04:21 | ThreadPoolExecutor-0_6 | INFO     | 已合并文件 108/159: grid_20251201_170259_469667_001079.npy
2025-12-01 17:04:21 | ThreadPoolExecutor-0_6 | INFO     | 已合并文件 109/159: grid_20251201_170259_469667_001089.npy
2025-12-01 17:04:21 | ThreadPoolExecutor-0_6 | INFO     | 已合并文件 110/159: grid_20251201_170259_469667_001099.npy
2025-12-01 17:04:21 | ThreadPoolExecutor-0_6 | INFO     | 已合并文件 111/159: grid_20251201_170259_469667_001109.npy
2025-12-01 17:04:21 | ThreadPoolExecutor-0_6 | INFO     | 已合并文件 112/159: grid_20251201_170259_469667_001119.npy
2025-12-01 17:04:21 | ThreadPoolExecutor-0_6 | INFO     | 已合并文件 113/159: grid_20251201_170259_469667_001129.npy
2025-12-01 17:04:21 | ThreadPoolExecutor-0_6 | INFO     | 已合并文件 114/159: grid_20251201_170259_469667_001139.npy
2025-12-01 17:04:21 | ThreadPoolExecutor-0_6 | INFO     | 已合并文件 115/159: grid_20251201_170259_469667_001149.npy
2025-12-01 17:04:21 | ThreadPoolExecutor-0_6 | INFO     | 已合并文件 116/159: grid_20251201_170259_469667_001159.npy
2025-12-01 17:04:21 | ThreadPoolExecutor-0_6 | INFO     | 已合并文件 117/159: grid_20251201_170259_469667_001169.npy
2025-12-01 17:04:21 | ThreadPoolExecutor-0_6 | INFO     | 已合并文件 118/159: grid_20251201_170259_469667_001179.npy
2025-12-01 17:04:21 | ThreadPoolExecutor-0_6 | INFO     | 已合并文件 119/159: grid_20251201_170259_469667_001189.npy
2025-12-01 17:04:21 | ThreadPoolExecutor-0_6 | INFO     | 已合并文件 120/159: grid_20251201_170259_469667_001199.npy
2025-12-01 17:04:21 | ThreadPoolExecutor-0_6 | INFO     | 已合并文件 121/159: grid_20251201_170259_469667_001209.npy
2025-12-01 17:04:21 | ThreadPoolExecutor-0_6 | INFO     | 已合并文件 122/159: grid_20251201_170259_469667_001219.npy
2025-12-01 17:04:21 | ThreadPoolExecutor-0_6 | INFO     | 已合并文件 123/159: grid_20251201_170259_469667_001229.npy
2025-12-01 17:04:21 | ThreadPoolExecutor-0_6 | INFO     | 已合并文件 124/159: grid_20251201_170259_469667_001239.npy
2025-12-01 17:04:21 | ThreadPoolExecutor-0_6 | INFO     | 已合并文件 125/159: grid_20251201_170259_469667_001249.npy
2025-12-01 17:04:21 | ThreadPoolExecutor-0_6 | INFO     | 已合并文件 126/159: grid_20251201_170259_469667_001259.npy
2025-12-01 17:04:21 | ThreadPoolExecutor-0_6 | INFO     | 已合并文件 127/159: grid_20251201_170259_469667_001269.npy
2025-12-01 17:04:21 | ThreadPoolExecutor-0_6 | INFO     | 已合并文件 128/159: grid_20251201_170259_469667_001279.npy
2025-12-01 17:04:21 | ThreadPoolExecutor-0_6 | INFO     | 已合并文件 129/159: grid_20251201_170259_469667_001289.npy
2025-12-01 17:04:21 | ThreadPoolExecutor-0_6 | INFO     | 已合并文件 130/159: grid_20251201_170259_469667_001299.npy
2025-12-01 17:04:21 | ThreadPoolExecutor-0_6 | INFO     | 已合并文件 131/159: grid_20251201_170259_469667_001309.npy
2025-12-01 17:04:21 | ThreadPoolExecutor-0_6 | INFO     | 已合并文件 132/159: grid_20251201_170259_469667_001319.npy
2025-12-01 17:04:21 | ThreadPoolExecutor-0_6 | INFO     | 已合并文件 133/159: grid_20251201_170259_469667_001329.npy
2025-12-01 17:04:21 | ThreadPoolExecutor-0_6 | INFO     | 已合并文件 134/159: grid_20251201_170259_469667_001339.npy
2025-12-01 17:04:21 | ThreadPoolExecutor-0_6 | INFO     | 已合并文件 135/159: grid_20251201_170259_469667_001349.npy
2025-12-01 17:04:21 | ThreadPoolExecutor-0_6 | INFO     | 已合并文件 136/159: grid_20251201_170259_469667_001359.npy
2025-12-01 17:04:21 | ThreadPoolExecutor-0_6 | INFO     | 已合并文件 137/159: grid_20251201_170259_469667_001369.npy
2025-12-01 17:04:21 | ThreadPoolExecutor-0_6 | INFO     | 已合并文件 138/159: grid_20251201_170259_469667_001379.npy
2025-12-01 17:04:21 | ThreadPoolExecutor-0_6 | INFO     | 已合并文件 139/159: grid_20251201_170259_469667_001389.npy
2025-12-01 17:04:21 | ThreadPoolExecutor-0_6 | INFO     | 已合并文件 140/159: grid_20251201_170259_469667_001399.npy
2025-12-01 17:04:21 | ThreadPoolExecutor-0_6 | INFO     | 已合并文件 141/159: grid_20251201_170259_469667_001409.npy
2025-12-01 17:04:21 | ThreadPoolExecutor-0_6 | INFO     | 已合并文件 142/159: grid_20251201_170259_469667_001419.npy
2025-12-01 17:04:21 | ThreadPoolExecutor-0_6 | INFO     | 已合并文件 143/159: grid_20251201_170259_469667_001429.npy
2025-12-01 17:04:21 | ThreadPoolExecutor-0_6 | INFO     | 已合并文件 144/159: grid_20251201_170259_469667_001439.npy
2025-12-01 17:04:21 | ThreadPoolExecutor-0_6 | INFO     | 已合并文件 145/159: grid_20251201_170259_469667_001449.npy
2025-12-01 17:04:21 | ThreadPoolExecutor-0_6 | INFO     | 已合并文件 146/159: grid_20251201_170259_469667_001459.npy
2025-12-01 17:04:21 | ThreadPoolExecutor-0_6 | INFO     | 已合并文件 147/159: grid_20251201_170259_469667_001469.npy
2025-12-01 17:04:21 | ThreadPoolExecutor-0_6 | INFO     | 已合并文件 148/159: grid_20251201_170259_469667_001479.npy
2025-12-01 17:04:21 | ThreadPoolExecutor-0_6 | INFO     | 已合并文件 149/159: grid_20251201_170259_469667_001489.npy
2025-12-01 17:04:21 | ThreadPoolExecutor-0_6 | INFO     | 已合并文件 150/159: grid_20251201_170259_469667_001499.npy
2025-12-01 17:04:21 | ThreadPoolExecutor-0_6 | INFO     | 已合并文件 151/159: grid_20251201_170259_469667_001509.npy
2025-12-01 17:04:21 | ThreadPoolExecutor-0_6 | INFO     | 已合并文件 152/159: grid_20251201_170259_469667_001519.npy
2025-12-01 17:04:21 | ThreadPoolExecutor-0_6 | INFO     | 已合并文件 153/159: grid_20251201_170259_469667_001529.npy
2025-12-01 17:04:21 | ThreadPoolExecutor-0_6 | INFO     | 已合并文件 154/159: grid_20251201_170259_469667_001539.npy
2025-12-01 17:04:21 | ThreadPoolExecutor-0_6 | INFO     | 已合并文件 155/159: grid_20251201_170259_469667_001549.npy
2025-12-01 17:04:21 | ThreadPoolExecutor-0_6 | INFO     | 已合并文件 156/159: grid_20251201_170259_469667_001559.npy
2025-12-01 17:04:21 | ThreadPoolExecutor-0_6 | INFO     | 已合并文件 157/159: grid_20251201_170259_469667_001569.npy
2025-12-01 17:04:21 | ThreadPoolExecutor-0_6 | INFO     | 已合并文件 158/159: grid_20251201_170259_469667_001579.npy
2025-12-01 17:04:21 | ThreadPoolExecutor-0_6 | INFO     | 已合并文件 159/159: grid_20251201_170259_469667_001589.npy
2025-12-01 17:04:21 | ThreadPoolExecutor-0_6 | INFO     | ✓ 数据已成功合并: simulation_results\target_0.020_indenter_0.012\grid_20251201_170259_469667.npy
2025-12-01 17:04:21 | ThreadPoolExecutor-0_6 | INFO     | 文件大小: 3.16 MB
2025-12-01 17:04:21 | ThreadPoolExecutor-0_6 | INFO     | Case完成: target=0.02, indenter_x=0.012
2025-12-01 17:04:21 | MainThread   | INFO     | 进度: 4/390 - 完成: Case completed: target=0.02, indenter_x=0.012
2025-12-01 17:04:21 | ThreadPoolExecutor-0_6 | INFO     | 柔性体质量: 0.153600 kg
2025-12-01 17:04:21 | ThreadPoolExecutor-0_5 | INFO     | 找到 159 个npy文件
2025-12-01 17:04:21 | ThreadPoolExecutor-0_5 | INFO     | 第一个文件形状: (17, 17, 3, 3), 数据类型: float64
