2025-12-25 15:37:43 | MainThread   | INFO     | 生成参数组合: 576 个
2025-12-25 15:37:43 | MainThread   | INFO     | 开始处理任务: 576 个
2025-12-25 15:37:45 | MainThread   | INFO     | 模拟开始: TARGET=0.0060, X=-0.0060, Y=-0.0060
2025-12-25 15:37:45 | MainThread   | INFO     | 模拟开始: TARGET=0.0060, X=-0.0060, Y=0.0050
2025-12-25 15:37:45 | MainThread   | INFO     | 模拟开始: TARGET=0.0060, X=-0.0060, Y=-0.0010
2025-12-25 15:37:45 | MainThread   | INFO     | 模拟开始: TARGET=0.0060, X=-0.0060, Y=-0.0030
2025-12-25 15:37:45 | MainThread   | INFO     | 模拟开始: TARGET=0.0060, X=-0.0060, Y=-0.0010
2025-12-25 15:37:45 | MainThread   | INFO     | 模拟开始: TARGET=0.0060, X=-0.0060, Y=-0.0000
2025-12-25 15:37:45 | MainThread   | INFO     | 模拟开始: TARGET=0.0060, X=-0.0060, Y=-0.0020
2025-12-25 15:37:45 | MainThread   | INFO     | 模拟开始: TARGET=0.0060, X=-0.0060, Y=0.0030
2025-12-25 15:37:46 | MainThread   | INFO     | 模拟开始: TARGET=0.0060, X=-0.0060, Y=-0.0040
2025-12-25 15:37:46 | MainThread   | INFO     | 模拟开始: TARGET=0.0060, X=-0.0060, Y=-0.0020
2025-12-25 15:37:46 | MainThread   | INFO     | 模拟开始: TARGET=0.0060, X=-0.0060, Y=-0.0060
2025-12-25 15:37:46 | MainThread   | INFO     | 模拟开始: TARGET=0.0060, X=-0.0060, Y=-0.0040
2025-12-25 15:37:46 | MainThread   | INFO     | 模拟开始: TARGET=0.0060, X=-0.0060, Y=0.0000
2025-12-25 15:37:46 | MainThread   | INFO     | 模拟开始: TARGET=0.0060, X=-0.0060, Y=-0.0050
2025-12-25 15:37:46 | MainThread   | INFO     | 模拟开始: TARGET=0.0060, X=-0.0060, Y=0.0050
2025-12-25 15:37:46 | MainThread   | INFO     | 模拟开始: TARGET=0.0060, X=-0.0060, Y=0.0060
2025-12-25 15:37:46 | MainThread   | INFO     | 模拟开始: TARGET=0.0060, X=-0.0060, Y=0.0020
2025-12-25 15:37:46 | MainThread   | INFO     | 模拟开始: TARGET=0.0060, X=-0.0060, Y=0.0010
2025-12-25 15:37:46 | MainThread   | INFO     | 模拟开始: TARGET=0.0060, X=-0.0060, Y=0.0040
2025-12-25 15:37:46 | MainThread   | INFO     | 模拟开始: TARGET=0.0060, X=-0.0060, Y=0.0010
2025-12-25 15:37:46 | MainThread   | INFO     | 模拟开始: TARGET=0.0060, X=-0.0060, Y=0.0020
2025-12-25 15:37:46 | MainThread   | INFO     | 模拟开始: TARGET=0.0060, X=-0.0060, Y=-0.0030
2025-12-25 15:37:46 | MainThread   | INFO     | 模拟开始: TARGET=0.0060, X=-0.0060, Y=0.0030
2025-12-25 15:37:46 | MainThread   | INFO     | 模拟开始: TARGET=0.0060, X=-0.0060, Y=0.0040
2025-12-25 15:40:45 | MainThread   | INFO     | 进度: 1/576 - 完成: target=0.006, x=-0.006
2025-12-25 15:40:45 | MainThread   | INFO     | 进度: 2/576 - 完成: target=0.006, x=-0.006
2025-12-25 15:40:46 | MainThread   | INFO     | 模拟开始: TARGET=0.0060, X=-0.0060, Y=-0.0060
2025-12-25 15:40:46 | MainThread   | INFO     | 模拟开始: TARGET=0.0060, X=-0.0060, Y=-0.0060
2025-12-25 15:40:59 | MainThread   | INFO     | 模拟开始: TARGET=0.0060, X=-0.0060, Y=-0.0050
2025-12-25 15:41:01 | MainThread   | INFO     | 模拟开始: TARGET=0.0060, X=-0.0060, Y=-0.0040
2025-12-25 15:41:04 | MainThread   | INFO     | 模拟开始: TARGET=0.0060, X=-0.0060, Y=-0.0040
2025-12-25 15:41:05 | MainThread   | INFO     | 模拟开始: TARGET=0.0060, X=-0.0060, Y=-0.0030
2025-12-25 15:41:08 | MainThread   | INFO     | 模拟开始: TARGET=0.0060, X=-0.0060, Y=-0.0030
2025-12-25 15:41:13 | MainThread   | INFO     | 模拟开始: TARGET=0.0060, X=-0.0060, Y=-0.0020
2025-12-25 15:41:16 | MainThread   | INFO     | 模拟开始: TARGET=0.0060, X=-0.0060, Y=-0.0020
2025-12-25 15:41:22 | MainThread   | INFO     | 进度: 3/576 - 完成: target=0.006, x=-0.006
2025-12-25 15:41:23 | MainThread   | INFO     | 模拟开始: TARGET=0.0060, X=-0.0060, Y=-0.0010
2025-12-25 15:41:25 | MainThread   | INFO     | 进度: 4/576 - 完成: target=0.006, x=-0.006
2025-12-25 15:41:25 | MainThread   | INFO     | 进度: 5/576 - 完成: target=0.006, x=-0.006
2025-12-25 15:41:25 | MainThread   | INFO     | 进度: 6/576 - 完成: target=0.006, x=-0.006
2025-12-25 15:41:25 | MainThread   | INFO     | 进度: 7/576 - 完成: target=0.006, x=-0.006
2025-12-25 15:41:25 | MainThread   | INFO     | 进度: 8/576 - 完成: target=0.006, x=-0.006
2025-12-25 15:41:25 | MainThread   | INFO     | 进度: 9/576 - 完成: target=0.006, x=-0.006
2025-12-25 15:41:25 | MainThread   | INFO     | 模拟开始: TARGET=0.0060, X=-0.0060, Y=-0.0010
2025-12-25 15:41:26 | MainThread   | INFO     | 模拟开始: TARGET=0.0060, X=-0.0060, Y=-0.0000
2025-12-25 15:41:36 | MainThread   | INFO     | 模拟开始: TARGET=0.0060, X=-0.0060, Y=0.0000
2025-12-25 15:41:36 | MainThread   | INFO     | 模拟开始: TARGET=0.0060, X=-0.0060, Y=0.0010
2025-12-25 15:41:38 | MainThread   | INFO     | 进度: 10/576 - 完成: target=0.006, x=-0.006
2025-12-25 15:41:38 | MainThread   | INFO     | 进度: 1.7% - 剩余时间: 221.6分钟
2025-12-25 15:41:38 | MainThread   | INFO     | 进度: 11/576 - 完成: target=0.006, x=-0.006
2025-12-25 15:41:39 | MainThread   | INFO     | 模拟开始: TARGET=0.0060, X=-0.0060, Y=0.0010
2025-12-25 15:41:39 | MainThread   | INFO     | 模拟开始: TARGET=0.0060, X=-0.0060, Y=0.0020
2025-12-25 15:41:58 | MainThread   | INFO     | 模拟开始: TARGET=0.0060, X=-0.0060, Y=0.0020
2025-12-25 15:41:58 | MainThread   | INFO     | 模拟开始: TARGET=0.0060, X=-0.0060, Y=0.0030
2025-12-25 15:42:19 | MainThread   | INFO     | 进度: 12/576 - 完成: target=0.006, x=-0.006
2025-12-25 15:42:20 | MainThread   | INFO     | 模拟开始: TARGET=0.0060, X=-0.0060, Y=0.0030
2025-12-25 15:42:22 | MainThread   | INFO     | 进度: 13/576 - 完成: target=0.006, x=-0.006
2025-12-25 15:42:23 | MainThread   | INFO     | 模拟开始: TARGET=0.0060, X=-0.0060, Y=0.0040
2025-12-25 15:42:37 | MainThread   | INFO     | 模拟开始: TARGET=0.0060, X=-0.0060, Y=0.0040
2025-12-25 15:42:38 | MainThread   | INFO     | 模拟开始: TARGET=0.0060, X=-0.0060, Y=0.0050
2025-12-25 15:42:44 | MainThread   | INFO     | 进度: 14/576 - 完成: target=0.006, x=-0.006
2025-12-25 15:42:45 | MainThread   | INFO     | 模拟开始: TARGET=0.0060, X=-0.0060, Y=0.0050
2025-12-25 15:42:46 | MainThread   | INFO     | 进度: 15/576 - 完成: target=0.006, x=-0.006
2025-12-25 15:42:46 | MainThread   | INFO     | 进度: 16/576 - 完成: target=0.006, x=-0.006
2025-12-25 15:42:46 | MainThread   | INFO     | 进度: 17/576 - 完成: target=0.006, x=-0.006
2025-12-25 15:42:46 | MainThread   | INFO     | 进度: 18/576 - 完成: target=0.006, x=-0.006
2025-12-25 15:42:46 | MainThread   | INFO     | 进度: 19/576 - 完成: target=0.006, x=-0.006
2025-12-25 15:42:46 | MainThread   | INFO     | 进度: 20/576 - 完成: target=0.006, x=-0.006
2025-12-25 15:42:46 | MainThread   | INFO     | 进度: 3.5% - 剩余时间: 140.6分钟
2025-12-25 15:42:46 | MainThread   | INFO     | 进度: 21/576 - 完成: target=0.006, x=-0.006
2025-12-25 15:42:46 | MainThread   | INFO     | 进度: 22/576 - 完成: target=0.006, x=-0.006
2025-12-25 15:42:46 | MainThread   | INFO     | 进度: 23/576 - 完成: target=0.006, x=-0.006
2025-12-25 15:42:46 | MainThread   | INFO     | 进度: 24/576 - 完成: target=0.006, x=-0.006
2025-12-25 15:42:47 | MainThread   | INFO     | 模拟开始: TARGET=0.0060, X=-0.0060, Y=0.0060
2025-12-25 15:43:46 | MainThread   | INFO     | 模拟开始: TARGET=0.0060, X=-0.0050, Y=-0.0060
2025-12-25 15:43:46 | MainThread   | INFO     | 进度: 25/576 - 完成: target=0.006, x=-0.006
2025-12-25 15:43:46 | MainThread   | INFO     | 进度: 26/576 - 完成: target=0.006, x=-0.006
2025-12-25 15:43:47 | MainThread   | INFO     | 模拟开始: TARGET=0.0060, X=-0.0050, Y=-0.0060
2025-12-25 15:44:19 | MainThread   | INFO     | 模拟开始: TARGET=0.0060, X=-0.0050, Y=-0.0050
2025-12-25 15:44:24 | MainThread   | INFO     | 模拟开始: TARGET=0.0060, X=-0.0050, Y=-0.0040
2025-12-25 15:44:25 | MainThread   | INFO     | 进度: 27/576 - 完成: target=0.006, x=-0.006
2025-12-25 15:44:26 | MainThread   | INFO     | 模拟开始: TARGET=0.0060, X=-0.0050, Y=-0.0040
2025-12-25 15:44:30 | MainThread   | INFO     | 进度: 28/576 - 完成: target=0.006, x=-0.006
2025-12-25 15:44:31 | MainThread   | INFO     | 模拟开始: TARGET=0.0060, X=-0.0050, Y=-0.0030
2025-12-25 15:44:38 | MainThread   | INFO     | 模拟开始: TARGET=0.0060, X=-0.0050, Y=-0.0030
2025-12-25 15:44:38 | MainThread   | INFO     | 模拟开始: TARGET=0.0060, X=-0.0050, Y=-0.0020
2025-12-25 15:44:39 | MainThread   | INFO     | 进度: 29/576 - 完成: target=0.006, x=-0.006
2025-12-25 15:44:39 | MainThread   | INFO     | 进度: 30/576 - 完成: target=0.006, x=-0.006
2025-12-25 15:44:39 | MainThread   | INFO     | 进度: 5.2% - 剩余时间: 126.3分钟
2025-12-25 15:44:39 | MainThread   | INFO     | 进度: 31/576 - 完成: target=0.006, x=-0.006
2025-12-25 15:44:39 | MainThread   | INFO     | 进度: 32/576 - 完成: target=0.006, x=-0.006
2025-12-25 15:44:39 | MainThread   | INFO     | 进度: 33/576 - 完成: target=0.006, x=-0.006
2025-12-25 15:44:40 | MainThread   | INFO     | 模拟开始: TARGET=0.0060, X=-0.0050, Y=-0.0020
2025-12-25 15:45:09 | MainThread   | INFO     | 进度: 34/576 - 完成: target=0.006, x=-0.006
2025-12-25 15:45:10 | MainThread   | INFO     | 模拟开始: TARGET=0.0060, X=-0.0050, Y=-0.0010
2025-12-25 15:45:12 | MainThread   | INFO     | 进度: 35/576 - 完成: target=0.006, x=-0.006
2025-12-25 15:45:13 | MainThread   | INFO     | 模拟开始: TARGET=0.0060, X=-0.0050, Y=-0.0010
2025-12-25 15:45:49 | MainThread   | INFO     | 模拟开始: TARGET=0.0060, X=-0.0050, Y=-0.0000
2025-12-25 15:45:50 | MainThread   | INFO     | 进度: 36/576 - 完成: target=0.006, x=-0.006
2025-12-25 15:45:51 | MainThread   | INFO     | 模拟开始: TARGET=0.0060, X=-0.0050, Y=0.0000
2025-12-25 15:45:51 | MainThread   | INFO     | 模拟开始: TARGET=0.0060, X=-0.0050, Y=0.0010
2025-12-25 15:46:02 | MainThread   | INFO     | 进度: 37/576 - 完成: target=0.006, x=-0.006
2025-12-25 15:46:03 | MainThread   | INFO     | 模拟开始: TARGET=0.0060, X=-0.0050, Y=0.0010
2025-12-25 15:46:04 | MainThread   | INFO     | 模拟开始: TARGET=0.0060, X=-0.0050, Y=0.0020
2025-12-25 15:46:04 | MainThread   | INFO     | 模拟开始: TARGET=0.0060, X=-0.0050, Y=0.0020
2025-12-25 15:46:08 | MainThread   | INFO     | 模拟开始: TARGET=0.0060, X=-0.0050, Y=0.0030
2025-12-25 15:46:25 | MainThread   | INFO     | 模拟开始: TARGET=0.0060, X=-0.0050, Y=0.0030
2025-12-25 15:46:25 | MainThread   | INFO     | 模拟开始: TARGET=0.0060, X=-0.0050, Y=0.0040
2025-12-25 15:46:27 | MainThread   | INFO     | 模拟开始: TARGET=0.0060, X=-0.0050, Y=0.0040
2025-12-25 15:46:32 | MainThread   | INFO     | 进度: 38/576 - 完成: target=0.006, x=-0.006
2025-12-25 15:46:33 | MainThread   | INFO     | 模拟开始: TARGET=0.0060, X=-0.0050, Y=0.0050
2025-12-25 15:46:34 | MainThread   | INFO     | 进度: 39/576 - 完成: target=0.006, x=-0.006
2025-12-25 15:46:34 | MainThread   | INFO     | 进度: 40/576 - 完成: target=0.006, x=-0.006
2025-12-25 15:46:34 | MainThread   | INFO     | 进度: 6.9% - 剩余时间: 118.6分钟
2025-12-25 15:46:35 | MainThread   | INFO     | 模拟开始: TARGET=0.0060, X=-0.0050, Y=0.0050
2025-12-25 15:46:42 | MainThread   | INFO     | 进度: 41/576 - 完成: target=0.006, x=-0.006
2025-12-25 15:46:42 | MainThread   | INFO     | 进度: 42/576 - 完成: target=0.006, x=-0.006
2025-12-25 15:46:42 | MainThread   | INFO     | 进度: 43/576 - 完成: target=0.006, x=-0.006
2025-12-25 15:46:42 | MainThread   | INFO     | 进度: 44/576 - 完成: target=0.006, x=-0.006
2025-12-25 15:46:42 | MainThread   | INFO     | 进度: 45/576 - 完成: target=0.006, x=-0.006
2025-12-25 15:46:42 | MainThread   | INFO     | 进度: 46/576 - 完成: target=0.006, x=-0.006
2025-12-25 15:46:42 | MainThread   | INFO     | 进度: 47/576 - 完成: target=0.006, x=-0.006
2025-12-25 15:46:42 | MainThread   | INFO     | 进度: 48/576 - 完成: target=0.006, x=-0.006
2025-12-25 15:46:43 | MainThread   | INFO     | 模拟开始: TARGET=0.0060, X=-0.0050, Y=0.0060
2025-12-25 15:47:44 | MainThread   | INFO     | 模拟开始: TARGET=0.0060, X=-0.0040, Y=-0.0060
2025-12-25 15:47:44 | MainThread   | INFO     | 模拟开始: TARGET=0.0060, X=-0.0040, Y=-0.0060
2025-12-25 15:47:50 | MainThread   | INFO     | 模拟开始: TARGET=0.0060, X=-0.0040, Y=-0.0050
2025-12-25 15:47:52 | MainThread   | INFO     | 进度: 49/576 - 完成: target=0.006, x=-0.005
2025-12-25 15:47:52 | MainThread   | INFO     | 进度: 50/576 - 完成: target=0.006, x=-0.005
2025-12-25 15:47:52 | MainThread   | INFO     | 进度: 8.7% - 剩余时间: 106.9分钟
2025-12-25 15:47:53 | MainThread   | INFO     | 模拟开始: TARGET=0.0060, X=-0.0040, Y=-0.0040
2025-12-25 15:48:03 | MainThread   | INFO     | 进度: 51/576 - 完成: target=0.006, x=-0.005
2025-12-25 15:48:03 | MainThread   | INFO     | 进度: 52/576 - 完成: target=0.006, x=-0.005
2025-12-25 15:48:03 | MainThread   | INFO     | 进度: 53/576 - 完成: target=0.006, x=-0.005
2025-12-25 15:48:03 | MainThread   | INFO     | 进度: 54/576 - 完成: target=0.006, x=-0.005
2025-12-25 15:48:04 | MainThread   | INFO     | 模拟开始: TARGET=0.0060, X=-0.0040, Y=-0.0040
2025-12-25 15:48:04 | MainThread   | INFO     | 模拟开始: TARGET=0.0060, X=-0.0040, Y=-0.0030
2025-12-25 15:48:14 | MainThread   | INFO     | 进度: 55/576 - 完成: target=0.006, x=-0.005
2025-12-25 15:48:15 | MainThread   | INFO     | 模拟开始: TARGET=0.0060, X=-0.0040, Y=-0.0030
2025-12-25 15:49:12 | MainThread   | INFO     | 模拟开始: TARGET=0.0060, X=-0.0040, Y=-0.0020
2025-12-25 15:49:15 | MainThread   | INFO     | 进度: 56/576 - 完成: target=0.006, x=-0.005
2025-12-25 15:49:15 | MainThread   | INFO     | 进度: 57/576 - 完成: target=0.006, x=-0.005
2025-12-25 15:49:16 | MainThread   | INFO     | 模拟开始: TARGET=0.0060, X=-0.0040, Y=-0.0020
2025-12-25 15:49:53 | MainThread   | INFO     | 进度: 58/576 - 完成: target=0.006, x=-0.005
2025-12-25 15:49:54 | MainThread   | INFO     | 模拟开始: TARGET=0.0060, X=-0.0040, Y=-0.0010
2025-12-25 15:49:58 | MainThread   | INFO     | 进度: 59/576 - 完成: target=0.006, x=-0.005
2025-12-25 15:49:59 | MainThread   | INFO     | 模拟开始: TARGET=0.0060, X=-0.0040, Y=-0.0010
2025-12-25 15:50:09 | MainThread   | INFO     | 模拟开始: TARGET=0.0060, X=-0.0040, Y=-0.0000
2025-12-25 15:50:18 | MainThread   | INFO     | 模拟开始: TARGET=0.0060, X=-0.0040, Y=0.0000
2025-12-25 15:50:20 | MainThread   | INFO     | 模拟开始: TARGET=0.0060, X=-0.0040, Y=0.0010
2025-12-25 15:50:35 | MainThread   | INFO     | 进度: 60/576 - 完成: target=0.006, x=-0.005
2025-12-25 15:50:35 | MainThread   | INFO     | 进度: 10.4% - 剩余时间: 110.7分钟
2025-12-25 15:50:36 | MainThread   | INFO     | 模拟开始: TARGET=0.0060, X=-0.0040, Y=0.0010
2025-12-25 15:50:36 | MainThread   | INFO     | 模拟开始: TARGET=0.0060, X=-0.0040, Y=0.0020
2025-12-25 15:50:36 | MainThread   | INFO     | 进度: 61/576 - 完成: target=0.006, x=-0.005
2025-12-25 15:50:36 | MainThread   | INFO     | 进度: 62/576 - 完成: target=0.006, x=-0.005
2025-12-25 15:50:36 | MainThread   | INFO     | 模拟开始: TARGET=0.0060, X=-0.0040, Y=0.0020
2025-12-25 15:50:37 | MainThread   | INFO     | 模拟开始: TARGET=0.0060, X=-0.0040, Y=0.0030
2025-12-25 15:50:37 | MainThread   | INFO     | 模拟开始: TARGET=0.0060, X=-0.0040, Y=0.0030
2025-12-25 15:50:46 | MainThread   | INFO     | 进度: 63/576 - 完成: target=0.006, x=-0.005
2025-12-25 15:50:47 | MainThread   | INFO     | 模拟开始: TARGET=0.0060, X=-0.0040, Y=0.0040
2025-12-25 15:50:57 | MainThread   | INFO     | 模拟开始: TARGET=0.0060, X=-0.0040, Y=0.0040
2025-12-25 15:50:59 | MainThread   | INFO     | 模拟开始: TARGET=0.0060, X=-0.0040, Y=0.0050
2025-12-25 15:51:00 | MainThread   | INFO     | 进度: 64/576 - 完成: target=0.006, x=-0.005
2025-12-25 15:51:01 | MainThread   | INFO     | 模拟开始: TARGET=0.0060, X=-0.0040, Y=0.0050
2025-12-25 15:51:03 | MainThread   | INFO     | 进度: 65/576 - 完成: target=0.006, x=-0.005
2025-12-25 15:51:03 | MainThread   | INFO     | 进度: 66/576 - 完成: target=0.006, x=-0.005
2025-12-25 15:51:04 | MainThread   | INFO     | 模拟开始: TARGET=0.0060, X=-0.0040, Y=0.0060
2025-12-25 15:51:04 | MainThread   | INFO     | 模拟开始: TARGET=0.0060, X=-0.0040, Y=-0.0060
2025-12-25 15:51:12 | MainThread   | INFO     | 进度: 67/576 - 完成: target=0.006, x=-0.005
2025-12-25 15:51:12 | MainThread   | INFO     | 进度: 68/576 - 完成: target=0.006, x=-0.005
2025-12-25 15:51:12 | MainThread   | INFO     | 进度: 69/576 - 完成: target=0.006, x=-0.005
2025-12-25 15:51:12 | MainThread   | INFO     | 进度: 70/576 - 完成: target=0.006, x=-0.005
2025-12-25 15:51:12 | MainThread   | INFO     | 进度: 12.2% - 剩余时间: 97.6分钟
2025-12-25 15:51:12 | MainThread   | INFO     | 进度: 71/576 - 完成: target=0.006, x=-0.005
2025-12-25 15:51:12 | MainThread   | INFO     | 进度: 72/576 - 完成: target=0.006, x=-0.005
2025-12-25 15:51:12 | MainThread   | INFO     | 进度: 73/576 - 完成: target=0.006, x=-0.004
2025-12-25 15:51:12 | MainThread   | INFO     | 进度: 74/576 - 完成: target=0.006, x=-0.004
2025-12-25 15:51:13 | MainThread   | INFO     | 模拟开始: TARGET=0.0060, X=-0.0040, Y=-0.0060
2025-12-25 15:51:31 | MainThread   | INFO     | 进度: 75/576 - 完成: target=0.006, x=-0.004
2025-12-25 15:51:32 | MainThread   | INFO     | 模拟开始: TARGET=0.0060, X=-0.0040, Y=-0.0050
2025-12-25 15:51:36 | MainThread   | INFO     | 进度: 76/576 - 完成: target=0.006, x=-0.004
2025-12-25 15:51:37 | MainThread   | INFO     | 模拟开始: TARGET=0.0060, X=-0.0040, Y=-0.0040
2025-12-25 15:51:46 | MainThread   | INFO     | 进度: 77/576 - 完成: target=0.006, x=-0.004
2025-12-25 15:51:47 | MainThread   | INFO     | 模拟开始: TARGET=0.0060, X=-0.0040, Y=-0.0040
2025-12-25 15:52:17 | MainThread   | INFO     | 进度: 78/576 - 完成: target=0.006, x=-0.004
2025-12-25 15:52:18 | MainThread   | INFO     | 模拟开始: TARGET=0.0060, X=-0.0040, Y=-0.0030
2025-12-25 15:52:28 | MainThread   | INFO     | 进度: 79/576 - 完成: target=0.006, x=-0.004
2025-12-25 15:52:29 | MainThread   | INFO     | 模拟开始: TARGET=0.0060, X=-0.0040, Y=-0.0030
2025-12-25 15:54:14 | MainThread   | INFO     | 进度: 80/576 - 完成: target=0.006, x=-0.004
2025-12-25 15:54:14 | MainThread   | INFO     | 进度: 13.9% - 剩余时间: 102.4分钟
2025-12-25 15:54:15 | MainThread   | INFO     | 模拟开始: TARGET=0.0060, X=-0.0040, Y=-0.0020
2025-12-25 15:54:22 | MainThread   | INFO     | 进度: 81/576 - 完成: target=0.006, x=-0.004
2025-12-25 15:54:23 | MainThread   | INFO     | 模拟开始: TARGET=0.0060, X=-0.0040, Y=-0.0020
2025-12-25 15:54:24 | MainThread   | INFO     | 模拟开始: TARGET=0.0060, X=-0.0040, Y=-0.0010
2025-12-25 15:54:29 | MainThread   | INFO     | 模拟开始: TARGET=0.0060, X=-0.0040, Y=-0.0010
2025-12-25 15:54:32 | MainThread   | INFO     | 模拟开始: TARGET=0.0060, X=-0.0040, Y=-0.0000
2025-12-25 15:55:11 | MainThread   | INFO     | 模拟开始: TARGET=0.0060, X=-0.0040, Y=0.0000
2025-12-25 15:55:12 | MainThread   | INFO     | 模拟开始: TARGET=0.0060, X=-0.0040, Y=0.0010
2025-12-25 15:55:17 | MainThread   | INFO     | 模拟开始: TARGET=0.0060, X=-0.0040, Y=0.0010
2025-12-25 15:55:19 | MainThread   | INFO     | 进度: 82/576 - 完成: target=0.006, x=-0.004
2025-12-25 15:55:20 | MainThread   | INFO     | 模拟开始: TARGET=0.0060, X=-0.0040, Y=0.0020
2025-12-25 15:55:24 | MainThread   | INFO     | 模拟开始: TARGET=0.0060, X=-0.0040, Y=0.0020
2025-12-25 15:55:27 | MainThread   | INFO     | 进度: 83/576 - 完成: target=0.006, x=-0.004
2025-12-25 15:55:28 | MainThread   | INFO     | 模拟开始: TARGET=0.0060, X=-0.0040, Y=0.0030
2025-12-25 15:55:28 | MainThread   | INFO     | 模拟开始: TARGET=0.0060, X=-0.0040, Y=0.0030
2025-12-25 15:55:58 | MainThread   | INFO     | 进度: 84/576 - 完成: target=0.006, x=-0.004
2025-12-25 15:55:59 | MainThread   | INFO     | 模拟开始: TARGET=0.0060, X=-0.0040, Y=0.0040
2025-12-25 15:56:08 | MainThread   | INFO     | 进度: 85/576 - 完成: target=0.006, x=-0.004
2025-12-25 15:56:09 | MainThread   | INFO     | 模拟开始: TARGET=0.0060, X=-0.0040, Y=0.0040
2025-12-25 15:56:12 | MainThread   | INFO     | 模拟开始: TARGET=0.0060, X=-0.0040, Y=0.0050
2025-12-25 15:56:13 | MainThread   | INFO     | 模拟开始: TARGET=0.0060, X=-0.0040, Y=0.0050
2025-12-25 15:56:30 | MainThread   | INFO     | 模拟开始: TARGET=0.0060, X=-0.0040, Y=0.0060
2025-12-25 15:56:37 | MainThread   | INFO     | 模拟开始: TARGET=0.0060, X=-0.0030, Y=-0.0060
2025-12-25 15:56:39 | MainThread   | INFO     | 模拟开始: TARGET=0.0060, X=-0.0030, Y=-0.0060
2025-12-25 15:56:41 | MainThread   | INFO     | 进度: 86/576 - 完成: target=0.006, x=-0.004
2025-12-25 15:56:41 | MainThread   | INFO     | 模拟开始: TARGET=0.0060, X=-0.0030, Y=-0.0050
2025-12-25 15:56:42 | MainThread   | INFO     | 模拟开始: TARGET=0.0060, X=-0.0030, Y=-0.0040
2025-12-25 15:56:44 | MainThread   | INFO     | 模拟开始: TARGET=0.0060, X=-0.0030, Y=-0.0040
2025-12-25 15:56:51 | MainThread   | INFO     | 模拟开始: TARGET=0.0060, X=-0.0030, Y=-0.0030
2025-12-25 15:56:54 | MainThread   | INFO     | 进度: 87/576 - 完成: target=0.006, x=-0.004
2025-12-25 15:56:55 | MainThread   | INFO     | 进度: 88/576 - 完成: target=0.006, x=-0.004
2025-12-25 15:56:55 | MainThread   | INFO     | 进度: 89/576 - 完成: target=0.006, x=-0.004
2025-12-25 15:56:55 | MainThread   | INFO     | 进度: 90/576 - 完成: target=0.006, x=-0.004
2025-12-25 15:56:55 | MainThread   | INFO     | 进度: 15.6% - 剩余时间: 103.7分钟
2025-12-25 15:56:55 | MainThread   | INFO     | 进度: 91/576 - 完成: target=0.006, x=-0.004
2025-12-25 15:56:55 | MainThread   | INFO     | 进度: 92/576 - 完成: target=0.006, x=-0.004
2025-12-25 15:56:55 | MainThread   | INFO     | 进度: 93/576 - 完成: target=0.006, x=-0.004
2025-12-25 15:56:55 | MainThread   | INFO     | 进度: 94/576 - 完成: target=0.006, x=-0.004
2025-12-25 15:56:55 | MainThread   | INFO     | 进度: 95/576 - 完成: target=0.006, x=-0.004
2025-12-25 15:56:55 | MainThread   | INFO     | 进度: 96/576 - 完成: target=0.006, x=-0.004
2025-12-25 15:56:55 | MainThread   | INFO     | 进度: 97/576 - 完成: target=0.006, x=-0.004
2025-12-25 15:56:55 | MainThread   | INFO     | 进度: 98/576 - 完成: target=0.006, x=-0.004
2025-12-25 15:56:55 | MainThread   | INFO     | 进度: 99/576 - 完成: target=0.006, x=-0.004
2025-12-25 15:56:55 | MainThread   | INFO     | 进度: 100/576 - 完成: target=0.006, x=-0.004
2025-12-25 15:56:55 | MainThread   | INFO     | 进度: 17.4% - 剩余时间: 91.4分钟
2025-12-25 15:56:55 | MainThread   | INFO     | 进度: 101/576 - 完成: target=0.006, x=-0.004
2025-12-25 15:56:55 | MainThread   | INFO     | 进度: 102/576 - 完成: target=0.006, x=-0.004
2025-12-25 15:56:55 | MainThread   | INFO     | 进度: 103/576 - 完成: target=0.006, x=-0.004
2025-12-25 15:56:55 | MainThread   | INFO     | 模拟开始: TARGET=0.0060, X=-0.0030, Y=-0.0030
2025-12-25 15:59:16 | MainThread   | INFO     | 进度: 104/576 - 完成: target=0.006, x=-0.004
2025-12-25 15:59:17 | MainThread   | INFO     | 模拟开始: TARGET=0.0060, X=-0.0030, Y=-0.0020
2025-12-25 15:59:28 | MainThread   | INFO     | 进度: 105/576 - 完成: target=0.006, x=-0.004
2025-12-25 15:59:29 | MainThread   | INFO     | 模拟开始: TARGET=0.0060, X=-0.0030, Y=-0.0020
2025-12-25 15:59:51 | MainThread   | INFO     | 模拟开始: TARGET=0.0060, X=-0.0030, Y=-0.0010
2025-12-25 15:59:52 | MainThread   | INFO     | 进度: 106/576 - 完成: target=0.006, x=-0.004
2025-12-25 15:59:53 | MainThread   | INFO     | 模拟开始: TARGET=0.0060, X=-0.0030, Y=-0.0010
2025-12-25 15:59:55 | MainThread   | INFO     | 模拟开始: TARGET=0.0060, X=-0.0030, Y=-0.0000
2025-12-25 15:59:55 | MainThread   | INFO     | 模拟开始: TARGET=0.0060, X=-0.0030, Y=0.0000
2025-12-25 15:59:58 | MainThread   | INFO     | 进度: 107/576 - 完成: target=0.006, x=-0.004
2025-12-25 15:59:59 | MainThread   | INFO     | 模拟开始: TARGET=0.0060, X=-0.0030, Y=0.0010
2025-12-25 16:00:20 | MainThread   | INFO     | 进度: 108/576 - 完成: target=0.006, x=-0.004
2025-12-25 16:00:21 | MainThread   | INFO     | 模拟开始: TARGET=0.0060, X=-0.0030, Y=0.0010
2025-12-25 16:00:24 | MainThread   | INFO     | 模拟开始: TARGET=0.0060, X=-0.0030, Y=0.0020
2025-12-25 16:00:26 | MainThread   | INFO     | 模拟开始: TARGET=0.0060, X=-0.0030, Y=0.0020
2025-12-25 16:00:34 | MainThread   | INFO     | 模拟开始: TARGET=0.0060, X=-0.0030, Y=0.0030
2025-12-25 16:01:01 | MainThread   | INFO     | 进度: 109/576 - 完成: target=0.006, x=-0.004
2025-12-25 16:01:01 | MainThread   | INFO     | 模拟开始: TARGET=0.0060, X=-0.0030, Y=0.0030
2025-12-25 16:01:02 | MainThread   | INFO     | 模拟开始: TARGET=0.0060, X=-0.0030, Y=0.0040
2025-12-25 16:01:02 | MainThread   | INFO     | 模拟开始: TARGET=0.0060, X=-0.0030, Y=0.0040
2025-12-25 16:01:09 | MainThread   | INFO     | 模拟开始: TARGET=0.0060, X=-0.0030, Y=0.0050
2025-12-25 16:01:12 | MainThread   | INFO     | 模拟开始: TARGET=0.0060, X=-0.0030, Y=0.0050
2025-12-25 16:01:17 | MainThread   | INFO     | 模拟开始: TARGET=0.0060, X=-0.0030, Y=0.0060
2025-12-25 16:01:24 | MainThread   | INFO     | 模拟开始: TARGET=0.0060, X=-0.0030, Y=-0.0060
2025-12-25 16:01:25 | MainThread   | INFO     | 模拟开始: TARGET=0.0060, X=-0.0030, Y=-0.0060
2025-12-25 16:01:27 | MainThread   | INFO     | 模拟开始: TARGET=0.0060, X=-0.0030, Y=-0.0050
2025-12-25 16:01:31 | MainThread   | INFO     | 进度: 110/576 - 完成: target=0.006, x=-0.004
2025-12-25 16:01:31 | MainThread   | INFO     | 进度: 19.1% - 剩余时间: 100.9分钟
2025-12-25 16:01:32 | MainThread   | INFO     | 模拟开始: TARGET=0.0060, X=-0.0030, Y=-0.0040
2025-12-25 16:01:40 | MainThread   | INFO     | 进度: 111/576 - 完成: target=0.006, x=-0.004
2025-12-25 16:01:40 | MainThread   | INFO     | 进度: 112/576 - 完成: target=0.006, x=-0.004
2025-12-25 16:01:40 | MainThread   | INFO     | 进度: 113/576 - 完成: target=0.006, x=-0.004
2025-12-25 16:01:40 | MainThread   | INFO     | 进度: 114/576 - 完成: target=0.006, x=-0.004
2025-12-25 16:01:40 | MainThread   | INFO     | 进度: 115/576 - 完成: target=0.006, x=-0.004
2025-12-25 16:01:41 | MainThread   | INFO     | 模拟开始: TARGET=0.0060, X=-0.0030, Y=-0.0040
2025-12-25 16:01:52 | MainThread   | INFO     | 进度: 116/576 - 完成: target=0.006, x=-0.004
2025-12-25 16:01:53 | MainThread   | INFO     | 模拟开始: TARGET=0.0060, X=-0.0030, Y=-0.0030
2025-12-25 16:02:01 | MainThread   | INFO     | 进度: 117/576 - 完成: target=0.006, x=-0.004
2025-12-25 16:02:01 | MainThread   | INFO     | 进度: 118/576 - 完成: target=0.006, x=-0.004
2025-12-25 16:02:01 | MainThread   | INFO     | 进度: 119/576 - 完成: target=0.006, x=-0.004
2025-12-25 16:02:01 | MainThread   | INFO     | 进度: 120/576 - 完成: target=0.006, x=-0.004
2025-12-25 16:02:01 | MainThread   | INFO     | 进度: 20.8% - 剩余时间: 92.4分钟
2025-12-25 16:02:01 | MainThread   | INFO     | 进度: 121/576 - 完成: target=0.006, x=-0.003
2025-12-25 16:02:01 | MainThread   | INFO     | 进度: 122/576 - 完成: target=0.006, x=-0.003
2025-12-25 16:02:01 | MainThread   | INFO     | 进度: 123/576 - 完成: target=0.006, x=-0.003
2025-12-25 16:02:01 | MainThread   | INFO     | 进度: 124/576 - 完成: target=0.006, x=-0.003
2025-12-25 16:02:01 | MainThread   | INFO     | 进度: 125/576 - 完成: target=0.006, x=-0.003
2025-12-25 16:02:01 | MainThread   | INFO     | 进度: 126/576 - 完成: target=0.006, x=-0.003
2025-12-25 16:02:01 | MainThread   | INFO     | 进度: 127/576 - 完成: target=0.006, x=-0.003
2025-12-25 16:02:02 | MainThread   | INFO     | 模拟开始: TARGET=0.0060, X=-0.0030, Y=-0.0030
2025-12-25 16:04:44 | MainThread   | INFO     | 进度: 128/576 - 完成: target=0.006, x=-0.003
2025-12-25 16:04:45 | MainThread   | INFO     | 模拟开始: TARGET=0.0060, X=-0.0030, Y=-0.0020
2025-12-25 16:04:54 | MainThread   | INFO     | 模拟开始: TARGET=0.0060, X=-0.0030, Y=-0.0020
2025-12-25 16:04:57 | MainThread   | INFO     | 模拟开始: TARGET=0.0060, X=-0.0030, Y=-0.0010
2025-12-25 16:05:00 | MainThread   | INFO     | 进度: 129/576 - 完成: target=0.006, x=-0.003
2025-12-25 16:05:01 | MainThread   | INFO     | 模拟开始: TARGET=0.0060, X=-0.0030, Y=-0.0010
2025-12-25 16:05:08 | MainThread   | INFO     | 进度: 130/576 - 完成: target=0.006, x=-0.003
2025-12-25 16:05:08 | MainThread   | INFO     | 进度: 22.6% - 剩余时间: 94.1分钟
2025-12-25 16:05:09 | MainThread   | INFO     | 模拟开始: TARGET=0.0060, X=-0.0030, Y=-0.0000
2025-12-25 16:05:10 | MainThread   | INFO     | 进度: 131/576 - 完成: target=0.006, x=-0.003
2025-12-25 16:05:11 | MainThread   | INFO     | 模拟开始: TARGET=0.0060, X=-0.0030, Y=0.0000
2025-12-25 16:05:37 | MainThread   | INFO     | 模拟开始: TARGET=0.0060, X=-0.0030, Y=0.0010
2025-12-25 16:05:37 | MainThread   | INFO     | 模拟开始: TARGET=0.0060, X=-0.0030, Y=0.0010
2025-12-25 16:05:40 | MainThread   | INFO     | 模拟开始: TARGET=0.0060, X=-0.0030, Y=0.0020
2025-12-25 16:05:45 | MainThread   | INFO     | 模拟开始: TARGET=0.0060, X=-0.0030, Y=0.0020
2025-12-25 16:06:05 | MainThread   | INFO     | 进度: 132/576 - 完成: target=0.006, x=-0.003
2025-12-25 16:06:05 | MainThread   | INFO     | 进度: 133/576 - 完成: target=0.006, x=-0.003
2025-12-25 16:06:06 | MainThread   | INFO     | 模拟开始: TARGET=0.0060, X=-0.0030, Y=0.0030
2025-12-25 16:06:06 | MainThread   | INFO     | 模拟开始: TARGET=0.0060, X=-0.0030, Y=0.0030
2025-12-25 16:06:17 | MainThread   | INFO     | 模拟开始: TARGET=0.0060, X=-0.0030, Y=0.0040
2025-12-25 16:06:22 | MainThread   | INFO     | 模拟开始: TARGET=0.0060, X=-0.0030, Y=0.0040
2025-12-25 16:06:24 | MainThread   | INFO     | 进度: 134/576 - 完成: target=0.006, x=-0.003
2025-12-25 16:06:25 | MainThread   | INFO     | 模拟开始: TARGET=0.0060, X=-0.0030, Y=0.0050
2025-12-25 16:06:25 | MainThread   | INFO     | 模拟开始: TARGET=0.0060, X=-0.0030, Y=0.0050
2025-12-25 16:06:36 | MainThread   | INFO     | 模拟开始: TARGET=0.0060, X=-0.0030, Y=0.0060
2025-12-25 16:06:46 | MainThread   | INFO     | 模拟开始: TARGET=0.0060, X=-0.0020, Y=-0.0060
2025-12-25 16:06:50 | MainThread   | INFO     | 进度: 135/576 - 完成: target=0.006, x=-0.003
2025-12-25 16:06:51 | MainThread   | INFO     | 模拟开始: TARGET=0.0060, X=-0.0020, Y=-0.0060
2025-12-25 16:06:52 | MainThread   | INFO     | 模拟开始: TARGET=0.0060, X=-0.0020, Y=-0.0050
2025-12-25 16:07:02 | MainThread   | INFO     | 模拟开始: TARGET=0.0060, X=-0.0020, Y=-0.0040
2025-12-25 16:07:05 | MainThread   | INFO     | 模拟开始: TARGET=0.0060, X=-0.0020, Y=-0.0040
2025-12-25 16:07:05 | MainThread   | INFO     | 进度: 136/576 - 完成: target=0.006, x=-0.003
2025-12-25 16:07:06 | MainThread   | INFO     | 模拟开始: TARGET=0.0060, X=-0.0020, Y=-0.0030
2025-12-25 16:07:07 | MainThread   | INFO     | 进度: 137/576 - 完成: target=0.006, x=-0.003
2025-12-25 16:07:07 | MainThread   | INFO     | 进度: 138/576 - 完成: target=0.006, x=-0.003
2025-12-25 16:07:07 | MainThread   | INFO     | 进度: 139/576 - 完成: target=0.006, x=-0.003
2025-12-25 16:07:07 | MainThread   | INFO     | 进度: 140/576 - 完成: target=0.006, x=-0.003
2025-12-25 16:07:07 | MainThread   | INFO     | 进度: 24.3% - 剩余时间: 91.6分钟
2025-12-25 16:07:07 | MainThread   | INFO     | 进度: 141/576 - 完成: target=0.006, x=-0.003
2025-12-25 16:07:07 | MainThread   | INFO     | 进度: 142/576 - 完成: target=0.006, x=-0.003
2025-12-25 16:07:07 | MainThread   | INFO     | 进度: 143/576 - 完成: target=0.006, x=-0.003
2025-12-25 16:07:07 | MainThread   | INFO     | 进度: 144/576 - 完成: target=0.006, x=-0.003
2025-12-25 16:07:07 | MainThread   | INFO     | 进度: 145/576 - 完成: target=0.006, x=-0.003
2025-12-25 16:07:07 | MainThread   | INFO     | 进度: 146/576 - 完成: target=0.006, x=-0.003
2025-12-25 16:07:07 | MainThread   | INFO     | 进度: 147/576 - 完成: target=0.006, x=-0.003
2025-12-25 16:07:07 | MainThread   | INFO     | 进度: 148/576 - 完成: target=0.006, x=-0.003
2025-12-25 16:07:07 | MainThread   | INFO     | 进度: 149/576 - 完成: target=0.006, x=-0.003
2025-12-25 16:07:07 | MainThread   | INFO     | 进度: 150/576 - 完成: target=0.006, x=-0.003
2025-12-25 16:07:07 | MainThread   | INFO     | 进度: 26.0% - 剩余时间: 83.5分钟
2025-12-25 16:07:07 | MainThread   | INFO     | 进度: 151/576 - 完成: target=0.006, x=-0.003
2025-12-25 16:07:08 | MainThread   | INFO     | 模拟开始: TARGET=0.0060, X=-0.0020, Y=-0.0030
2025-12-25 16:10:08 | MainThread   | INFO     | 进度: 152/576 - 完成: target=0.006, x=-0.003
2025-12-25 16:10:09 | MainThread   | INFO     | 模拟开始: TARGET=0.0060, X=-0.0020, Y=-0.0020
2025-12-25 16:10:09 | MainThread   | INFO     | 模拟开始: TARGET=0.0060, X=-0.0020, Y=-0.0020
2025-12-25 16:10:13 | MainThread   | INFO     | 模拟开始: TARGET=0.0060, X=-0.0020, Y=-0.0010
2025-12-25 16:10:21 | MainThread   | INFO     | 进度: 153/576 - 完成: target=0.006, x=-0.003
2025-12-25 16:10:21 | MainThread   | INFO     | 进度: 154/576 - 完成: target=0.006, x=-0.003
2025-12-25 16:10:21 | MainThread   | INFO     | 进度: 155/576 - 完成: target=0.006, x=-0.003
2025-12-25 16:10:22 | MainThread   | INFO     | 模拟开始: TARGET=0.0060, X=-0.0020, Y=-0.0010
2025-12-25 16:10:39 | MainThread   | INFO     | 模拟开始: TARGET=0.0060, X=-0.0020, Y=-0.0000
2025-12-25 16:10:40 | MainThread   | INFO     | 模拟开始: TARGET=0.0060, X=-0.0020, Y=0.0000
2025-12-25 16:10:42 | MainThread   | INFO     | 模拟开始: TARGET=0.0060, X=-0.0020, Y=0.0010
2025-12-25 16:10:43 | MainThread   | INFO     | 模拟开始: TARGET=0.0060, X=-0.0020, Y=0.0010
2025-12-25 16:10:55 | MainThread   | INFO     | 模拟开始: TARGET=0.0060, X=-0.0020, Y=0.0020
2025-12-25 16:10:56 | MainThread   | INFO     | 模拟开始: TARGET=0.0060, X=-0.0020, Y=0.0020
2025-12-25 16:11:09 | MainThread   | INFO     | 进度: 156/576 - 完成: target=0.006, x=-0.003
2025-12-25 16:11:10 | MainThread   | INFO     | 模拟开始: TARGET=0.0060, X=-0.0020, Y=0.0030
2025-12-25 16:11:14 | MainThread   | INFO     | 进度: 157/576 - 完成: target=0.006, x=-0.003
2025-12-25 16:11:15 | MainThread   | INFO     | 模拟开始: TARGET=0.0060, X=-0.0020, Y=0.0030
2025-12-25 16:11:33 | MainThread   | INFO     | 模拟开始: TARGET=0.0060, X=-0.0020, Y=0.0040
2025-12-25 16:11:34 | MainThread   | INFO     | 模拟开始: TARGET=0.0060, X=-0.0020, Y=0.0040
2025-12-25 16:11:48 | MainThread   | INFO     | 模拟开始: TARGET=0.0060, X=-0.0020, Y=0.0050
2025-12-25 16:11:51 | MainThread   | INFO     | 模拟开始: TARGET=0.0060, X=-0.0020, Y=0.0050
2025-12-25 16:11:52 | MainThread   | INFO     | 模拟开始: TARGET=0.0060, X=-0.0020, Y=0.0060
2025-12-25 16:11:54 | MainThread   | INFO     | 模拟开始: TARGET=0.0060, X=-0.0020, Y=-0.0060
2025-12-25 16:12:03 | MainThread   | INFO     | 进度: 158/576 - 完成: target=0.006, x=-0.003
2025-12-25 16:12:04 | MainThread   | INFO     | 模拟开始: TARGET=0.0060, X=-0.0020, Y=-0.0060
2025-12-25 16:12:07 | MainThread   | INFO     | 进度: 159/576 - 完成: target=0.006, x=-0.003
2025-12-25 16:12:08 | MainThread   | INFO     | 模拟开始: TARGET=0.0060, X=-0.0020, Y=-0.0050
2025-12-25 16:12:17 | MainThread   | INFO     | 模拟开始: TARGET=0.0060, X=-0.0020, Y=-0.0040
2025-12-25 16:12:22 | MainThread   | INFO     | 模拟开始: TARGET=0.0060, X=-0.0020, Y=-0.0040
2025-12-25 16:12:23 | MainThread   | INFO     | 进度: 160/576 - 完成: target=0.006, x=-0.003
2025-12-25 16:12:23 | MainThread   | INFO     | 进度: 27.8% - 剩余时间: 90.1分钟
2025-12-25 16:12:24 | MainThread   | INFO     | 模拟开始: TARGET=0.0060, X=-0.0020, Y=-0.0030
2025-12-25 16:12:31 | MainThread   | INFO     | 进度: 161/576 - 完成: target=0.006, x=-0.003
2025-12-25 16:12:31 | MainThread   | INFO     | 进度: 162/576 - 完成: target=0.006, x=-0.003
2025-12-25 16:12:31 | MainThread   | INFO     | 进度: 163/576 - 完成: target=0.006, x=-0.003
2025-12-25 16:12:31 | MainThread   | INFO     | 进度: 164/576 - 完成: target=0.006, x=-0.003
2025-12-25 16:12:31 | MainThread   | INFO     | 进度: 165/576 - 完成: target=0.006, x=-0.003
2025-12-25 16:12:31 | MainThread   | INFO     | 进度: 166/576 - 完成: target=0.006, x=-0.003
2025-12-25 16:12:31 | MainThread   | INFO     | 进度: 167/576 - 完成: target=0.006, x=-0.003
2025-12-25 16:12:31 | MainThread   | INFO     | 进度: 168/576 - 完成: target=0.006, x=-0.003
2025-12-25 16:12:31 | MainThread   | INFO     | 进度: 169/576 - 完成: target=0.006, x=-0.002
2025-12-25 16:12:31 | MainThread   | INFO     | 进度: 170/576 - 完成: target=0.006, x=-0.002
2025-12-25 16:12:31 | MainThread   | INFO     | 进度: 29.5% - 剩余时间: 83.1分钟
2025-12-25 16:12:31 | MainThread   | INFO     | 进度: 171/576 - 完成: target=0.006, x=-0.002
2025-12-25 16:12:31 | MainThread   | INFO     | 进度: 172/576 - 完成: target=0.006, x=-0.002
2025-12-25 16:12:31 | MainThread   | INFO     | 进度: 173/576 - 完成: target=0.006, x=-0.002
2025-12-25 16:12:31 | MainThread   | INFO     | 进度: 174/576 - 完成: target=0.006, x=-0.002
2025-12-25 16:12:31 | MainThread   | INFO     | 进度: 175/576 - 完成: target=0.006, x=-0.002
2025-12-25 16:12:32 | MainThread   | INFO     | 模拟开始: TARGET=0.0060, X=-0.0020, Y=-0.0030
2025-12-25 16:16:40 | MainThread   | INFO     | 模拟开始: TARGET=0.0060, X=-0.0020, Y=-0.0020
2025-12-25 16:16:44 | MainThread   | INFO     | 模拟开始: TARGET=0.0060, X=-0.0020, Y=-0.0020
2025-12-25 16:16:46 | MainThread   | INFO     | 模拟开始: TARGET=0.0060, X=-0.0020, Y=-0.0010
2025-12-25 16:16:49 | MainThread   | INFO     | 模拟开始: TARGET=0.0060, X=-0.0020, Y=-0.0010
2025-12-25 16:16:53 | MainThread   | INFO     | 进度: 176/576 - 完成: target=0.006, x=-0.002
2025-12-25 16:16:54 | MainThread   | INFO     | 进度: 177/576 - 完成: target=0.006, x=-0.002
2025-12-25 16:16:54 | MainThread   | INFO     | 进度: 178/576 - 完成: target=0.006, x=-0.002
2025-12-25 16:16:54 | MainThread   | INFO     | 进度: 179/576 - 完成: target=0.006, x=-0.002
2025-12-25 16:16:54 | MainThread   | INFO     | 模拟开始: TARGET=0.0060, X=-0.0020, Y=-0.0000
2025-12-25 16:16:55 | MainThread   | INFO     | 模拟开始: TARGET=0.0060, X=-0.0020, Y=0.0000
2025-12-25 16:16:55 | MainThread   | INFO     | 模拟开始: TARGET=0.0060, X=-0.0020, Y=0.0010
2025-12-25 16:17:05 | MainThread   | INFO     | 模拟开始: TARGET=0.0060, X=-0.0020, Y=0.0010
2025-12-25 16:17:15 | MainThread   | INFO     | 模拟开始: TARGET=0.0060, X=-0.0020, Y=0.0020
2025-12-25 16:17:17 | MainThread   | INFO     | 模拟开始: TARGET=0.0060, X=-0.0020, Y=0.0020
2025-12-25 16:17:27 | MainThread   | INFO     | 进度: 180/576 - 完成: target=0.006, x=-0.002
2025-12-25 16:17:27 | MainThread   | INFO     | 进度: 31.2% - 剩余时间: 87.4分钟
2025-12-25 16:17:27 | MainThread   | INFO     | 模拟开始: TARGET=0.0060, X=-0.0020, Y=0.0030
2025-12-25 16:17:28 | MainThread   | INFO     | 模拟开始: TARGET=0.0060, X=-0.0020, Y=0.0030
2025-12-25 16:17:28 | MainThread   | INFO     | 模拟开始: TARGET=0.0060, X=-0.0020, Y=0.0040
2025-12-25 16:17:33 | MainThread   | INFO     | 进度: 181/576 - 完成: target=0.006, x=-0.002
2025-12-25 16:17:33 | MainThread   | INFO     | 进度: 182/576 - 完成: target=0.006, x=-0.002
2025-12-25 16:17:33 | MainThread   | INFO     | 进度: 183/576 - 完成: target=0.006, x=-0.002
2025-12-25 16:17:34 | MainThread   | INFO     | 模拟开始: TARGET=0.0060, X=-0.0020, Y=0.0040
2025-12-25 16:17:41 | MainThread   | INFO     | 进度: 184/576 - 完成: target=0.006, x=-0.002
2025-12-25 16:17:41 | MainThread   | INFO     | 进度: 185/576 - 完成: target=0.006, x=-0.002
2025-12-25 16:17:41 | MainThread   | INFO     | 模拟开始: TARGET=0.0060, X=-0.0020, Y=0.0050
2025-12-25 16:17:42 | MainThread   | INFO     | 模拟开始: TARGET=0.0060, X=-0.0020, Y=0.0050
2025-12-25 16:17:42 | MainThread   | INFO     | 模拟开始: TARGET=0.0060, X=-0.0020, Y=0.0060
2025-12-25 16:17:43 | MainThread   | INFO     | 模拟开始: TARGET=0.0060, X=-0.0010, Y=-0.0060
2025-12-25 16:17:43 | MainThread   | INFO     | 模拟开始: TARGET=0.0060, X=-0.0010, Y=-0.0060
2025-12-25 16:17:44 | MainThread   | INFO     | 模拟开始: TARGET=0.0060, X=-0.0010, Y=-0.0050
2025-12-25 16:17:49 | MainThread   | INFO     | 进度: 186/576 - 完成: target=0.006, x=-0.002
2025-12-25 16:17:50 | MainThread   | INFO     | 模拟开始: TARGET=0.0060, X=-0.0010, Y=-0.0040
2025-12-25 16:17:56 | MainThread   | INFO     | 进度: 187/576 - 完成: target=0.006, x=-0.002
2025-12-25 16:17:56 | MainThread   | INFO     | 进度: 188/576 - 完成: target=0.006, x=-0.002
2025-12-25 16:17:56 | MainThread   | INFO     | 进度: 189/576 - 完成: target=0.006, x=-0.002
2025-12-25 16:17:56 | MainThread   | INFO     | 进度: 190/576 - 完成: target=0.006, x=-0.002
2025-12-25 16:17:56 | MainThread   | INFO     | 进度: 33.0% - 剩余时间: 81.7分钟
2025-12-25 16:17:56 | MainThread   | INFO     | 进度: 191/576 - 完成: target=0.006, x=-0.002
2025-12-25 16:17:56 | MainThread   | INFO     | 进度: 192/576 - 完成: target=0.006, x=-0.002
2025-12-25 16:17:56 | MainThread   | INFO     | 进度: 193/576 - 完成: target=0.006, x=-0.002
2025-12-25 16:17:56 | MainThread   | INFO     | 进度: 194/576 - 完成: target=0.006, x=-0.002
2025-12-25 16:17:56 | MainThread   | INFO     | 进度: 195/576 - 完成: target=0.006, x=-0.002
2025-12-25 16:17:56 | MainThread   | INFO     | 进度: 196/576 - 完成: target=0.006, x=-0.002
2025-12-25 16:17:56 | MainThread   | INFO     | 进度: 197/576 - 完成: target=0.006, x=-0.002
2025-12-25 16:17:57 | MainThread   | INFO     | 模拟开始: TARGET=0.0060, X=-0.0010, Y=-0.0040
2025-12-25 16:18:01 | MainThread   | INFO     | 进度: 198/576 - 完成: target=0.006, x=-0.002
2025-12-25 16:18:02 | MainThread   | INFO     | 模拟开始: TARGET=0.0060, X=-0.0010, Y=-0.0030
2025-12-25 16:18:07 | MainThread   | INFO     | 进度: 199/576 - 完成: target=0.006, x=-0.002
2025-12-25 16:18:09 | MainThread   | INFO     | 模拟开始: TARGET=0.0060, X=-0.0010, Y=-0.0030
2025-12-25 16:21:59 | MainThread   | INFO     | 模拟开始: TARGET=0.0060, X=-0.0010, Y=-0.0020
2025-12-25 16:22:21 | MainThread   | INFO     | 模拟开始: TARGET=0.0060, X=-0.0010, Y=-0.0010
2025-12-25 16:22:28 | MainThread   | INFO     | 模拟开始: TARGET=0.0060, X=-0.0010, Y=-0.0010
2025-12-25 16:22:53 | MainThread   | INFO     | 模拟开始: TARGET=0.0060, X=-0.0010, Y=-0.0000
2025-12-25 16:23:15 | MainThread   | INFO     | 模拟开始: TARGET=0.0060, X=-0.0010, Y=0.0010
2025-12-25 16:23:16 | MainThread   | INFO     | 模拟开始: TARGET=0.0060, X=-0.0010, Y=0.0010
2025-12-25 16:23:19 | MainThread   | INFO     | 进度: 200/576 - 完成: target=0.006, x=-0.002
2025-12-25 16:23:19 | MainThread   | INFO     | 进度: 34.7% - 剩余时间: 85.8分钟
2025-12-25 16:23:20 | MainThread   | INFO     | 模拟开始: TARGET=0.0060, X=-0.0010, Y=0.0020
2025-12-25 16:23:25 | MainThread   | INFO     | 进度: 201/576 - 完成: target=0.006, x=-0.002
2025-12-25 16:23:25 | MainThread   | INFO     | 进度: 202/576 - 完成: target=0.006, x=-0.002
2025-12-25 16:23:25 | MainThread   | INFO     | 进度: 203/576 - 完成: target=0.006, x=-0.002
2025-12-25 16:23:26 | MainThread   | INFO     | 模拟开始: TARGET=0.0060, X=-0.0010, Y=0.0030
2025-12-25 16:23:26 | MainThread   | INFO     | 模拟开始: TARGET=0.0060, X=-0.0010, Y=0.0030
2025-12-25 16:23:29 | MainThread   | INFO     | 模拟开始: TARGET=0.0060, X=-0.0010, Y=0.0040
2025-12-25 16:23:30 | MainThread   | INFO     | 模拟开始: TARGET=0.0060, X=-0.0010, Y=0.0040
2025-12-25 16:23:32 | MainThread   | INFO     | 进度: 204/576 - 完成: target=0.006, x=-0.002
2025-12-25 16:23:33 | MainThread   | INFO     | 模拟开始: TARGET=0.0060, X=-0.0010, Y=0.0050
2025-12-25 16:23:35 | MainThread   | INFO     | 进度: 205/576 - 完成: target=0.006, x=-0.002
2025-12-25 16:23:35 | MainThread   | INFO     | 进度: 206/576 - 完成: target=0.006, x=-0.002
2025-12-25 16:23:36 | MainThread   | INFO     | 模拟开始: TARGET=0.0060, X=-0.0010, Y=0.0060
2025-12-25 16:23:39 | MainThread   | INFO     | 进度: 207/576 - 完成: target=0.006, x=-0.002
2025-12-25 16:23:44 | MainThread   | INFO     | 进度: 208/576 - 完成: target=0.006, x=-0.002
2025-12-25 16:23:45 | MainThread   | INFO     | 模拟开始: TARGET=0.0060, X=-0.0010, Y=-0.0060
2025-12-25 16:23:47 | MainThread   | INFO     | 进度: 209/576 - 完成: target=0.006, x=-0.002
2025-12-25 16:23:48 | MainThread   | INFO     | 模拟开始: TARGET=0.0060, X=-0.0010, Y=-0.0050
2025-12-25 16:23:52 | MainThread   | INFO     | 模拟开始: TARGET=0.0060, X=-0.0010, Y=-0.0040
2025-12-25 16:23:52 | MainThread   | INFO     | 进度: 210/576 - 完成: target=0.006, x=-0.002
2025-12-25 16:23:52 | MainThread   | INFO     | 进度: 36.5% - 剩余时间: 80.5分钟
2025-12-25 16:23:52 | MainThread   | INFO     | 进度: 211/576 - 完成: target=0.006, x=-0.002
2025-12-25 16:23:52 | MainThread   | INFO     | 进度: 212/576 - 完成: target=0.006, x=-0.002
2025-12-25 16:23:52 | MainThread   | INFO     | 进度: 213/576 - 完成: target=0.006, x=-0.002
2025-12-25 16:23:52 | MainThread   | INFO     | 进度: 214/576 - 完成: target=0.006, x=-0.002
2025-12-25 16:23:52 | MainThread   | INFO     | 进度: 215/576 - 完成: target=0.006, x=-0.002
2025-12-25 16:23:52 | MainThread   | INFO     | 进度: 216/576 - 完成: target=0.006, x=-0.002
2025-12-25 16:23:52 | MainThread   | INFO     | 进度: 217/576 - 完成: target=0.006, x=-0.001
2025-12-25 16:23:52 | MainThread   | INFO     | 进度: 218/576 - 完成: target=0.006, x=-0.001
2025-12-25 16:23:52 | MainThread   | INFO     | 进度: 219/576 - 完成: target=0.006, x=-0.001
2025-12-25 16:23:52 | MainThread   | INFO     | 进度: 220/576 - 完成: target=0.006, x=-0.001
2025-12-25 16:23:52 | MainThread   | INFO     | 进度: 38.2% - 剩余时间: 74.7分钟
2025-12-25 16:23:52 | MainThread   | INFO     | 进度: 221/576 - 完成: target=0.006, x=-0.001
2025-12-25 16:24:21 | MainThread   | INFO     | 进度: 222/576 - 完成: target=0.006, x=-0.001
2025-12-25 16:24:26 | MainThread   | INFO     | 进度: 223/576 - 完成: target=0.006, x=-0.001
2025-12-25 16:24:27 | MainThread   | INFO     | 模拟开始: TARGET=0.0060, X=-0.0010, Y=-0.0030
2025-12-25 16:29:25 | MainThread   | INFO     | 进度: 224/576 - 完成: target=0.006, x=-0.001
2025-12-25 16:29:29 | MainThread   | INFO     | 进度: 225/576 - 完成: target=0.006, x=-0.001
2025-12-25 16:29:29 | MainThread   | INFO     | 进度: 226/576 - 完成: target=0.006, x=-0.001
2025-12-25 16:29:29 | MainThread   | INFO     | 进度: 227/576 - 完成: target=0.006, x=-0.001
2025-12-25 16:29:29 | MainThread   | INFO     | 进度: 228/576 - 完成: target=0.006, x=-0.001
2025-12-25 16:29:29 | MainThread   | INFO     | 进度: 229/576 - 完成: target=0.006, x=-0.001
2025-12-25 16:29:32 | MainThread   | INFO     | 进度: 230/576 - 完成: target=0.006, x=-0.001
2025-12-25 16:29:32 | MainThread   | INFO     | 进度: 39.9% - 剩余时间: 78.0分钟
2025-12-25 16:29:36 | MainThread   | INFO     | 进度: 231/576 - 完成: target=0.006, x=-0.001
2025-12-25 16:29:36 | MainThread   | INFO     | 进度: 232/576 - 完成: target=0.006, x=-0.001
2025-12-25 16:29:36 | MainThread   | INFO     | 进度: 233/576 - 完成: target=0.006, x=-0.001
2025-12-25 16:29:36 | MainThread   | INFO     | 进度: 234/576 - 完成: target=0.006, x=-0.001
2025-12-25 16:29:36 | MainThread   | INFO     | 进度: 235/576 - 完成: target=0.006, x=-0.001
2025-12-25 16:29:36 | MainThread   | INFO     | 进度: 236/576 - 完成: target=0.006, x=-0.001
2025-12-25 16:29:36 | MainThread   | INFO     | 进度: 237/576 - 完成: target=0.006, x=-0.001
2025-12-25 16:29:36 | MainThread   | INFO     | 进度: 238/576 - 完成: target=0.006, x=-0.001
2025-12-25 16:29:36 | MainThread   | INFO     | 进度: 239/576 - 完成: target=0.006, x=-0.001
2025-12-25 16:29:36 | MainThread   | INFO     | 进度: 240/576 - 完成: target=0.006, x=-0.001
2025-12-25 16:29:36 | MainThread   | INFO     | 进度: 41.7% - 剩余时间: 72.7分钟
2025-12-25 16:29:36 | MainThread   | INFO     | 进度: 241/576 - 完成: target=0.006, x=-0.001
2025-12-25 16:29:36 | MainThread   | INFO     | 进度: 242/576 - 完成: target=0.006, x=-0.001
2025-12-25 16:29:36 | MainThread   | INFO     | 进度: 243/576 - 完成: target=0.006, x=-0.001
2025-12-25 16:29:36 | MainThread   | INFO     | 进度: 244/576 - 完成: target=0.006, x=-0.001
2025-12-25 16:29:36 | MainThread   | INFO     | 进度: 245/576 - 完成: target=0.006, x=-0.001
2025-12-25 16:30:13 | MainThread   | INFO     | 进度: 246/576 - 完成: target=0.006, x=-0.001
2025-12-25 16:30:19 | MainThread   | INFO     | 进度: 247/576 - 完成: target=0.006, x=-0.001
2025-12-25 16:34:33 | MainThread   | INFO     | 进度: 248/576 - 完成: target=0.006, x=-0.001
2025-12-25 16:34:39 | MainThread   | INFO     | 进度: 249/576 - 完成: target=0.006, x=-0.001
2025-12-25 16:34:39 | MainThread   | INFO     | 进度: 250/576 - 完成: target=0.006, x=-0.001
2025-12-25 16:34:39 | MainThread   | INFO     | 进度: 43.4% - 剩余时间: 74.2分钟
2025-12-25 16:34:39 | MainThread   | INFO     | 进度: 251/576 - 完成: target=0.006, x=-0.001
2025-12-25 16:34:39 | MainThread   | INFO     | 进度: 252/576 - 完成: target=0.006, x=-0.001
2025-12-25 16:34:39 | MainThread   | INFO     | 进度: 253/576 - 完成: target=0.006, x=-0.001
2025-12-25 16:34:40 | MainThread   | INFO     | 进度: 254/576 - 完成: target=0.006, x=-0.001
2025-12-25 16:34:40 | MainThread   | INFO     | 进度: 255/576 - 完成: target=0.006, x=-0.001
2025-12-25 16:34:40 | MainThread   | INFO     | 进度: 256/576 - 完成: target=0.006, x=-0.001
2025-12-25 16:34:40 | MainThread   | INFO     | 进度: 257/576 - 完成: target=0.006, x=-0.001
2025-12-25 16:34:40 | MainThread   | INFO     | 进度: 258/576 - 完成: target=0.006, x=-0.001
2025-12-25 16:34:40 | MainThread   | INFO     | 进度: 259/576 - 完成: target=0.006, x=-0.001
2025-12-25 16:34:40 | MainThread   | INFO     | 进度: 260/576 - 完成: target=0.006, x=-0.001
2025-12-25 16:34:40 | MainThread   | INFO     | 进度: 45.1% - 剩余时间: 69.2分钟
2025-12-25 16:34:40 | MainThread   | INFO     | 进度: 261/576 - 完成: target=0.006, x=-0.001
2025-12-25 16:34:40 | MainThread   | INFO     | 进度: 262/576 - 完成: target=0.006, x=-0.001
2025-12-25 16:34:40 | MainThread   | INFO     | 进度: 263/576 - 完成: target=0.006, x=-0.001
2025-12-25 16:34:40 | MainThread   | INFO     | 进度: 264/576 - 完成: target=0.006, x=-0.001
2025-12-25 16:34:40 | MainThread   | INFO     | 进度: 265/576 - 完成: target=0.006, x=-0.0
2025-12-25 16:34:40 | MainThread   | INFO     | 进度: 266/576 - 完成: target=0.006, x=-0.0
2025-12-25 16:34:40 | MainThread   | INFO     | 进度: 267/576 - 完成: target=0.006, x=-0.0
2025-12-25 16:35:31 | MainThread   | INFO     | 进度: 268/576 - 完成: target=0.006, x=-0.0
2025-12-25 16:35:31 | MainThread   | INFO     | 进度: 269/576 - 完成: target=0.006, x=-0.0
2025-12-25 16:36:29 | MainThread   | INFO     | 进度: 270/576 - 完成: target=0.006, x=-0.0
2025-12-25 16:36:29 | MainThread   | INFO     | 进度: 46.9% - 剩余时间: 66.6分钟
2025-12-25 16:36:38 | MainThread   | INFO     | 进度: 271/576 - 完成: target=0.006, x=-0.0
2025-12-25 16:42:03 | MainThread   | INFO     | 进度: 272/576 - 完成: target=0.006, x=-0.0
2025-12-25 16:42:10 | MainThread   | INFO     | 进度: 273/576 - 完成: target=0.006, x=-0.0
2025-12-25 16:42:10 | MainThread   | INFO     | 进度: 274/576 - 完成: target=0.006, x=-0.0
2025-12-25 16:42:10 | MainThread   | INFO     | 进度: 275/576 - 完成: target=0.006, x=-0.0
2025-12-25 16:42:10 | MainThread   | INFO     | 进度: 276/576 - 完成: target=0.006, x=-0.0
2025-12-25 16:42:29 | MainThread   | INFO     | 进度: 277/576 - 完成: target=0.006, x=-0.0
2025-12-25 16:42:29 | MainThread   | INFO     | 进度: 278/576 - 完成: target=0.006, x=-0.0
2025-12-25 16:42:29 | MainThread   | INFO     | 进度: 279/576 - 完成: target=0.006, x=-0.0
2025-12-25 16:42:29 | MainThread   | INFO     | 进度: 280/576 - 完成: target=0.006, x=-0.0
2025-12-25 16:42:29 | MainThread   | INFO     | 进度: 48.6% - 剩余时间: 68.5分钟
2025-12-25 16:42:29 | MainThread   | INFO     | 进度: 281/576 - 完成: target=0.006, x=-0.0
2025-12-25 16:42:29 | MainThread   | INFO     | 进度: 282/576 - 完成: target=0.006, x=-0.0
2025-12-25 16:42:29 | MainThread   | INFO     | 进度: 283/576 - 完成: target=0.006, x=-0.0
2025-12-25 16:42:29 | MainThread   | INFO     | 进度: 284/576 - 完成: target=0.006, x=-0.0
2025-12-25 16:42:29 | MainThread   | INFO     | 进度: 285/576 - 完成: target=0.006, x=-0.0
2025-12-25 16:42:29 | MainThread   | INFO     | 进度: 286/576 - 完成: target=0.006, x=-0.0
2025-12-25 16:42:29 | MainThread   | INFO     | 进度: 287/576 - 完成: target=0.006, x=-0.0
2025-12-25 16:42:29 | MainThread   | INFO     | 进度: 288/576 - 完成: target=0.006, x=-0.0
2025-12-25 16:42:29 | MainThread   | INFO     | 进度: 289/576 - 完成: target=0.006, x=0.0
2025-12-25 16:42:29 | MainThread   | INFO     | 进度: 290/576 - 完成: target=0.006, x=0.0
2025-12-25 16:42:29 | MainThread   | INFO     | 进度: 50.3% - 剩余时间: 63.9分钟
2025-12-25 16:42:29 | MainThread   | INFO     | 进度: 291/576 - 完成: target=0.006, x=0.0
2025-12-25 16:42:29 | MainThread   | INFO     | 进度: 292/576 - 完成: target=0.006, x=0.0
2025-12-25 16:42:29 | MainThread   | INFO     | 进度: 293/576 - 完成: target=0.006, x=0.0
2025-12-25 16:42:49 | MainThread   | INFO     | 进度: 294/576 - 完成: target=0.006, x=0.0
2025-12-25 16:43:05 | MainThread   | INFO     | 进度: 295/576 - 完成: target=0.006, x=0.0
2025-12-25 16:47:12 | MainThread   | INFO     | 进度: 296/576 - 完成: target=0.006, x=0.0
2025-12-25 16:47:16 | MainThread   | INFO     | 进度: 297/576 - 完成: target=0.006, x=0.0
2025-12-25 16:47:16 | MainThread   | INFO     | 进度: 298/576 - 完成: target=0.006, x=0.0
2025-12-25 16:47:22 | MainThread   | INFO     | 进度: 299/576 - 完成: target=0.006, x=0.0
2025-12-25 16:47:25 | MainThread   | INFO     | 进度: 300/576 - 完成: target=0.006, x=0.0
2025-12-25 16:47:25 | MainThread   | INFO     | 进度: 52.1% - 剩余时间: 64.1分钟
2025-12-25 16:47:29 | MainThread   | INFO     | 进度: 301/576 - 完成: target=0.006, x=0.0
2025-12-25 16:47:29 | MainThread   | INFO     | 进度: 302/576 - 完成: target=0.006, x=0.0
2025-12-25 16:47:29 | MainThread   | INFO     | 进度: 303/576 - 完成: target=0.006, x=0.0
2025-12-25 16:47:29 | MainThread   | INFO     | 进度: 304/576 - 完成: target=0.006, x=0.0
2025-12-25 16:47:29 | MainThread   | INFO     | 进度: 305/576 - 完成: target=0.006, x=0.0
2025-12-25 16:47:29 | MainThread   | INFO     | 进度: 306/576 - 完成: target=0.006, x=0.0
2025-12-25 16:47:29 | MainThread   | INFO     | 进度: 307/576 - 完成: target=0.006, x=0.0
2025-12-25 16:47:29 | MainThread   | INFO     | 进度: 308/576 - 完成: target=0.006, x=0.0
2025-12-25 16:47:29 | MainThread   | INFO     | 进度: 309/576 - 完成: target=0.006, x=0.0
2025-12-25 16:47:29 | MainThread   | INFO     | 进度: 310/576 - 完成: target=0.006, x=0.0
2025-12-25 16:47:29 | MainThread   | INFO     | 进度: 53.8% - 剩余时间: 59.9分钟
2025-12-25 16:47:29 | MainThread   | INFO     | 进度: 311/576 - 完成: target=0.006, x=0.0
2025-12-25 16:47:29 | MainThread   | INFO     | 进度: 312/576 - 完成: target=0.006, x=0.0
2025-12-25 16:47:29 | MainThread   | INFO     | 进度: 313/576 - 完成: target=0.006, x=0.001
2025-12-25 16:47:29 | MainThread   | INFO     | 进度: 314/576 - 完成: target=0.006, x=0.001
2025-12-25 16:47:29 | MainThread   | INFO     | 进度: 315/576 - 完成: target=0.006, x=0.001
2025-12-25 16:47:29 | MainThread   | INFO     | 进度: 316/576 - 完成: target=0.006, x=0.001
2025-12-25 16:47:29 | MainThread   | INFO     | 进度: 317/576 - 完成: target=0.006, x=0.001
2025-12-25 16:48:51 | MainThread   | INFO     | 进度: 318/576 - 完成: target=0.006, x=0.001
2025-12-25 16:49:04 | MainThread   | INFO     | 进度: 319/576 - 完成: target=0.006, x=0.001
2025-12-25 16:53:52 | MainThread   | INFO     | 进度: 320/576 - 完成: target=0.006, x=0.001
2025-12-25 16:53:52 | MainThread   | INFO     | 进度: 55.6% - 剩余时间: 60.9分钟
2025-12-25 16:53:54 | MainThread   | INFO     | 进度: 321/576 - 完成: target=0.006, x=0.001
2025-12-25 16:54:15 | MainThread   | INFO     | 进度: 322/576 - 完成: target=0.006, x=0.001
2025-12-25 16:54:20 | MainThread   | INFO     | 进度: 323/576 - 完成: target=0.006, x=0.001
2025-12-25 16:54:24 | MainThread   | INFO     | 进度: 324/576 - 完成: target=0.006, x=0.001
2025-12-25 16:54:24 | MainThread   | INFO     | 进度: 325/576 - 完成: target=0.006, x=0.001
2025-12-25 16:54:24 | MainThread   | INFO     | 进度: 326/576 - 完成: target=0.006, x=0.001
2025-12-25 16:54:24 | MainThread   | INFO     | 进度: 327/576 - 完成: target=0.006, x=0.001
2025-12-25 16:54:24 | MainThread   | INFO     | 进度: 328/576 - 完成: target=0.006, x=0.001
2025-12-25 16:54:24 | MainThread   | INFO     | 进度: 329/576 - 完成: target=0.006, x=0.001
2025-12-25 16:54:24 | MainThread   | INFO     | 进度: 330/576 - 完成: target=0.006, x=0.001
2025-12-25 16:54:24 | MainThread   | INFO     | 进度: 57.3% - 剩余时间: 57.2分钟
2025-12-25 16:54:24 | MainThread   | INFO     | 进度: 331/576 - 完成: target=0.006, x=0.001
2025-12-25 16:54:24 | MainThread   | INFO     | 进度: 332/576 - 完成: target=0.006, x=0.001
2025-12-25 16:54:24 | MainThread   | INFO     | 进度: 333/576 - 完成: target=0.006, x=0.001
2025-12-25 16:54:24 | MainThread   | INFO     | 进度: 334/576 - 完成: target=0.006, x=0.001
2025-12-25 16:54:24 | MainThread   | INFO     | 进度: 335/576 - 完成: target=0.006, x=0.001
2025-12-25 16:54:24 | MainThread   | INFO     | 进度: 336/576 - 完成: target=0.006, x=0.001
2025-12-25 16:54:24 | MainThread   | INFO     | 进度: 337/576 - 完成: target=0.006, x=0.001
2025-12-25 16:54:24 | MainThread   | INFO     | 进度: 338/576 - 完成: target=0.006, x=0.001
2025-12-25 16:54:24 | MainThread   | INFO     | 进度: 339/576 - 完成: target=0.006, x=0.001
2025-12-25 16:54:24 | MainThread   | INFO     | 进度: 340/576 - 完成: target=0.006, x=0.001
2025-12-25 16:54:24 | MainThread   | INFO     | 进度: 59.0% - 剩余时间: 53.2分钟
2025-12-25 16:54:24 | MainThread   | INFO     | 进度: 341/576 - 完成: target=0.006, x=0.001
2025-12-25 16:54:54 | MainThread   | INFO     | 进度: 342/576 - 完成: target=0.006, x=0.001
2025-12-25 16:55:09 | MainThread   | INFO     | 进度: 343/576 - 完成: target=0.006, x=0.001
2025-12-25 16:58:54 | MainThread   | INFO     | 进度: 344/576 - 完成: target=0.006, x=0.001
2025-12-25 16:59:31 | MainThread   | INFO     | 进度: 345/576 - 完成: target=0.006, x=0.001
2025-12-25 16:59:52 | MainThread   | INFO     | 进度: 346/576 - 完成: target=0.006, x=0.001
2025-12-25 16:59:56 | MainThread   | INFO     | 进度: 347/576 - 完成: target=0.006, x=0.001
2025-12-25 16:59:57 | MainThread   | INFO     | 进度: 348/576 - 完成: target=0.006, x=0.001
2025-12-25 16:59:58 | MainThread   | INFO     | 进度: 349/576 - 完成: target=0.006, x=0.001
2025-12-25 16:59:58 | MainThread   | INFO     | 进度: 350/576 - 完成: target=0.006, x=0.001
2025-12-25 16:59:58 | MainThread   | INFO     | 进度: 60.8% - 剩余时间: 53.1分钟
2025-12-25 16:59:58 | MainThread   | INFO     | 进度: 351/576 - 完成: target=0.006, x=0.001
2025-12-25 16:59:58 | MainThread   | INFO     | 进度: 352/576 - 完成: target=0.006, x=0.001
2025-12-25 16:59:58 | MainThread   | INFO     | 进度: 353/576 - 完成: target=0.006, x=0.001
2025-12-25 16:59:58 | MainThread   | INFO     | 进度: 354/576 - 完成: target=0.006, x=0.001
2025-12-25 16:59:58 | MainThread   | INFO     | 进度: 355/576 - 完成: target=0.006, x=0.001
2025-12-25 16:59:58 | MainThread   | INFO     | 进度: 356/576 - 完成: target=0.006, x=0.001
2025-12-25 16:59:58 | MainThread   | INFO     | 进度: 357/576 - 完成: target=0.006, x=0.001
2025-12-25 16:59:58 | MainThread   | INFO     | 进度: 358/576 - 完成: target=0.006, x=0.001
2025-12-25 16:59:58 | MainThread   | INFO     | 进度: 359/576 - 完成: target=0.006, x=0.001
2025-12-25 16:59:58 | MainThread   | INFO     | 进度: 360/576 - 完成: target=0.006, x=0.001
2025-12-25 16:59:58 | MainThread   | INFO     | 进度: 62.5% - 剩余时间: 49.4分钟
2025-12-25 16:59:58 | MainThread   | INFO     | 进度: 361/576 - 完成: target=0.006, x=0.002
2025-12-25 16:59:58 | MainThread   | INFO     | 进度: 362/576 - 完成: target=0.006, x=0.002
2025-12-25 16:59:58 | MainThread   | INFO     | 进度: 363/576 - 完成: target=0.006, x=0.002
2025-12-25 16:59:58 | MainThread   | INFO     | 进度: 364/576 - 完成: target=0.006, x=0.002
2025-12-25 16:59:58 | MainThread   | INFO     | 进度: 365/576 - 完成: target=0.006, x=0.002
2025-12-25 16:59:58 | MainThread   | INFO     | 进度: 366/576 - 完成: target=0.006, x=0.002
2025-12-25 16:59:58 | MainThread   | INFO     | 进度: 367/576 - 完成: target=0.006, x=0.002
2025-12-25 17:04:27 | MainThread   | INFO     | 进度: 368/576 - 完成: target=0.006, x=0.002
2025-12-25 17:04:58 | MainThread   | INFO     | 进度: 369/576 - 完成: target=0.006, x=0.002
2025-12-25 17:04:58 | MainThread   | INFO     | 进度: 370/576 - 完成: target=0.006, x=0.002
2025-12-25 17:04:58 | MainThread   | INFO     | 进度: 64.2% - 剩余时间: 48.6分钟
2025-12-25 17:05:05 | MainThread   | INFO     | 进度: 371/576 - 完成: target=0.006, x=0.002
2025-12-25 17:05:59 | MainThread   | INFO     | 进度: 372/576 - 完成: target=0.006, x=0.002
2025-12-25 17:06:02 | MainThread   | INFO     | 进度: 373/576 - 完成: target=0.006, x=0.002
2025-12-25 17:06:02 | MainThread   | INFO     | 进度: 374/576 - 完成: target=0.006, x=0.002
2025-12-25 17:06:02 | MainThread   | INFO     | 进度: 375/576 - 完成: target=0.006, x=0.002
2025-12-25 17:06:02 | MainThread   | INFO     | 进度: 376/576 - 完成: target=0.006, x=0.002
2025-12-25 17:06:02 | MainThread   | INFO     | 进度: 377/576 - 完成: target=0.006, x=0.002
2025-12-25 17:06:02 | MainThread   | INFO     | 进度: 378/576 - 完成: target=0.006, x=0.002
2025-12-25 17:06:02 | MainThread   | INFO     | 进度: 379/576 - 完成: target=0.006, x=0.002
2025-12-25 17:06:02 | MainThread   | INFO     | 进度: 380/576 - 完成: target=0.006, x=0.002
2025-12-25 17:06:02 | MainThread   | INFO     | 进度: 66.0% - 剩余时间: 45.6分钟
2025-12-25 17:06:02 | MainThread   | INFO     | 进度: 381/576 - 完成: target=0.006, x=0.002
2025-12-25 17:06:02 | MainThread   | INFO     | 进度: 382/576 - 完成: target=0.006, x=0.002
2025-12-25 17:06:02 | MainThread   | INFO     | 进度: 383/576 - 完成: target=0.006, x=0.002
2025-12-25 17:06:02 | MainThread   | INFO     | 进度: 384/576 - 完成: target=0.006, x=0.002
2025-12-25 17:06:02 | MainThread   | INFO     | 进度: 385/576 - 完成: target=0.006, x=0.002
2025-12-25 17:06:02 | MainThread   | INFO     | 进度: 386/576 - 完成: target=0.006, x=0.002
2025-12-25 17:06:02 | MainThread   | INFO     | 进度: 387/576 - 完成: target=0.006, x=0.002
2025-12-25 17:06:02 | MainThread   | INFO     | 进度: 388/576 - 完成: target=0.006, x=0.002
2025-12-25 17:06:02 | MainThread   | INFO     | 进度: 389/576 - 完成: target=0.006, x=0.002
2025-12-25 17:06:02 | MainThread   | INFO     | 进度: 390/576 - 完成: target=0.006, x=0.002
2025-12-25 17:06:02 | MainThread   | INFO     | 进度: 67.7% - 剩余时间: 42.1分钟
2025-12-25 17:06:02 | MainThread   | INFO     | 进度: 391/576 - 完成: target=0.006, x=0.002
2025-12-25 17:10:05 | MainThread   | INFO     | 进度: 392/576 - 完成: target=0.006, x=0.002
2025-12-25 17:10:26 | MainThread   | INFO     | 进度: 393/576 - 完成: target=0.006, x=0.002
2025-12-25 17:10:38 | MainThread   | INFO     | 进度: 394/576 - 完成: target=0.006, x=0.002
2025-12-25 17:10:44 | MainThread   | INFO     | 进度: 395/576 - 完成: target=0.006, x=0.002
2025-12-25 17:11:44 | MainThread   | INFO     | 进度: 396/576 - 完成: target=0.006, x=0.002
2025-12-25 17:11:45 | MainThread   | INFO     | 进度: 397/576 - 完成: target=0.006, x=0.002
2025-12-25 17:11:45 | MainThread   | INFO     | 进度: 398/576 - 完成: target=0.006, x=0.002
2025-12-25 17:11:45 | MainThread   | INFO     | 进度: 399/576 - 完成: target=0.006, x=0.002
2025-12-25 17:11:45 | MainThread   | INFO     | 进度: 400/576 - 完成: target=0.006, x=0.002
2025-12-25 17:11:45 | MainThread   | INFO     | 进度: 69.4% - 剩余时间: 41.4分钟
2025-12-25 17:11:45 | MainThread   | INFO     | 进度: 401/576 - 完成: target=0.006, x=0.002
2025-12-25 17:11:45 | MainThread   | INFO     | 进度: 402/576 - 完成: target=0.006, x=0.002
2025-12-25 17:11:45 | MainThread   | INFO     | 进度: 403/576 - 完成: target=0.006, x=0.002
2025-12-25 17:11:45 | MainThread   | INFO     | 进度: 404/576 - 完成: target=0.006, x=0.002
2025-12-25 17:11:45 | MainThread   | INFO     | 进度: 405/576 - 完成: target=0.006, x=0.002
2025-12-25 17:11:45 | MainThread   | INFO     | 进度: 406/576 - 完成: target=0.006, x=0.002
2025-12-25 17:11:45 | MainThread   | INFO     | 进度: 407/576 - 完成: target=0.006, x=0.002
2025-12-25 17:11:45 | MainThread   | INFO     | 进度: 408/576 - 完成: target=0.006, x=0.002
2025-12-25 17:11:45 | MainThread   | INFO     | 进度: 409/576 - 完成: target=0.006, x=0.003
2025-12-25 17:11:45 | MainThread   | INFO     | 进度: 410/576 - 完成: target=0.006, x=0.003
2025-12-25 17:11:45 | MainThread   | INFO     | 进度: 71.2% - 剩余时间: 38.1分钟
2025-12-25 17:11:45 | MainThread   | INFO     | 进度: 411/576 - 完成: target=0.006, x=0.003
2025-12-25 17:11:45 | MainThread   | INFO     | 进度: 412/576 - 完成: target=0.006, x=0.003
2025-12-25 17:11:45 | MainThread   | INFO     | 进度: 413/576 - 完成: target=0.006, x=0.003
2025-12-25 17:11:45 | MainThread   | INFO     | 进度: 414/576 - 完成: target=0.006, x=0.003
2025-12-25 17:11:45 | MainThread   | INFO     | 进度: 415/576 - 完成: target=0.006, x=0.003
2025-12-25 17:14:36 | MainThread   | INFO     | 进度: 416/576 - 完成: target=0.006, x=0.003
2025-12-25 17:14:43 | MainThread   | INFO     | 进度: 417/576 - 完成: target=0.006, x=0.003
2025-12-25 17:14:43 | MainThread   | INFO     | 进度: 418/576 - 完成: target=0.006, x=0.003
2025-12-25 17:14:43 | MainThread   | INFO     | 进度: 419/576 - 完成: target=0.006, x=0.003
2025-12-25 17:14:57 | MainThread   | INFO     | 进度: 420/576 - 完成: target=0.006, x=0.003
2025-12-25 17:14:57 | MainThread   | INFO     | 进度: 72.9% - 剩余时间: 36.1分钟
2025-12-25 17:15:08 | MainThread   | INFO     | 进度: 421/576 - 完成: target=0.006, x=0.003
2025-12-25 17:15:08 | MainThread   | INFO     | 进度: 422/576 - 完成: target=0.006, x=0.003
2025-12-25 17:15:08 | MainThread   | INFO     | 进度: 423/576 - 完成: target=0.006, x=0.003
2025-12-25 17:15:12 | MainThread   | INFO     | 进度: 424/576 - 完成: target=0.006, x=0.003
2025-12-25 17:15:12 | MainThread   | INFO     | 进度: 425/576 - 完成: target=0.006, x=0.003
2025-12-25 17:15:12 | MainThread   | INFO     | 进度: 426/576 - 完成: target=0.006, x=0.003
2025-12-25 17:15:12 | MainThread   | INFO     | 进度: 427/576 - 完成: target=0.006, x=0.003
2025-12-25 17:15:12 | MainThread   | INFO     | 进度: 428/576 - 完成: target=0.006, x=0.003
2025-12-25 17:15:12 | MainThread   | INFO     | 进度: 429/576 - 完成: target=0.006, x=0.003
2025-12-25 17:15:12 | MainThread   | INFO     | 进度: 430/576 - 完成: target=0.006, x=0.003
2025-12-25 17:15:12 | MainThread   | INFO     | 进度: 74.7% - 剩余时间: 33.1分钟
2025-12-25 17:15:12 | MainThread   | INFO     | 进度: 431/576 - 完成: target=0.006, x=0.003
2025-12-25 17:15:12 | MainThread   | INFO     | 进度: 432/576 - 完成: target=0.006, x=0.003
2025-12-25 17:15:12 | MainThread   | INFO     | 进度: 433/576 - 完成: target=0.006, x=0.003
2025-12-25 17:15:12 | MainThread   | INFO     | 进度: 434/576 - 完成: target=0.006, x=0.003
2025-12-25 17:15:12 | MainThread   | INFO     | 进度: 435/576 - 完成: target=0.006, x=0.003
2025-12-25 17:15:12 | MainThread   | INFO     | 进度: 436/576 - 完成: target=0.006, x=0.003
2025-12-25 17:15:12 | MainThread   | INFO     | 进度: 437/576 - 完成: target=0.006, x=0.003
2025-12-25 17:15:30 | MainThread   | INFO     | 进度: 438/576 - 完成: target=0.006, x=0.003
2025-12-25 17:15:30 | MainThread   | INFO     | 进度: 439/576 - 完成: target=0.006, x=0.003
2025-12-25 17:19:58 | MainThread   | INFO     | 进度: 440/576 - 完成: target=0.006, x=0.003
2025-12-25 17:19:58 | MainThread   | INFO     | 进度: 76.4% - 剩余时间: 31.6分钟
2025-12-25 17:20:14 | MainThread   | INFO     | 进度: 441/576 - 完成: target=0.006, x=0.003
2025-12-25 17:20:14 | MainThread   | INFO     | 进度: 442/576 - 完成: target=0.006, x=0.003
2025-12-25 17:20:14 | MainThread   | INFO     | 进度: 443/576 - 完成: target=0.006, x=0.003
2025-12-25 17:20:14 | MainThread   | INFO     | 进度: 444/576 - 完成: target=0.006, x=0.003
2025-12-25 17:20:15 | MainThread   | INFO     | 进度: 445/576 - 完成: target=0.006, x=0.003
2025-12-25 17:20:15 | MainThread   | INFO     | 进度: 446/576 - 完成: target=0.006, x=0.003
2025-12-25 17:20:15 | MainThread   | INFO     | 进度: 447/576 - 完成: target=0.006, x=0.003
2025-12-25 17:20:15 | MainThread   | INFO     | 进度: 448/576 - 完成: target=0.006, x=0.003
2025-12-25 17:20:15 | MainThread   | INFO     | 进度: 449/576 - 完成: target=0.006, x=0.003
2025-12-25 17:20:15 | MainThread   | INFO     | 进度: 450/576 - 完成: target=0.006, x=0.003
2025-12-25 17:20:15 | MainThread   | INFO     | 进度: 78.1% - 剩余时间: 28.7分钟
2025-12-25 17:20:15 | MainThread   | INFO     | 进度: 451/576 - 完成: target=0.006, x=0.003
2025-12-25 17:20:15 | MainThread   | INFO     | 进度: 452/576 - 完成: target=0.006, x=0.003
2025-12-25 17:20:15 | MainThread   | INFO     | 进度: 453/576 - 完成: target=0.006, x=0.003
2025-12-25 17:20:15 | MainThread   | INFO     | 进度: 454/576 - 完成: target=0.006, x=0.003
2025-12-25 17:20:15 | MainThread   | INFO     | 进度: 455/576 - 完成: target=0.006, x=0.003
2025-12-25 17:20:15 | MainThread   | INFO     | 进度: 456/576 - 完成: target=0.006, x=0.003
2025-12-25 17:20:15 | MainThread   | INFO     | 进度: 457/576 - 完成: target=0.006, x=0.004
2025-12-25 17:20:15 | MainThread   | INFO     | 进度: 458/576 - 完成: target=0.006, x=0.004
2025-12-25 17:20:15 | MainThread   | INFO     | 进度: 459/576 - 完成: target=0.006, x=0.004
2025-12-25 17:20:15 | MainThread   | INFO     | 进度: 460/576 - 完成: target=0.006, x=0.004
2025-12-25 17:20:15 | MainThread   | INFO     | 进度: 79.9% - 剩余时间: 25.9分钟
2025-12-25 17:20:15 | MainThread   | INFO     | 进度: 461/576 - 完成: target=0.006, x=0.004
2025-12-25 17:20:15 | MainThread   | INFO     | 进度: 462/576 - 完成: target=0.006, x=0.004
2025-12-25 17:20:15 | MainThread   | INFO     | 进度: 463/576 - 完成: target=0.006, x=0.004
2025-12-25 17:22:56 | MainThread   | INFO     | 进度: 464/576 - 完成: target=0.006, x=0.004
2025-12-25 17:22:57 | MainThread   | INFO     | 进度: 465/576 - 完成: target=0.006, x=0.004
2025-12-25 17:23:34 | MainThread   | INFO     | 进度: 466/576 - 完成: target=0.006, x=0.004
2025-12-25 17:23:34 | MainThread   | INFO     | 进度: 467/576 - 完成: target=0.006, x=0.004
2025-12-25 17:23:34 | MainThread   | INFO     | 进度: 468/576 - 完成: target=0.006, x=0.004
2025-12-25 17:23:34 | MainThread   | INFO     | 进度: 469/576 - 完成: target=0.006, x=0.004
2025-12-25 17:24:18 | MainThread   | INFO     | 进度: 470/576 - 完成: target=0.006, x=0.004
2025-12-25 17:24:18 | MainThread   | INFO     | 进度: 81.6% - 剩余时间: 24.0分钟
2025-12-25 17:24:20 | MainThread   | INFO     | 进度: 471/576 - 完成: target=0.006, x=0.004
2025-12-25 17:24:20 | MainThread   | INFO     | 进度: 472/576 - 完成: target=0.006, x=0.004
2025-12-25 17:24:20 | MainThread   | INFO     | 进度: 473/576 - 完成: target=0.006, x=0.004
2025-12-25 17:24:20 | MainThread   | INFO     | 进度: 474/576 - 完成: target=0.006, x=0.004
2025-12-25 17:24:20 | MainThread   | INFO     | 进度: 475/576 - 完成: target=0.006, x=0.004
2025-12-25 17:24:20 | MainThread   | INFO     | 进度: 476/576 - 完成: target=0.006, x=0.004
2025-12-25 17:24:20 | MainThread   | INFO     | 进度: 477/576 - 完成: target=0.006, x=0.004
2025-12-25 17:24:20 | MainThread   | INFO     | 进度: 478/576 - 完成: target=0.006, x=0.004
2025-12-25 17:24:20 | MainThread   | INFO     | 进度: 479/576 - 完成: target=0.006, x=0.004
2025-12-25 17:24:20 | MainThread   | INFO     | 进度: 480/576 - 完成: target=0.006, x=0.004
2025-12-25 17:24:20 | MainThread   | INFO     | 进度: 83.3% - 剩余时间: 21.3分钟
2025-12-25 17:24:20 | MainThread   | INFO     | 进度: 481/576 - 完成: target=0.006, x=0.004
2025-12-25 17:24:20 | MainThread   | INFO     | 进度: 482/576 - 完成: target=0.006, x=0.004
2025-12-25 17:24:20 | MainThread   | INFO     | 进度: 483/576 - 完成: target=0.006, x=0.004
2025-12-25 17:24:20 | MainThread   | INFO     | 进度: 484/576 - 完成: target=0.006, x=0.004
2025-12-25 17:24:20 | MainThread   | INFO     | 进度: 485/576 - 完成: target=0.006, x=0.004
2025-12-25 17:24:20 | MainThread   | INFO     | 进度: 486/576 - 完成: target=0.006, x=0.004
2025-12-25 17:24:20 | MainThread   | INFO     | 进度: 487/576 - 完成: target=0.006, x=0.004
2025-12-25 17:27:46 | MainThread   | INFO     | 进度: 488/576 - 完成: target=0.006, x=0.004
2025-12-25 17:27:47 | MainThread   | INFO     | 进度: 489/576 - 完成: target=0.006, x=0.004
2025-12-25 17:28:21 | MainThread   | INFO     | 进度: 490/576 - 完成: target=0.006, x=0.004
2025-12-25 17:28:21 | MainThread   | INFO     | 进度: 85.1% - 剩余时间: 19.4分钟
2025-12-25 17:28:32 | MainThread   | INFO     | 进度: 491/576 - 完成: target=0.006, x=0.004
2025-12-25 17:28:32 | MainThread   | INFO     | 进度: 492/576 - 完成: target=0.006, x=0.004
2025-12-25 17:28:32 | MainThread   | INFO     | 进度: 493/576 - 完成: target=0.006, x=0.004
2025-12-25 17:28:52 | MainThread   | INFO     | 进度: 494/576 - 完成: target=0.006, x=0.004
2025-12-25 17:28:54 | MainThread   | INFO     | 进度: 495/576 - 完成: target=0.006, x=0.004
2025-12-25 17:28:54 | MainThread   | INFO     | 进度: 496/576 - 完成: target=0.006, x=0.004
2025-12-25 17:28:54 | MainThread   | INFO     | 进度: 497/576 - 完成: target=0.006, x=0.004
2025-12-25 17:28:54 | MainThread   | INFO     | 进度: 498/576 - 完成: target=0.006, x=0.004
2025-12-25 17:28:54 | MainThread   | INFO     | 进度: 499/576 - 完成: target=0.006, x=0.004
2025-12-25 17:28:54 | MainThread   | INFO     | 进度: 500/576 - 完成: target=0.006, x=0.004
2025-12-25 17:28:54 | MainThread   | INFO     | 进度: 86.8% - 剩余时间: 16.9分钟
2025-12-25 17:28:54 | MainThread   | INFO     | 进度: 501/576 - 完成: target=0.006, x=0.004
2025-12-25 17:28:54 | MainThread   | INFO     | 进度: 502/576 - 完成: target=0.006, x=0.004
2025-12-25 17:28:54 | MainThread   | INFO     | 进度: 503/576 - 完成: target=0.006, x=0.004
2025-12-25 17:28:54 | MainThread   | INFO     | 进度: 504/576 - 完成: target=0.006, x=0.004
2025-12-25 17:28:54 | MainThread   | INFO     | 进度: 505/576 - 完成: target=0.006, x=0.005
2025-12-25 17:28:54 | MainThread   | INFO     | 进度: 506/576 - 完成: target=0.006, x=0.005
2025-12-25 17:28:54 | MainThread   | INFO     | 进度: 507/576 - 完成: target=0.006, x=0.005
2025-12-25 17:28:54 | MainThread   | INFO     | 进度: 508/576 - 完成: target=0.006, x=0.005
2025-12-25 17:28:54 | MainThread   | INFO     | 进度: 509/576 - 完成: target=0.006, x=0.005
2025-12-25 17:28:54 | MainThread   | INFO     | 进度: 510/576 - 完成: target=0.006, x=0.005
2025-12-25 17:28:54 | MainThread   | INFO     | 进度: 88.5% - 剩余时间: 14.4分钟
2025-12-25 17:28:54 | MainThread   | INFO     | 进度: 511/576 - 完成: target=0.006, x=0.005
2025-12-25 17:29:38 | MainThread   | INFO     | 进度: 512/576 - 完成: target=0.006, x=0.005
2025-12-25 17:29:50 | MainThread   | INFO     | 进度: 513/576 - 完成: target=0.006, x=0.005
2025-12-25 17:31:22 | MainThread   | INFO     | 进度: 514/576 - 完成: target=0.006, x=0.005
2025-12-25 17:31:28 | MainThread   | INFO     | 进度: 515/576 - 完成: target=0.006, x=0.005
2025-12-25 17:32:18 | MainThread   | INFO     | 进度: 516/576 - 完成: target=0.006, x=0.005
2025-12-25 17:32:24 | MainThread   | INFO     | 进度: 517/576 - 完成: target=0.006, x=0.005
2025-12-25 17:32:24 | MainThread   | INFO     | 进度: 518/576 - 完成: target=0.006, x=0.005
2025-12-25 17:32:24 | MainThread   | INFO     | 进度: 519/576 - 完成: target=0.006, x=0.005
2025-12-25 17:32:24 | MainThread   | INFO     | 进度: 520/576 - 完成: target=0.006, x=0.005
2025-12-25 17:32:24 | MainThread   | INFO     | 进度: 90.3% - 剩余时间: 12.4分钟
2025-12-25 17:32:24 | MainThread   | INFO     | 进度: 521/576 - 完成: target=0.006, x=0.005
2025-12-25 17:32:24 | MainThread   | INFO     | 进度: 522/576 - 完成: target=0.006, x=0.005
2025-12-25 17:32:24 | MainThread   | INFO     | 进度: 523/576 - 完成: target=0.006, x=0.005
2025-12-25 17:32:24 | MainThread   | INFO     | 进度: 524/576 - 完成: target=0.006, x=0.005
2025-12-25 17:32:24 | MainThread   | INFO     | 进度: 525/576 - 完成: target=0.006, x=0.005
2025-12-25 17:32:24 | MainThread   | INFO     | 进度: 526/576 - 完成: target=0.006, x=0.005
2025-12-25 17:32:24 | MainThread   | INFO     | 进度: 527/576 - 完成: target=0.006, x=0.005
2025-12-25 17:32:24 | MainThread   | INFO     | 进度: 528/576 - 完成: target=0.006, x=0.005
2025-12-25 17:32:24 | MainThread   | INFO     | 进度: 529/576 - 完成: target=0.006, x=0.005
2025-12-25 17:32:24 | MainThread   | INFO     | 进度: 530/576 - 完成: target=0.006, x=0.005
2025-12-25 17:32:24 | MainThread   | INFO     | 进度: 92.0% - 剩余时间: 10.0分钟
2025-12-25 17:32:24 | MainThread   | INFO     | 进度: 531/576 - 完成: target=0.006, x=0.005
2025-12-25 17:32:24 | MainThread   | INFO     | 进度: 532/576 - 完成: target=0.006, x=0.005
2025-12-25 17:32:24 | MainThread   | INFO     | 进度: 533/576 - 完成: target=0.006, x=0.005
2025-12-25 17:32:32 | MainThread   | INFO     | 进度: 534/576 - 完成: target=0.006, x=0.005
2025-12-25 17:32:35 | MainThread   | INFO     | 进度: 535/576 - 完成: target=0.006, x=0.005
2025-12-25 17:33:03 | MainThread   | INFO     | 进度: 536/576 - 完成: target=0.006, x=0.005
2025-12-25 17:33:17 | MainThread   | INFO     | 进度: 537/576 - 完成: target=0.006, x=0.005
2025-12-25 17:35:08 | MainThread   | INFO     | 进度: 538/576 - 完成: target=0.006, x=0.005
2025-12-25 17:35:13 | MainThread   | INFO     | 进度: 539/576 - 完成: target=0.006, x=0.005
2025-12-25 17:35:58 | MainThread   | INFO     | 进度: 540/576 - 完成: target=0.006, x=0.005
2025-12-25 17:35:58 | MainThread   | INFO     | 进度: 93.8% - 剩余时间: 7.9分钟
2025-12-25 17:35:58 | MainThread   | INFO     | 进度: 541/576 - 完成: target=0.006, x=0.005
2025-12-25 17:35:58 | MainThread   | INFO     | 进度: 542/576 - 完成: target=0.006, x=0.005
2025-12-25 17:35:58 | MainThread   | INFO     | 进度: 543/576 - 完成: target=0.006, x=0.005
2025-12-25 17:35:58 | MainThread   | INFO     | 进度: 544/576 - 完成: target=0.006, x=0.005
2025-12-25 17:35:58 | MainThread   | INFO     | 进度: 545/576 - 完成: target=0.006, x=0.005
2025-12-25 17:35:58 | MainThread   | INFO     | 进度: 546/576 - 完成: target=0.006, x=0.005
2025-12-25 17:35:58 | MainThread   | INFO     | 进度: 547/576 - 完成: target=0.006, x=0.005
2025-12-25 17:35:58 | MainThread   | INFO     | 进度: 548/576 - 完成: target=0.006, x=0.005
2025-12-25 17:35:58 | MainThread   | INFO     | 进度: 549/576 - 完成: target=0.006, x=0.005
2025-12-25 17:35:58 | MainThread   | INFO     | 进度: 550/576 - 完成: target=0.006, x=0.005
2025-12-25 17:35:58 | MainThread   | INFO     | 进度: 95.5% - 剩余时间: 5.6分钟
2025-12-25 17:35:58 | MainThread   | INFO     | 进度: 551/576 - 完成: target=0.006, x=0.005
2025-12-25 17:35:58 | MainThread   | INFO     | 进度: 552/576 - 完成: target=0.006, x=0.005
2025-12-25 17:35:58 | MainThread   | INFO     | 进度: 553/576 - 完成: target=0.006, x=0.006
2025-12-25 17:35:58 | MainThread   | INFO     | 进度: 554/576 - 完成: target=0.006, x=0.006
2025-12-25 17:35:58 | MainThread   | INFO     | 进度: 555/576 - 完成: target=0.006, x=0.006
2025-12-25 17:35:58 | MainThread   | INFO     | 进度: 556/576 - 完成: target=0.006, x=0.006
2025-12-25 17:35:58 | MainThread   | INFO     | 进度: 557/576 - 完成: target=0.006, x=0.006
2025-12-25 17:35:58 | MainThread   | INFO     | 进度: 558/576 - 完成: target=0.006, x=0.006
2025-12-25 17:35:58 | MainThread   | INFO     | 进度: 559/576 - 完成: target=0.006, x=0.006
2025-12-25 17:37:02 | MainThread   | INFO     | 进度: 560/576 - 完成: target=0.006, x=0.006
2025-12-25 17:37:02 | MainThread   | INFO     | 进度: 97.2% - 剩余时间: 3.4分钟
2025-12-25 17:37:13 | MainThread   | INFO     | 进度: 561/576 - 完成: target=0.006, x=0.006
2025-12-25 17:38:27 | MainThread   | INFO     | 进度: 562/576 - 完成: target=0.006, x=0.006
2025-12-25 17:38:34 | MainThread   | INFO     | 进度: 563/576 - 完成: target=0.006, x=0.006
2025-12-25 17:38:34 | MainThread   | INFO     | 进度: 564/576 - 完成: target=0.006, x=0.006
2025-12-25 17:38:34 | MainThread   | INFO     | 进度: 565/576 - 完成: target=0.006, x=0.006
2025-12-25 17:38:34 | MainThread   | INFO     | 进度: 566/576 - 完成: target=0.006, x=0.006
2025-12-25 17:38:34 | MainThread   | INFO     | 进度: 567/576 - 完成: target=0.006, x=0.006
2025-12-25 17:38:34 | MainThread   | INFO     | 进度: 568/576 - 完成: target=0.006, x=0.006
2025-12-25 17:38:34 | MainThread   | INFO     | 进度: 569/576 - 完成: target=0.006, x=0.006
2025-12-25 17:38:34 | MainThread   | INFO     | 进度: 570/576 - 完成: target=0.006, x=0.006
2025-12-25 17:38:34 | MainThread   | INFO     | 进度: 99.0% - 剩余时间: 1.3分钟
2025-12-25 17:38:34 | MainThread   | INFO     | 进度: 571/576 - 完成: target=0.006, x=0.006
2025-12-25 17:38:34 | MainThread   | INFO     | 进度: 572/576 - 完成: target=0.006, x=0.006
2025-12-25 17:38:34 | MainThread   | INFO     | 进度: 573/576 - 完成: target=0.006, x=0.006
2025-12-25 17:38:34 | MainThread   | INFO     | 进度: 574/576 - 完成: target=0.006, x=0.006
2025-12-25 17:38:34 | MainThread   | INFO     | 进度: 575/576 - 完成: target=0.006, x=0.006
2025-12-25 17:38:34 | MainThread   | INFO     | 进度: 576/576 - 完成: target=0.006, x=0.006
2025-12-25 17:38:34 | MainThread   | INFO     | 
============================================================
2025-12-25 17:38:34 | MainThread   | INFO     | 模拟总结:
2025-12-25 17:38:34 | MainThread   | INFO     | 总任务: 576 | 完成: 576 | 成功: 576 | 失败: 0
2025-12-25 17:38:34 | MainThread   | INFO     | 耗时: 120.86分钟 | 平均/任务: 12.59秒
2025-12-25 17:38:34 | MainThread   | INFO     | 数据已保存至: D:\code\magsim\4-scripts\response\simulation_results
2025-12-25 17:38:34 | MainThread   | INFO     | 程序退出
